device = cuda:0
vocab = #10607
train_set = #10000
val_set = #4847

Started Training Model

--------------------------------------------------
time: 1.38s, epoch: 1
train acc: 9.55, train loss: 3.62
val acc: 10.44, val loss: 3.60

Best Accuracy = 10.44 % at Epoch-1
Saving model after best epoch-1
--------------------------------------------------
time: 1.33s, epoch: 2
train acc: 11.25, train loss: 3.61
val acc: 20.24, val loss: 3.61

Best Accuracy = 20.24 % at Epoch-2
Saving model after best epoch-2
--------------------------------------------------
time: 1.33s, epoch: 3
train acc: 12.54, train loss: 3.61
val acc: 26.78, val loss: 3.59

Best Accuracy = 26.78 % at Epoch-3
Saving model after best epoch-3
--------------------------------------------------
time: 1.33s, epoch: 4
train acc: 14.49, train loss: 3.60
val acc: 5.88, val loss: 3.60
--------------------------------------------------
time: 1.33s, epoch: 5
train acc: 17.25, train loss: 3.60
val acc: 19.06, val loss: 3.60
--------------------------------------------------
time: 1.33s, epoch: 6
train acc: 20.29, train loss: 3.60
val acc: 13.18, val loss: 3.60
--------------------------------------------------
time: 1.33s, epoch: 7
train acc: 20.78, train loss: 3.59
val acc: 16.17, val loss: 3.59
--------------------------------------------------
time: 1.33s, epoch: 8
train acc: 21.24, train loss: 3.59
val acc: 31.88, val loss: 3.57

Best Accuracy = 31.88 % at Epoch-8
Saving model after best epoch-8
--------------------------------------------------
time: 1.33s, epoch: 9
train acc: 24.33, train loss: 3.58
val acc: 30.70, val loss: 3.57
--------------------------------------------------
time: 1.33s, epoch: 10
train acc: 26.10, train loss: 3.57
val acc: 37.73, val loss: 3.57

Best Accuracy = 37.73 % at Epoch-10
Saving model after best epoch-10
--------------------------------------------------
time: 1.33s, epoch: 11
train acc: 28.16, train loss: 3.57
val acc: 19.02, val loss: 3.58
--------------------------------------------------
time: 1.33s, epoch: 12
train acc: 27.51, train loss: 3.56
val acc: 28.95, val loss: 3.56
--------------------------------------------------
time: 1.33s, epoch: 13
train acc: 29.22, train loss: 3.55
val acc: 38.46, val loss: 3.54

Best Accuracy = 38.46 % at Epoch-13
Saving model after best epoch-13
--------------------------------------------------
time: 1.33s, epoch: 14
train acc: 31.78, train loss: 3.54
val acc: 43.14, val loss: 3.53

Best Accuracy = 43.14 % at Epoch-14
Saving model after best epoch-14
--------------------------------------------------
time: 1.33s, epoch: 15
train acc: 32.37, train loss: 3.52
val acc: 31.09, val loss: 3.53
--------------------------------------------------
time: 1.33s, epoch: 16
train acc: 33.37, train loss: 3.51
val acc: 29.63, val loss: 3.51
--------------------------------------------------
time: 1.33s, epoch: 17
train acc: 32.80, train loss: 3.49
val acc: 38.29, val loss: 3.48
--------------------------------------------------
time: 1.33s, epoch: 18
train acc: 33.49, train loss: 3.47
val acc: 34.21, val loss: 3.47
--------------------------------------------------
time: 1.33s, epoch: 19
train acc: 35.02, train loss: 3.45
val acc: 34.37, val loss: 3.45
--------------------------------------------------
time: 1.33s, epoch: 20
train acc: 33.36, train loss: 3.42
val acc: 34.39, val loss: 3.41
--------------------------------------------------
time: 1.33s, epoch: 21
train acc: 33.74, train loss: 3.38
val acc: 34.10, val loss: 3.38
--------------------------------------------------
time: 1.33s, epoch: 22
train acc: 34.81, train loss: 3.34
val acc: 34.00, val loss: 3.33
--------------------------------------------------
time: 1.33s, epoch: 23
train acc: 34.04, train loss: 3.29
val acc: 35.61, val loss: 3.29
--------------------------------------------------
time: 1.33s, epoch: 24
train acc: 34.43, train loss: 3.24
val acc: 38.68, val loss: 3.23
--------------------------------------------------
time: 1.33s, epoch: 25
train acc: 36.23, train loss: 3.18
val acc: 38.04, val loss: 3.19
--------------------------------------------------
time: 1.33s, epoch: 26
train acc: 36.01, train loss: 3.13
val acc: 40.91, val loss: 3.13
--------------------------------------------------
time: 1.33s, epoch: 27
train acc: 37.27, train loss: 3.08
val acc: 38.06, val loss: 3.08
--------------------------------------------------
time: 1.33s, epoch: 28
train acc: 37.12, train loss: 3.02
val acc: 40.56, val loss: 3.04
--------------------------------------------------
time: 1.33s, epoch: 29
train acc: 38.24, train loss: 2.98
val acc: 39.08, val loss: 3.01
--------------------------------------------------
time: 1.33s, epoch: 30
train acc: 38.98, train loss: 2.93
val acc: 38.75, val loss: 2.96
--------------------------------------------------
time: 1.33s, epoch: 31
train acc: 39.17, train loss: 2.89
val acc: 41.63, val loss: 2.91
--------------------------------------------------
time: 1.33s, epoch: 32
train acc: 39.69, train loss: 2.85
val acc: 42.34, val loss: 2.88
--------------------------------------------------
time: 1.33s, epoch: 33
train acc: 40.72, train loss: 2.82
val acc: 43.20, val loss: 2.85

Best Accuracy = 43.20 % at Epoch-33
Saving model after best epoch-33
--------------------------------------------------
time: 1.33s, epoch: 34
train acc: 40.94, train loss: 2.78
val acc: 43.57, val loss: 2.81

Best Accuracy = 43.57 % at Epoch-34
Saving model after best epoch-34
--------------------------------------------------
time: 1.33s, epoch: 35
train acc: 41.28, train loss: 2.75
val acc: 43.57, val loss: 2.78
--------------------------------------------------
time: 1.33s, epoch: 36
train acc: 41.82, train loss: 2.72
val acc: 44.83, val loss: 2.74

Best Accuracy = 44.83 % at Epoch-36
Saving model after best epoch-36
--------------------------------------------------
time: 1.33s, epoch: 37
train acc: 42.26, train loss: 2.69
val acc: 44.60, val loss: 2.73
--------------------------------------------------
time: 1.33s, epoch: 38
train acc: 43.23, train loss: 2.66
val acc: 45.33, val loss: 2.70

Best Accuracy = 45.33 % at Epoch-38
Saving model after best epoch-38
--------------------------------------------------
time: 1.33s, epoch: 39
train acc: 43.40, train loss: 2.63
val acc: 44.65, val loss: 2.68
--------------------------------------------------
time: 1.32s, epoch: 40
train acc: 44.14, train loss: 2.60
val acc: 46.46, val loss: 2.64

Best Accuracy = 46.46 % at Epoch-40
Saving model after best epoch-40
--------------------------------------------------
time: 1.33s, epoch: 41
train acc: 44.39, train loss: 2.57
val acc: 46.87, val loss: 2.61

Best Accuracy = 46.87 % at Epoch-41
Saving model after best epoch-41
--------------------------------------------------
time: 1.33s, epoch: 42
train acc: 45.37, train loss: 2.55
val acc: 47.70, val loss: 2.58

Best Accuracy = 47.70 % at Epoch-42
Saving model after best epoch-42
--------------------------------------------------
time: 1.33s, epoch: 43
train acc: 45.41, train loss: 2.52
val acc: 48.50, val loss: 2.55

Best Accuracy = 48.50 % at Epoch-43
Saving model after best epoch-43
--------------------------------------------------
time: 1.33s, epoch: 44
train acc: 45.92, train loss: 2.50
val acc: 48.52, val loss: 2.54

Best Accuracy = 48.52 % at Epoch-44
Saving model after best epoch-44
--------------------------------------------------
time: 1.33s, epoch: 45
train acc: 46.54, train loss: 2.48
val acc: 48.73, val loss: 2.51

Best Accuracy = 48.73 % at Epoch-45
Saving model after best epoch-45
--------------------------------------------------
time: 1.33s, epoch: 46
train acc: 46.57, train loss: 2.45
val acc: 49.49, val loss: 2.48

Best Accuracy = 49.49 % at Epoch-46
Saving model after best epoch-46
--------------------------------------------------
time: 1.33s, epoch: 47
train acc: 47.31, train loss: 2.43
val acc: 49.76, val loss: 2.46

Best Accuracy = 49.76 % at Epoch-47
Saving model after best epoch-47
--------------------------------------------------
time: 1.33s, epoch: 48
train acc: 47.75, train loss: 2.41
val acc: 50.38, val loss: 2.44

Best Accuracy = 50.38 % at Epoch-48
Saving model after best epoch-48
--------------------------------------------------
time: 1.33s, epoch: 49
train acc: 47.47, train loss: 2.39
val acc: 50.48, val loss: 2.42

Best Accuracy = 50.48 % at Epoch-49
Saving model after best epoch-49
--------------------------------------------------
time: 1.33s, epoch: 50
train acc: 48.73, train loss: 2.37
val acc: 51.10, val loss: 2.40

Best Accuracy = 51.10 % at Epoch-50
Saving model after best epoch-50
--------------------------------------------------
time: 1.33s, epoch: 51
train acc: 48.79, train loss: 2.35
val acc: 50.48, val loss: 2.39
--------------------------------------------------
time: 1.33s, epoch: 52
train acc: 48.97, train loss: 2.33
val acc: 51.91, val loss: 2.36

Best Accuracy = 51.91 % at Epoch-52
Saving model after best epoch-52
--------------------------------------------------
time: 1.33s, epoch: 53
train acc: 49.18, train loss: 2.32
val acc: 51.87, val loss: 2.36
--------------------------------------------------
time: 1.33s, epoch: 54
train acc: 49.52, train loss: 2.30
val acc: 52.51, val loss: 2.32

Best Accuracy = 52.51 % at Epoch-54
Saving model after best epoch-54
--------------------------------------------------
time: 1.33s, epoch: 55
train acc: 49.63, train loss: 2.28
val acc: 53.29, val loss: 2.31

Best Accuracy = 53.29 % at Epoch-55
Saving model after best epoch-55
--------------------------------------------------
time: 1.33s, epoch: 56
train acc: 50.21, train loss: 2.27
val acc: 53.04, val loss: 2.30
--------------------------------------------------
time: 1.33s, epoch: 57
train acc: 50.57, train loss: 2.25
val acc: 53.19, val loss: 2.27
--------------------------------------------------
time: 1.33s, epoch: 58
train acc: 50.53, train loss: 2.23
val acc: 53.48, val loss: 2.27

Best Accuracy = 53.48 % at Epoch-58
Saving model after best epoch-58
--------------------------------------------------
time: 1.33s, epoch: 59
train acc: 50.94, train loss: 2.22
val acc: 53.93, val loss: 2.24

Best Accuracy = 53.93 % at Epoch-59
Saving model after best epoch-59
--------------------------------------------------
time: 1.33s, epoch: 60
train acc: 50.72, train loss: 2.21
val acc: 53.54, val loss: 2.24
--------------------------------------------------
time: 1.33s, epoch: 61
train acc: 51.01, train loss: 2.20
val acc: 53.62, val loss: 2.22
--------------------------------------------------
time: 1.33s, epoch: 62
train acc: 51.69, train loss: 2.18
val acc: 54.40, val loss: 2.20

Best Accuracy = 54.40 % at Epoch-62
Saving model after best epoch-62
--------------------------------------------------
time: 1.33s, epoch: 63
train acc: 51.93, train loss: 2.17
val acc: 54.40, val loss: 2.20
--------------------------------------------------
time: 1.33s, epoch: 64
train acc: 52.04, train loss: 2.16
val acc: 54.26, val loss: 2.18
--------------------------------------------------
time: 1.33s, epoch: 65
train acc: 52.02, train loss: 2.15
val acc: 54.40, val loss: 2.17
--------------------------------------------------
time: 1.33s, epoch: 66
train acc: 52.55, train loss: 2.15
val acc: 54.30, val loss: 2.17
--------------------------------------------------
time: 1.33s, epoch: 67
train acc: 52.53, train loss: 2.12
val acc: 54.80, val loss: 2.15

Best Accuracy = 54.80 % at Epoch-67
Saving model after best epoch-67
--------------------------------------------------
time: 1.33s, epoch: 68
train acc: 52.70, train loss: 2.12
val acc: 54.94, val loss: 2.14

Best Accuracy = 54.94 % at Epoch-68
Saving model after best epoch-68
--------------------------------------------------
time: 1.33s, epoch: 69
train acc: 52.77, train loss: 2.11
val acc: 55.21, val loss: 2.12

Best Accuracy = 55.21 % at Epoch-69
Saving model after best epoch-69
--------------------------------------------------
time: 1.33s, epoch: 70
train acc: 53.11, train loss: 2.11
val acc: 55.33, val loss: 2.12

Best Accuracy = 55.33 % at Epoch-70
Saving model after best epoch-70
--------------------------------------------------
time: 1.33s, epoch: 71
train acc: 53.22, train loss: 2.09
val acc: 55.13, val loss: 2.12
--------------------------------------------------
time: 1.33s, epoch: 72
train acc: 53.62, train loss: 2.09
val acc: 55.66, val loss: 2.10

Best Accuracy = 55.66 % at Epoch-72
Saving model after best epoch-72
--------------------------------------------------
time: 1.33s, epoch: 73
train acc: 54.06, train loss: 2.08
val acc: 56.03, val loss: 2.09

Best Accuracy = 56.03 % at Epoch-73
Saving model after best epoch-73
--------------------------------------------------
time: 1.33s, epoch: 74
train acc: 53.68, train loss: 2.07
val acc: 56.16, val loss: 2.09

Best Accuracy = 56.16 % at Epoch-74
Saving model after best epoch-74
--------------------------------------------------
time: 1.33s, epoch: 75
train acc: 54.28, train loss: 2.06
val acc: 56.08, val loss: 2.07
--------------------------------------------------
time: 1.33s, epoch: 76
train acc: 54.25, train loss: 2.05
val acc: 56.06, val loss: 2.07
--------------------------------------------------
time: 1.33s, epoch: 77
train acc: 54.39, train loss: 2.05
val acc: 56.32, val loss: 2.07

Best Accuracy = 56.32 % at Epoch-77
Saving model after best epoch-77
--------------------------------------------------
time: 1.33s, epoch: 78
train acc: 54.27, train loss: 2.04
val acc: 56.82, val loss: 2.04

Best Accuracy = 56.82 % at Epoch-78
Saving model after best epoch-78
--------------------------------------------------
time: 1.33s, epoch: 79
train acc: 54.66, train loss: 2.03
val acc: 57.02, val loss: 2.05

Best Accuracy = 57.02 % at Epoch-79
Saving model after best epoch-79
--------------------------------------------------
time: 1.33s, epoch: 80
train acc: 54.83, train loss: 2.03
val acc: 57.19, val loss: 2.03

Best Accuracy = 57.19 % at Epoch-80
Saving model after best epoch-80
--------------------------------------------------
time: 1.33s, epoch: 81
train acc: 54.73, train loss: 2.02
val acc: 56.98, val loss: 2.03
--------------------------------------------------
time: 1.33s, epoch: 82
train acc: 55.24, train loss: 2.02
val acc: 56.94, val loss: 2.03
--------------------------------------------------
time: 1.33s, epoch: 83
train acc: 55.29, train loss: 2.01
val acc: 57.36, val loss: 2.03

Best Accuracy = 57.36 % at Epoch-83
Saving model after best epoch-83
--------------------------------------------------
time: 1.33s, epoch: 84
train acc: 55.36, train loss: 2.00
val acc: 57.85, val loss: 2.01

Best Accuracy = 57.85 % at Epoch-84
Saving model after best epoch-84
--------------------------------------------------
time: 1.33s, epoch: 85
train acc: 55.46, train loss: 2.00
val acc: 57.42, val loss: 2.02
--------------------------------------------------
time: 1.33s, epoch: 86
train acc: 55.48, train loss: 1.99
val acc: 57.62, val loss: 2.00
--------------------------------------------------
time: 1.33s, epoch: 87
train acc: 55.82, train loss: 1.99
val acc: 57.91, val loss: 2.00

Best Accuracy = 57.91 % at Epoch-87
Saving model after best epoch-87
--------------------------------------------------
time: 1.33s, epoch: 88
train acc: 55.76, train loss: 1.98
val acc: 58.24, val loss: 1.98

Best Accuracy = 58.24 % at Epoch-88
Saving model after best epoch-88
--------------------------------------------------
time: 1.33s, epoch: 89
train acc: 55.67, train loss: 1.98
val acc: 58.37, val loss: 1.98

Best Accuracy = 58.37 % at Epoch-89
Saving model after best epoch-89
--------------------------------------------------
time: 1.33s, epoch: 90
train acc: 56.46, train loss: 1.97
val acc: 58.82, val loss: 1.97

Best Accuracy = 58.82 % at Epoch-90
Saving model after best epoch-90
--------------------------------------------------
time: 1.33s, epoch: 91
train acc: 56.19, train loss: 1.97
val acc: 58.74, val loss: 1.97
--------------------------------------------------
time: 1.32s, epoch: 92
train acc: 56.22, train loss: 1.97
val acc: 59.07, val loss: 1.96

Best Accuracy = 59.07 % at Epoch-92
Saving model after best epoch-92
--------------------------------------------------
time: 1.33s, epoch: 93
train acc: 56.31, train loss: 1.96
val acc: 59.62, val loss: 1.96

Best Accuracy = 59.62 % at Epoch-93
Saving model after best epoch-93
--------------------------------------------------
time: 1.33s, epoch: 94
train acc: 56.77, train loss: 1.96
val acc: 59.19, val loss: 1.96
--------------------------------------------------
time: 1.33s, epoch: 95
train acc: 56.93, train loss: 1.95
val acc: 59.38, val loss: 1.95
--------------------------------------------------
time: 1.33s, epoch: 96
train acc: 56.85, train loss: 1.94
val acc: 59.23, val loss: 1.95
--------------------------------------------------
time: 1.33s, epoch: 97
train acc: 56.83, train loss: 1.94
val acc: 59.40, val loss: 1.94
--------------------------------------------------
time: 1.33s, epoch: 98
train acc: 57.13, train loss: 1.93
val acc: 59.48, val loss: 1.94
--------------------------------------------------
time: 1.33s, epoch: 99
train acc: 57.30, train loss: 1.93
val acc: 59.69, val loss: 1.93

Best Accuracy = 59.69 % at Epoch-99
Saving model after best epoch-99
--------------------------------------------------
time: 1.33s, epoch: 100
train acc: 57.31, train loss: 1.92
val acc: 59.60, val loss: 1.93

Finished Training Model


Started Evaluating Test

Loaded best model from /scratch/models/code2token/xalnum/top10_lstm_best.pth
test_set = #7100

Accuracy for classes:
Accuracy for class equals is: 82.23 %
Accuracy for class main is: 68.21 %
Accuracy for class setUp is: 62.78 %
Accuracy for class onCreate is: 75.74 %
Accuracy for class toString is: 73.24 %
Accuracy for class run is: 29.40 %
Accuracy for class hashCode is: 79.74 %
Accuracy for class init is: 20.61 %
Accuracy for class execute is: 16.81 %
Accuracy for class get is: 39.70 %

Overall Accuracy = 54.75 %


Finished Evaluating Test

