device = cuda:0
vocab = #77460
train_set = #10000
val_set = #4847

Started Training Model

--------------------------------------------------
time: 1.52s, epoch: 1
train acc: 10.31, train loss: 3.61
val acc: 8.38, val loss: 3.60

Best Accuracy = 8.38 % at Epoch-1
Saving model after best epoch-1
--------------------------------------------------
time: 1.40s, epoch: 2
train acc: 12.76, train loss: 3.61
val acc: 14.77, val loss: 3.61

Best Accuracy = 14.77 % at Epoch-2
Saving model after best epoch-2
--------------------------------------------------
time: 1.41s, epoch: 3
train acc: 14.72, train loss: 3.60
val acc: 17.89, val loss: 3.59

Best Accuracy = 17.89 % at Epoch-3
Saving model after best epoch-3
--------------------------------------------------
time: 1.41s, epoch: 4
train acc: 19.32, train loss: 3.60
val acc: 17.54, val loss: 3.59
--------------------------------------------------
time: 1.40s, epoch: 5
train acc: 19.59, train loss: 3.59
val acc: 41.84, val loss: 3.58

Best Accuracy = 41.84 % at Epoch-5
Saving model after best epoch-5
--------------------------------------------------
time: 1.41s, epoch: 6
train acc: 25.87, train loss: 3.59
val acc: 31.73, val loss: 3.58
--------------------------------------------------
time: 1.40s, epoch: 7
train acc: 25.60, train loss: 3.58
val acc: 45.10, val loss: 3.57

Best Accuracy = 45.10 % at Epoch-7
Saving model after best epoch-7
--------------------------------------------------
time: 1.41s, epoch: 8
train acc: 29.64, train loss: 3.57
val acc: 38.29, val loss: 3.57
--------------------------------------------------
time: 1.41s, epoch: 9
train acc: 31.37, train loss: 3.57
val acc: 37.57, val loss: 3.56
--------------------------------------------------
time: 1.41s, epoch: 10
train acc: 31.61, train loss: 3.56
val acc: 44.87, val loss: 3.55
--------------------------------------------------
time: 1.41s, epoch: 11
train acc: 34.59, train loss: 3.55
val acc: 44.42, val loss: 3.54
--------------------------------------------------
time: 1.40s, epoch: 12
train acc: 37.61, train loss: 3.54
val acc: 51.97, val loss: 3.53

Best Accuracy = 51.97 % at Epoch-12
Saving model after best epoch-12
--------------------------------------------------
time: 1.41s, epoch: 13
train acc: 39.16, train loss: 3.52
val acc: 47.60, val loss: 3.51
--------------------------------------------------
time: 1.40s, epoch: 14
train acc: 40.18, train loss: 3.51
val acc: 48.42, val loss: 3.50
--------------------------------------------------
time: 1.40s, epoch: 15
train acc: 40.16, train loss: 3.49
val acc: 44.63, val loss: 3.48
--------------------------------------------------
time: 1.40s, epoch: 16
train acc: 39.77, train loss: 3.46
val acc: 44.89, val loss: 3.47
--------------------------------------------------
time: 1.40s, epoch: 17
train acc: 42.27, train loss: 3.43
val acc: 46.38, val loss: 3.44
--------------------------------------------------
time: 1.40s, epoch: 18
train acc: 42.26, train loss: 3.40
val acc: 50.34, val loss: 3.40
--------------------------------------------------
time: 1.41s, epoch: 19
train acc: 42.38, train loss: 3.36
val acc: 51.76, val loss: 3.36
--------------------------------------------------
time: 1.40s, epoch: 20
train acc: 43.85, train loss: 3.31
val acc: 51.97, val loss: 3.31
--------------------------------------------------
time: 1.40s, epoch: 21
train acc: 44.19, train loss: 3.25
val acc: 49.64, val loss: 3.26
--------------------------------------------------
time: 1.40s, epoch: 22
train acc: 46.58, train loss: 3.20
val acc: 47.04, val loss: 3.21
--------------------------------------------------
time: 1.41s, epoch: 23
train acc: 44.31, train loss: 3.14
val acc: 51.89, val loss: 3.15
--------------------------------------------------
time: 1.40s, epoch: 24
train acc: 45.50, train loss: 3.08
val acc: 51.15, val loss: 3.10
--------------------------------------------------
time: 1.40s, epoch: 25
train acc: 46.30, train loss: 3.02
val acc: 50.63, val loss: 3.02
--------------------------------------------------
time: 1.41s, epoch: 26
train acc: 46.01, train loss: 2.96
val acc: 53.97, val loss: 2.97

Best Accuracy = 53.97 % at Epoch-26
Saving model after best epoch-26
--------------------------------------------------
time: 1.41s, epoch: 27
train acc: 47.96, train loss: 2.90
val acc: 52.65, val loss: 2.90
--------------------------------------------------
time: 1.40s, epoch: 28
train acc: 48.69, train loss: 2.84
val acc: 53.23, val loss: 2.83
--------------------------------------------------
time: 1.41s, epoch: 29
train acc: 48.84, train loss: 2.77
val acc: 55.31, val loss: 2.76

Best Accuracy = 55.31 % at Epoch-29
Saving model after best epoch-29
--------------------------------------------------
time: 1.41s, epoch: 30
train acc: 50.46, train loss: 2.70
val acc: 54.76, val loss: 2.67
--------------------------------------------------
time: 1.40s, epoch: 31
train acc: 50.43, train loss: 2.64
val acc: 56.98, val loss: 2.62

Best Accuracy = 56.98 % at Epoch-31
Saving model after best epoch-31
--------------------------------------------------
time: 1.41s, epoch: 32
train acc: 51.93, train loss: 2.57
val acc: 57.54, val loss: 2.54

Best Accuracy = 57.54 % at Epoch-32
Saving model after best epoch-32
--------------------------------------------------
time: 1.41s, epoch: 33
train acc: 53.21, train loss: 2.51
val acc: 58.10, val loss: 2.46

Best Accuracy = 58.10 % at Epoch-33
Saving model after best epoch-33
--------------------------------------------------
time: 1.41s, epoch: 34
train acc: 54.15, train loss: 2.44
val acc: 58.76, val loss: 2.41

Best Accuracy = 58.76 % at Epoch-34
Saving model after best epoch-34
--------------------------------------------------
time: 1.41s, epoch: 35
train acc: 55.47, train loss: 2.38
val acc: 59.79, val loss: 2.34

Best Accuracy = 59.79 % at Epoch-35
Saving model after best epoch-35
--------------------------------------------------
time: 1.41s, epoch: 36
train acc: 56.04, train loss: 2.32
val acc: 60.22, val loss: 2.29

Best Accuracy = 60.22 % at Epoch-36
Saving model after best epoch-36
--------------------------------------------------
time: 1.41s, epoch: 37
train acc: 56.50, train loss: 2.26
val acc: 60.59, val loss: 2.22

Best Accuracy = 60.59 % at Epoch-37
Saving model after best epoch-37
--------------------------------------------------
time: 1.42s, epoch: 38
train acc: 57.61, train loss: 2.21
val acc: 61.38, val loss: 2.16

Best Accuracy = 61.38 % at Epoch-38
Saving model after best epoch-38
--------------------------------------------------
time: 1.41s, epoch: 39
train acc: 58.23, train loss: 2.15
val acc: 60.64, val loss: 2.12
--------------------------------------------------
time: 1.41s, epoch: 40
train acc: 59.30, train loss: 2.10
val acc: 61.71, val loss: 2.06

Best Accuracy = 61.71 % at Epoch-40
Saving model after best epoch-40
--------------------------------------------------
time: 1.41s, epoch: 41
train acc: 60.08, train loss: 2.05
val acc: 62.55, val loss: 2.02

Best Accuracy = 62.55 % at Epoch-41
Saving model after best epoch-41
--------------------------------------------------
time: 1.41s, epoch: 42
train acc: 60.32, train loss: 2.00
val acc: 63.09, val loss: 1.96

Best Accuracy = 63.09 % at Epoch-42
Saving model after best epoch-42
--------------------------------------------------
time: 1.41s, epoch: 43
train acc: 61.29, train loss: 1.95
val acc: 63.11, val loss: 1.90

Best Accuracy = 63.11 % at Epoch-43
Saving model after best epoch-43
--------------------------------------------------
time: 1.41s, epoch: 44
train acc: 61.64, train loss: 1.90
val acc: 64.45, val loss: 1.87

Best Accuracy = 64.45 % at Epoch-44
Saving model after best epoch-44
--------------------------------------------------
time: 1.41s, epoch: 45
train acc: 62.19, train loss: 1.86
val acc: 65.15, val loss: 1.83

Best Accuracy = 65.15 % at Epoch-45
Saving model after best epoch-45
--------------------------------------------------
time: 1.41s, epoch: 46
train acc: 62.94, train loss: 1.83
val acc: 65.83, val loss: 1.78

Best Accuracy = 65.83 % at Epoch-46
Saving model after best epoch-46
--------------------------------------------------
time: 1.41s, epoch: 47
train acc: 63.09, train loss: 1.79
val acc: 65.46, val loss: 1.75
--------------------------------------------------
time: 1.40s, epoch: 48
train acc: 64.18, train loss: 1.75
val acc: 66.23, val loss: 1.71

Best Accuracy = 66.23 % at Epoch-48
Saving model after best epoch-48
--------------------------------------------------
time: 1.41s, epoch: 49
train acc: 64.73, train loss: 1.72
val acc: 66.54, val loss: 1.69

Best Accuracy = 66.54 % at Epoch-49
Saving model after best epoch-49
--------------------------------------------------
time: 1.41s, epoch: 50
train acc: 64.66, train loss: 1.69
val acc: 65.90, val loss: 1.66
--------------------------------------------------
time: 1.40s, epoch: 51
train acc: 64.99, train loss: 1.67
val acc: 66.95, val loss: 1.64

Best Accuracy = 66.95 % at Epoch-51
Saving model after best epoch-51
--------------------------------------------------
time: 1.41s, epoch: 52
train acc: 65.28, train loss: 1.64
val acc: 67.46, val loss: 1.62

Best Accuracy = 67.46 % at Epoch-52
Saving model after best epoch-52
--------------------------------------------------
time: 1.41s, epoch: 53
train acc: 65.46, train loss: 1.62
val acc: 68.00, val loss: 1.58

Best Accuracy = 68.00 % at Epoch-53
Saving model after best epoch-53
--------------------------------------------------
time: 1.41s, epoch: 54
train acc: 66.13, train loss: 1.60
val acc: 67.49, val loss: 1.57
--------------------------------------------------
time: 1.40s, epoch: 55
train acc: 66.05, train loss: 1.58
val acc: 67.86, val loss: 1.55
--------------------------------------------------
time: 1.40s, epoch: 56
train acc: 66.40, train loss: 1.56
val acc: 68.29, val loss: 1.54

Best Accuracy = 68.29 % at Epoch-56
Saving model after best epoch-56
--------------------------------------------------
time: 1.41s, epoch: 57
train acc: 66.39, train loss: 1.55
val acc: 68.66, val loss: 1.51

Best Accuracy = 68.66 % at Epoch-57
Saving model after best epoch-57
--------------------------------------------------
time: 1.41s, epoch: 58
train acc: 66.51, train loss: 1.53
val acc: 68.54, val loss: 1.49
--------------------------------------------------
time: 1.40s, epoch: 59
train acc: 67.30, train loss: 1.51
val acc: 69.80, val loss: 1.47

Best Accuracy = 69.80 % at Epoch-59
Saving model after best epoch-59
--------------------------------------------------
time: 1.41s, epoch: 60
train acc: 67.28, train loss: 1.50
val acc: 69.67, val loss: 1.47
--------------------------------------------------
time: 1.40s, epoch: 61
train acc: 67.61, train loss: 1.49
val acc: 69.73, val loss: 1.46
--------------------------------------------------
time: 1.40s, epoch: 62
train acc: 67.70, train loss: 1.47
val acc: 70.46, val loss: 1.44

Best Accuracy = 70.46 % at Epoch-62
Saving model after best epoch-62
--------------------------------------------------
time: 1.41s, epoch: 63
train acc: 67.91, train loss: 1.46
val acc: 70.08, val loss: 1.44
--------------------------------------------------
time: 1.40s, epoch: 64
train acc: 68.14, train loss: 1.45
val acc: 69.96, val loss: 1.42
--------------------------------------------------
time: 1.40s, epoch: 65
train acc: 68.00, train loss: 1.44
val acc: 70.72, val loss: 1.40

Best Accuracy = 70.72 % at Epoch-65
Saving model after best epoch-65
--------------------------------------------------
time: 1.41s, epoch: 66
train acc: 68.57, train loss: 1.42
val acc: 70.52, val loss: 1.40
--------------------------------------------------
time: 1.40s, epoch: 67
train acc: 68.49, train loss: 1.42
val acc: 70.85, val loss: 1.38

Best Accuracy = 70.85 % at Epoch-67
Saving model after best epoch-67
--------------------------------------------------
time: 1.41s, epoch: 68
train acc: 68.54, train loss: 1.41
val acc: 71.26, val loss: 1.37

Best Accuracy = 71.26 % at Epoch-68
Saving model after best epoch-68
--------------------------------------------------
time: 1.41s, epoch: 69
train acc: 68.95, train loss: 1.40
val acc: 71.51, val loss: 1.36

Best Accuracy = 71.51 % at Epoch-69
Saving model after best epoch-69
--------------------------------------------------
time: 1.41s, epoch: 70
train acc: 69.18, train loss: 1.38
val acc: 71.82, val loss: 1.34

Best Accuracy = 71.82 % at Epoch-70
Saving model after best epoch-70
--------------------------------------------------
time: 1.41s, epoch: 71
train acc: 69.27, train loss: 1.38
val acc: 71.69, val loss: 1.34
--------------------------------------------------
time: 1.40s, epoch: 72
train acc: 69.34, train loss: 1.37
val acc: 72.02, val loss: 1.34

Best Accuracy = 72.02 % at Epoch-72
Saving model after best epoch-72
--------------------------------------------------
time: 1.41s, epoch: 73
train acc: 69.33, train loss: 1.37
val acc: 72.04, val loss: 1.32

Best Accuracy = 72.04 % at Epoch-73
Saving model after best epoch-73
--------------------------------------------------
time: 1.41s, epoch: 74
train acc: 69.47, train loss: 1.36
val acc: 72.37, val loss: 1.31

Best Accuracy = 72.37 % at Epoch-74
Saving model after best epoch-74
--------------------------------------------------
time: 1.41s, epoch: 75
train acc: 69.65, train loss: 1.35
val acc: 72.70, val loss: 1.32

Best Accuracy = 72.70 % at Epoch-75
Saving model after best epoch-75
--------------------------------------------------
time: 1.41s, epoch: 76
train acc: 70.24, train loss: 1.34
val acc: 72.52, val loss: 1.29
--------------------------------------------------
time: 1.41s, epoch: 77
train acc: 69.87, train loss: 1.33
val acc: 72.93, val loss: 1.29

Best Accuracy = 72.93 % at Epoch-77
Saving model after best epoch-77
--------------------------------------------------
time: 1.41s, epoch: 78
train acc: 70.26, train loss: 1.33
val acc: 73.24, val loss: 1.28

Best Accuracy = 73.24 % at Epoch-78
Saving model after best epoch-78
--------------------------------------------------
time: 1.41s, epoch: 79
train acc: 70.13, train loss: 1.32
val acc: 73.26, val loss: 1.28

Best Accuracy = 73.26 % at Epoch-79
Saving model after best epoch-79
--------------------------------------------------
time: 1.41s, epoch: 80
train acc: 70.54, train loss: 1.31
val acc: 73.63, val loss: 1.27

Best Accuracy = 73.63 % at Epoch-80
Saving model after best epoch-80
--------------------------------------------------
time: 1.41s, epoch: 81
train acc: 70.71, train loss: 1.31
val acc: 73.30, val loss: 1.27
--------------------------------------------------
time: 1.40s, epoch: 82
train acc: 70.76, train loss: 1.30
val acc: 73.86, val loss: 1.26

Best Accuracy = 73.86 % at Epoch-82
Saving model after best epoch-82
--------------------------------------------------
time: 1.41s, epoch: 83
train acc: 70.70, train loss: 1.29
val acc: 73.43, val loss: 1.26
--------------------------------------------------
time: 1.41s, epoch: 84
train acc: 71.07, train loss: 1.29
val acc: 73.98, val loss: 1.24

Best Accuracy = 73.98 % at Epoch-84
Saving model after best epoch-84
--------------------------------------------------
time: 1.41s, epoch: 85
train acc: 71.51, train loss: 1.28
val acc: 74.23, val loss: 1.24

Best Accuracy = 74.23 % at Epoch-85
Saving model after best epoch-85
--------------------------------------------------
time: 1.41s, epoch: 86
train acc: 71.32, train loss: 1.28
val acc: 73.92, val loss: 1.24
--------------------------------------------------
time: 1.40s, epoch: 87
train acc: 71.28, train loss: 1.27
val acc: 73.98, val loss: 1.24
--------------------------------------------------
time: 1.40s, epoch: 88
train acc: 71.43, train loss: 1.26
val acc: 73.65, val loss: 1.25
--------------------------------------------------
time: 1.40s, epoch: 89
train acc: 71.46, train loss: 1.26
val acc: 74.00, val loss: 1.23
--------------------------------------------------
time: 1.40s, epoch: 90
train acc: 71.70, train loss: 1.25
val acc: 74.56, val loss: 1.21

Best Accuracy = 74.56 % at Epoch-90
Saving model after best epoch-90
--------------------------------------------------
time: 1.41s, epoch: 91
train acc: 71.75, train loss: 1.25
val acc: 73.94, val loss: 1.22
--------------------------------------------------
time: 1.41s, epoch: 92
train acc: 72.38, train loss: 1.24
val acc: 74.52, val loss: 1.20
--------------------------------------------------
time: 1.40s, epoch: 93
train acc: 72.11, train loss: 1.24
val acc: 74.81, val loss: 1.20

Best Accuracy = 74.81 % at Epoch-93
Saving model after best epoch-93
--------------------------------------------------
time: 1.41s, epoch: 94
train acc: 72.33, train loss: 1.24
val acc: 74.99, val loss: 1.19

Best Accuracy = 74.99 % at Epoch-94
Saving model after best epoch-94
--------------------------------------------------
time: 1.41s, epoch: 95
train acc: 72.61, train loss: 1.23
val acc: 74.58, val loss: 1.19
--------------------------------------------------
time: 1.41s, epoch: 96
train acc: 72.32, train loss: 1.23
val acc: 75.43, val loss: 1.18

Best Accuracy = 75.43 % at Epoch-96
Saving model after best epoch-96
--------------------------------------------------
time: 1.41s, epoch: 97
train acc: 72.77, train loss: 1.23
val acc: 74.66, val loss: 1.19
--------------------------------------------------
time: 1.40s, epoch: 98
train acc: 72.49, train loss: 1.22
val acc: 74.97, val loss: 1.18
--------------------------------------------------
time: 1.40s, epoch: 99
train acc: 72.76, train loss: 1.22
val acc: 74.97, val loss: 1.17
--------------------------------------------------
time: 1.40s, epoch: 100
train acc: 72.92, train loss: 1.21
val acc: 75.53, val loss: 1.16

Best Accuracy = 75.53 % at Epoch-100
Saving model after best epoch-100

Finished Training Model


Started Evaluating Test

Loaded best model from /scratch/models/code2token/literal/top10_lstm_best.pth
test_set = #7100

Accuracy for classes:
Accuracy for class equals is: 96.74 %
Accuracy for class main is: 79.43 %
Accuracy for class setUp is: 87.78 %
Accuracy for class onCreate is: 90.57 %
Accuracy for class toString is: 89.20 %
Accuracy for class run is: 38.77 %
Accuracy for class hashCode is: 89.87 %
Accuracy for class init is: 26.76 %
Accuracy for class execute is: 27.92 %
Accuracy for class get is: 57.61 %

Overall Accuracy = 67.72 %


Finished Evaluating Test

