device = cuda:0
vocab = #2579
train_set = #10000
val_set = #4847

Started Training Model

--------------------------------------------------
time: 1.33s, epoch: 1
train acc: 10.87, train loss: 3.61
val acc: 10.17, val loss: 3.61

Best Accuracy = 10.17 % at Epoch-1
Saving model after best epoch-1
--------------------------------------------------
time: 1.28s, epoch: 2
train acc: 12.26, train loss: 3.61
val acc: 26.24, val loss: 3.60

Best Accuracy = 26.24 % at Epoch-2
Saving model after best epoch-2
--------------------------------------------------
time: 1.28s, epoch: 3
train acc: 15.06, train loss: 3.61
val acc: 24.45, val loss: 3.60
--------------------------------------------------
time: 1.28s, epoch: 4
train acc: 17.89, train loss: 3.60
val acc: 15.68, val loss: 3.60
--------------------------------------------------
time: 1.29s, epoch: 5
train acc: 19.88, train loss: 3.59
val acc: 17.97, val loss: 3.59
--------------------------------------------------
time: 1.28s, epoch: 6
train acc: 22.57, train loss: 3.59
val acc: 20.51, val loss: 3.59
--------------------------------------------------
time: 1.27s, epoch: 7
train acc: 24.74, train loss: 3.58
val acc: 20.14, val loss: 3.58
--------------------------------------------------
time: 1.28s, epoch: 8
train acc: 24.58, train loss: 3.58
val acc: 33.11, val loss: 3.57

Best Accuracy = 33.11 % at Epoch-8
Saving model after best epoch-8
--------------------------------------------------
time: 1.27s, epoch: 9
train acc: 27.00, train loss: 3.57
val acc: 22.10, val loss: 3.57
--------------------------------------------------
time: 1.27s, epoch: 10
train acc: 28.07, train loss: 3.56
val acc: 35.75, val loss: 3.56

Best Accuracy = 35.75 % at Epoch-10
Saving model after best epoch-10
--------------------------------------------------
time: 1.27s, epoch: 11
train acc: 31.06, train loss: 3.55
val acc: 43.43, val loss: 3.54

Best Accuracy = 43.43 % at Epoch-11
Saving model after best epoch-11
--------------------------------------------------
time: 1.28s, epoch: 12
train acc: 32.37, train loss: 3.54
val acc: 33.28, val loss: 3.54
--------------------------------------------------
time: 1.28s, epoch: 13
train acc: 29.74, train loss: 3.52
val acc: 36.58, val loss: 3.52
--------------------------------------------------
time: 1.28s, epoch: 14
train acc: 33.65, train loss: 3.50
val acc: 37.22, val loss: 3.51
--------------------------------------------------
time: 1.28s, epoch: 15
train acc: 34.16, train loss: 3.48
val acc: 39.80, val loss: 3.48
--------------------------------------------------
time: 1.27s, epoch: 16
train acc: 34.72, train loss: 3.46
val acc: 42.34, val loss: 3.47
--------------------------------------------------
time: 1.28s, epoch: 17
train acc: 35.49, train loss: 3.43
val acc: 38.09, val loss: 3.43
--------------------------------------------------
time: 1.28s, epoch: 18
train acc: 34.81, train loss: 3.40
val acc: 38.50, val loss: 3.41
--------------------------------------------------
time: 1.27s, epoch: 19
train acc: 36.65, train loss: 3.36
val acc: 42.15, val loss: 3.37
--------------------------------------------------
time: 1.28s, epoch: 20
train acc: 37.39, train loss: 3.31
val acc: 41.37, val loss: 3.33
--------------------------------------------------
time: 1.28s, epoch: 21
train acc: 38.56, train loss: 3.26
val acc: 41.65, val loss: 3.30
--------------------------------------------------
time: 1.27s, epoch: 22
train acc: 37.38, train loss: 3.21
val acc: 41.04, val loss: 3.25
--------------------------------------------------
time: 1.27s, epoch: 23
train acc: 40.12, train loss: 3.16
val acc: 44.38, val loss: 3.21

Best Accuracy = 44.38 % at Epoch-23
Saving model after best epoch-23
--------------------------------------------------
time: 1.28s, epoch: 24
train acc: 40.06, train loss: 3.12
val acc: 44.11, val loss: 3.16
--------------------------------------------------
time: 1.27s, epoch: 25
train acc: 39.89, train loss: 3.07
val acc: 44.91, val loss: 3.12

Best Accuracy = 44.91 % at Epoch-25
Saving model after best epoch-25
--------------------------------------------------
time: 1.28s, epoch: 26
train acc: 41.06, train loss: 3.02
val acc: 46.30, val loss: 3.07

Best Accuracy = 46.30 % at Epoch-26
Saving model after best epoch-26
--------------------------------------------------
time: 1.28s, epoch: 27
train acc: 41.42, train loss: 2.98
val acc: 44.19, val loss: 3.04
--------------------------------------------------
time: 1.27s, epoch: 28
train acc: 41.09, train loss: 2.94
val acc: 46.63, val loss: 2.99

Best Accuracy = 46.63 % at Epoch-28
Saving model after best epoch-28
--------------------------------------------------
time: 1.27s, epoch: 29
train acc: 41.96, train loss: 2.89
val acc: 45.60, val loss: 2.95
--------------------------------------------------
time: 1.27s, epoch: 30
train acc: 42.65, train loss: 2.85
val acc: 47.12, val loss: 2.91

Best Accuracy = 47.12 % at Epoch-30
Saving model after best epoch-30
--------------------------------------------------
time: 1.28s, epoch: 31
train acc: 43.13, train loss: 2.81
val acc: 48.11, val loss: 2.87

Best Accuracy = 48.11 % at Epoch-31
Saving model after best epoch-31
--------------------------------------------------
time: 1.27s, epoch: 32
train acc: 43.78, train loss: 2.77
val acc: 48.48, val loss: 2.83

Best Accuracy = 48.48 % at Epoch-32
Saving model after best epoch-32
--------------------------------------------------
time: 1.28s, epoch: 33
train acc: 44.40, train loss: 2.72
val acc: 48.34, val loss: 2.78
--------------------------------------------------
time: 1.27s, epoch: 34
train acc: 44.83, train loss: 2.68
val acc: 49.02, val loss: 2.74

Best Accuracy = 49.02 % at Epoch-34
Saving model after best epoch-34
--------------------------------------------------
time: 1.28s, epoch: 35
train acc: 45.50, train loss: 2.64
val acc: 49.91, val loss: 2.70

Best Accuracy = 49.91 % at Epoch-35
Saving model after best epoch-35
--------------------------------------------------
time: 1.28s, epoch: 36
train acc: 46.20, train loss: 2.60
val acc: 50.84, val loss: 2.66

Best Accuracy = 50.84 % at Epoch-36
Saving model after best epoch-36
--------------------------------------------------
time: 1.28s, epoch: 37
train acc: 46.63, train loss: 2.56
val acc: 51.93, val loss: 2.62

Best Accuracy = 51.93 % at Epoch-37
Saving model after best epoch-37
--------------------------------------------------
time: 1.27s, epoch: 38
train acc: 47.67, train loss: 2.52
val acc: 52.28, val loss: 2.57

Best Accuracy = 52.28 % at Epoch-38
Saving model after best epoch-38
--------------------------------------------------
time: 1.27s, epoch: 39
train acc: 48.04, train loss: 2.49
val acc: 52.07, val loss: 2.55
--------------------------------------------------
time: 1.27s, epoch: 40
train acc: 48.54, train loss: 2.45
val acc: 52.75, val loss: 2.51

Best Accuracy = 52.75 % at Epoch-40
Saving model after best epoch-40
--------------------------------------------------
time: 1.27s, epoch: 41
train acc: 48.82, train loss: 2.41
val acc: 53.64, val loss: 2.46

Best Accuracy = 53.64 % at Epoch-41
Saving model after best epoch-41
--------------------------------------------------
time: 1.27s, epoch: 42
train acc: 49.58, train loss: 2.38
val acc: 54.18, val loss: 2.43

Best Accuracy = 54.18 % at Epoch-42
Saving model after best epoch-42
--------------------------------------------------
time: 1.27s, epoch: 43
train acc: 49.87, train loss: 2.35
val acc: 54.63, val loss: 2.38

Best Accuracy = 54.63 % at Epoch-43
Saving model after best epoch-43
--------------------------------------------------
time: 1.27s, epoch: 44
train acc: 50.77, train loss: 2.32
val acc: 53.93, val loss: 2.36
--------------------------------------------------
time: 1.27s, epoch: 45
train acc: 50.60, train loss: 2.29
val acc: 55.13, val loss: 2.32

Best Accuracy = 55.13 % at Epoch-45
Saving model after best epoch-45
--------------------------------------------------
time: 1.27s, epoch: 46
train acc: 51.65, train loss: 2.26
val acc: 55.23, val loss: 2.28

Best Accuracy = 55.23 % at Epoch-46
Saving model after best epoch-46
--------------------------------------------------
time: 1.27s, epoch: 47
train acc: 51.64, train loss: 2.24
val acc: 55.46, val loss: 2.27

Best Accuracy = 55.46 % at Epoch-47
Saving model after best epoch-47
--------------------------------------------------
time: 1.27s, epoch: 48
train acc: 51.71, train loss: 2.21
val acc: 56.28, val loss: 2.24

Best Accuracy = 56.28 % at Epoch-48
Saving model after best epoch-48
--------------------------------------------------
time: 1.27s, epoch: 49
train acc: 52.13, train loss: 2.19
val acc: 56.06, val loss: 2.22
--------------------------------------------------
time: 1.27s, epoch: 50
train acc: 52.55, train loss: 2.16
val acc: 56.22, val loss: 2.21
--------------------------------------------------
time: 1.27s, epoch: 51
train acc: 52.61, train loss: 2.14
val acc: 56.94, val loss: 2.17

Best Accuracy = 56.94 % at Epoch-51
Saving model after best epoch-51
--------------------------------------------------
time: 1.27s, epoch: 52
train acc: 53.08, train loss: 2.13
val acc: 56.78, val loss: 2.15
--------------------------------------------------
time: 1.28s, epoch: 53
train acc: 53.64, train loss: 2.10
val acc: 56.69, val loss: 2.14
--------------------------------------------------
time: 1.27s, epoch: 54
train acc: 53.21, train loss: 2.09
val acc: 57.42, val loss: 2.12

Best Accuracy = 57.42 % at Epoch-54
Saving model after best epoch-54
--------------------------------------------------
time: 1.27s, epoch: 55
train acc: 53.48, train loss: 2.08
val acc: 57.13, val loss: 2.10
--------------------------------------------------
time: 1.27s, epoch: 56
train acc: 53.77, train loss: 2.06
val acc: 57.40, val loss: 2.10
--------------------------------------------------
time: 1.27s, epoch: 57
train acc: 54.19, train loss: 2.05
val acc: 57.33, val loss: 2.09
--------------------------------------------------
time: 1.27s, epoch: 58
train acc: 54.40, train loss: 2.04
val acc: 57.36, val loss: 2.07
--------------------------------------------------
time: 1.27s, epoch: 59
train acc: 54.28, train loss: 2.03
val acc: 57.48, val loss: 2.05

Best Accuracy = 57.48 % at Epoch-59
Saving model after best epoch-59
--------------------------------------------------
time: 1.27s, epoch: 60
train acc: 54.77, train loss: 2.02
val acc: 57.79, val loss: 2.05

Best Accuracy = 57.79 % at Epoch-60
Saving model after best epoch-60
--------------------------------------------------
time: 1.27s, epoch: 61
train acc: 55.19, train loss: 2.01
val acc: 58.08, val loss: 2.03

Best Accuracy = 58.08 % at Epoch-61
Saving model after best epoch-61
--------------------------------------------------
time: 1.28s, epoch: 62
train acc: 54.59, train loss: 2.00
val acc: 58.08, val loss: 2.03
--------------------------------------------------
time: 1.27s, epoch: 63
train acc: 55.43, train loss: 1.99
val acc: 58.39, val loss: 2.02

Best Accuracy = 58.39 % at Epoch-63
Saving model after best epoch-63
--------------------------------------------------
time: 1.27s, epoch: 64
train acc: 55.27, train loss: 1.98
val acc: 58.10, val loss: 2.01
--------------------------------------------------
time: 1.27s, epoch: 65
train acc: 56.03, train loss: 1.97
val acc: 58.26, val loss: 2.00
--------------------------------------------------
time: 1.27s, epoch: 66
train acc: 55.70, train loss: 1.97
val acc: 57.93, val loss: 2.01
--------------------------------------------------
time: 1.27s, epoch: 67
train acc: 55.95, train loss: 1.96
val acc: 58.45, val loss: 1.99

Best Accuracy = 58.45 % at Epoch-67
Saving model after best epoch-67
--------------------------------------------------
time: 1.27s, epoch: 68
train acc: 56.33, train loss: 1.95
val acc: 58.22, val loss: 1.99
--------------------------------------------------
time: 1.27s, epoch: 69
train acc: 56.42, train loss: 1.95
val acc: 58.86, val loss: 1.97

Best Accuracy = 58.86 % at Epoch-69
Saving model after best epoch-69
--------------------------------------------------
time: 1.27s, epoch: 70
train acc: 56.29, train loss: 1.94
val acc: 58.43, val loss: 1.97
--------------------------------------------------
time: 1.27s, epoch: 71
train acc: 56.59, train loss: 1.93
val acc: 58.43, val loss: 1.97
--------------------------------------------------
time: 1.27s, epoch: 72
train acc: 56.61, train loss: 1.93
val acc: 58.78, val loss: 1.95
--------------------------------------------------
time: 1.27s, epoch: 73
train acc: 57.06, train loss: 1.92
val acc: 59.05, val loss: 1.95

Best Accuracy = 59.05 % at Epoch-73
Saving model after best epoch-73
--------------------------------------------------
time: 1.27s, epoch: 74
train acc: 56.82, train loss: 1.91
val acc: 58.78, val loss: 1.94
--------------------------------------------------
time: 1.27s, epoch: 75
train acc: 56.89, train loss: 1.92
val acc: 59.07, val loss: 1.94

Best Accuracy = 59.07 % at Epoch-75
Saving model after best epoch-75
--------------------------------------------------
time: 1.27s, epoch: 76
train acc: 57.54, train loss: 1.90
val acc: 59.58, val loss: 1.92

Best Accuracy = 59.58 % at Epoch-76
Saving model after best epoch-76
--------------------------------------------------
time: 1.27s, epoch: 77
train acc: 57.43, train loss: 1.90
val acc: 59.23, val loss: 1.93
--------------------------------------------------
time: 1.27s, epoch: 78
train acc: 57.83, train loss: 1.89
val acc: 59.44, val loss: 1.92
--------------------------------------------------
time: 1.27s, epoch: 79
train acc: 57.44, train loss: 1.88
val acc: 59.17, val loss: 1.92
--------------------------------------------------
time: 1.27s, epoch: 80
train acc: 57.92, train loss: 1.89
val acc: 59.36, val loss: 1.92
--------------------------------------------------
time: 1.27s, epoch: 81
train acc: 57.86, train loss: 1.88
val acc: 59.54, val loss: 1.91
--------------------------------------------------
time: 1.27s, epoch: 82
train acc: 58.08, train loss: 1.88
val acc: 59.27, val loss: 1.91
--------------------------------------------------
time: 1.27s, epoch: 83
train acc: 57.77, train loss: 1.86
val acc: 59.58, val loss: 1.90
--------------------------------------------------
time: 1.27s, epoch: 84
train acc: 58.23, train loss: 1.87
val acc: 59.48, val loss: 1.90
--------------------------------------------------
time: 1.27s, epoch: 85
train acc: 58.17, train loss: 1.86
val acc: 59.98, val loss: 1.88

Best Accuracy = 59.98 % at Epoch-85
Saving model after best epoch-85
--------------------------------------------------
time: 1.27s, epoch: 86
train acc: 58.29, train loss: 1.85
val acc: 59.65, val loss: 1.89
--------------------------------------------------
time: 1.27s, epoch: 87
train acc: 58.17, train loss: 1.85
val acc: 59.95, val loss: 1.89
--------------------------------------------------
time: 1.27s, epoch: 88
train acc: 58.53, train loss: 1.85
val acc: 60.06, val loss: 1.88

Best Accuracy = 60.06 % at Epoch-88
Saving model after best epoch-88
--------------------------------------------------
time: 1.27s, epoch: 89
train acc: 58.38, train loss: 1.84
val acc: 60.33, val loss: 1.87

Best Accuracy = 60.33 % at Epoch-89
Saving model after best epoch-89
--------------------------------------------------
time: 1.27s, epoch: 90
train acc: 58.93, train loss: 1.84
val acc: 60.41, val loss: 1.87

Best Accuracy = 60.41 % at Epoch-90
Saving model after best epoch-90
--------------------------------------------------
time: 1.27s, epoch: 91
train acc: 58.97, train loss: 1.84
val acc: 60.61, val loss: 1.86

Best Accuracy = 60.61 % at Epoch-91
Saving model after best epoch-91
--------------------------------------------------
time: 1.27s, epoch: 92
train acc: 59.26, train loss: 1.83
val acc: 60.28, val loss: 1.86
--------------------------------------------------
time: 1.27s, epoch: 93
train acc: 59.18, train loss: 1.83
val acc: 60.37, val loss: 1.86
--------------------------------------------------
time: 1.27s, epoch: 94
train acc: 59.25, train loss: 1.83
val acc: 60.49, val loss: 1.85
--------------------------------------------------
time: 1.27s, epoch: 95
train acc: 58.95, train loss: 1.83
val acc: 60.68, val loss: 1.85

Best Accuracy = 60.68 % at Epoch-95
Saving model after best epoch-95
--------------------------------------------------
time: 1.27s, epoch: 96
train acc: 58.95, train loss: 1.82
val acc: 60.92, val loss: 1.85

Best Accuracy = 60.92 % at Epoch-96
Saving model after best epoch-96
--------------------------------------------------
time: 1.27s, epoch: 97
train acc: 59.44, train loss: 1.82
val acc: 61.19, val loss: 1.84

Best Accuracy = 61.19 % at Epoch-97
Saving model after best epoch-97
--------------------------------------------------
time: 1.27s, epoch: 98
train acc: 59.41, train loss: 1.82
val acc: 60.47, val loss: 1.84
--------------------------------------------------
time: 1.27s, epoch: 99
train acc: 59.94, train loss: 1.81
val acc: 60.88, val loss: 1.84
--------------------------------------------------
time: 1.27s, epoch: 100
train acc: 59.39, train loss: 1.80
val acc: 61.23, val loss: 1.83

Best Accuracy = 61.23 % at Epoch-100
Saving model after best epoch-100

Finished Training Model


Started Evaluating Test

Loaded best model from /scratch/models/code2token/xliteral/top10_lstm_best.pth
test_set = #7100

Accuracy for classes:
Accuracy for class equals is: 80.88 %
Accuracy for class main is: 73.43 %
Accuracy for class setUp is: 62.36 %
Accuracy for class onCreate is: 76.95 %
Accuracy for class toString is: 77.46 %
Accuracy for class run is: 26.70 %
Accuracy for class hashCode is: 80.78 %
Accuracy for class init is: 24.36 %
Accuracy for class execute is: 16.52 %
Accuracy for class get is: 45.67 %

Overall Accuracy = 56.48 %


Finished Evaluating Test

