device = cuda:0
vocab = #7782
train_set = #27119
val_set = #1803

Started Training Model

--------------------------------------------------
time: 2.94s, epoch: 1
train acc: 11.05, train loss: 5.88
val acc: 3.88, val loss: 6.28

Best Accuracy = 3.88 % at Epoch-1
Saving model after best epoch-1
--------------------------------------------------
time: 2.90s, epoch: 2
train acc: 11.29, train loss: 5.77
val acc: 3.88, val loss: 6.26
--------------------------------------------------
time: 2.89s, epoch: 3
train acc: 11.29, train loss: 5.76
val acc: 3.88, val loss: 6.24
--------------------------------------------------
time: 2.91s, epoch: 4
train acc: 11.29, train loss: 5.75
val acc: 3.88, val loss: 6.23
--------------------------------------------------
time: 2.92s, epoch: 5
train acc: 11.29, train loss: 5.75
val acc: 3.88, val loss: 6.23
--------------------------------------------------
time: 2.91s, epoch: 6
train acc: 11.29, train loss: 5.74
val acc: 3.88, val loss: 6.23
--------------------------------------------------
time: 2.89s, epoch: 7
train acc: 11.29, train loss: 5.73
val acc: 3.88, val loss: 6.22
--------------------------------------------------
time: 2.89s, epoch: 8
train acc: 11.29, train loss: 5.71
val acc: 3.88, val loss: 6.21
--------------------------------------------------
time: 2.90s, epoch: 9
train acc: 11.29, train loss: 5.69
val acc: 3.88, val loss: 6.20
--------------------------------------------------
time: 2.94s, epoch: 10
train acc: 11.37, train loss: 5.67
val acc: 3.88, val loss: 6.18
--------------------------------------------------
time: 2.90s, epoch: 11
train acc: 12.47, train loss: 5.63
val acc: 3.88, val loss: 6.18
--------------------------------------------------
time: 2.89s, epoch: 12
train acc: 14.00, train loss: 5.57
val acc: 3.72, val loss: 6.16
--------------------------------------------------
time: 2.89s, epoch: 13
train acc: 15.26, train loss: 5.51
val acc: 3.38, val loss: 6.12
--------------------------------------------------
time: 2.90s, epoch: 14
train acc: 16.13, train loss: 5.44
val acc: 3.22, val loss: 6.11
--------------------------------------------------
time: 2.89s, epoch: 15
train acc: 16.36, train loss: 5.37
val acc: 3.22, val loss: 6.07
--------------------------------------------------
time: 2.93s, epoch: 16
train acc: 16.51, train loss: 5.31
val acc: 3.49, val loss: 6.04
--------------------------------------------------
time: 2.92s, epoch: 17
train acc: 16.70, train loss: 5.25
val acc: 4.33, val loss: 6.00

Best Accuracy = 4.33 % at Epoch-17
Saving model after best epoch-17
--------------------------------------------------
time: 2.93s, epoch: 18
train acc: 17.33, train loss: 5.20
val acc: 4.83, val loss: 5.96

Best Accuracy = 4.83 % at Epoch-18
Saving model after best epoch-18
--------------------------------------------------
time: 2.89s, epoch: 19
train acc: 18.20, train loss: 5.15
val acc: 5.60, val loss: 5.91

Best Accuracy = 5.60 % at Epoch-19
Saving model after best epoch-19
--------------------------------------------------
time: 2.86s, epoch: 20
train acc: 19.43, train loss: 5.10
val acc: 5.82, val loss: 5.86

Best Accuracy = 5.82 % at Epoch-20
Saving model after best epoch-20
--------------------------------------------------
time: 2.92s, epoch: 21
train acc: 20.52, train loss: 5.06
val acc: 6.10, val loss: 5.83

Best Accuracy = 6.10 % at Epoch-21
Saving model after best epoch-21
--------------------------------------------------
time: 2.92s, epoch: 22
train acc: 21.86, train loss: 5.01
val acc: 6.38, val loss: 5.79

Best Accuracy = 6.38 % at Epoch-22
Saving model after best epoch-22
--------------------------------------------------
time: 2.88s, epoch: 23
train acc: 22.78, train loss: 4.97
val acc: 6.88, val loss: 5.76

Best Accuracy = 6.88 % at Epoch-23
Saving model after best epoch-23
--------------------------------------------------
time: 2.89s, epoch: 24
train acc: 23.67, train loss: 4.93
val acc: 7.15, val loss: 5.70

Best Accuracy = 7.15 % at Epoch-24
Saving model after best epoch-24
--------------------------------------------------
time: 2.90s, epoch: 25
train acc: 24.31, train loss: 4.89
val acc: 7.65, val loss: 5.68

Best Accuracy = 7.65 % at Epoch-25
Saving model after best epoch-25
--------------------------------------------------
time: 2.87s, epoch: 26
train acc: 24.69, train loss: 4.84
val acc: 7.43, val loss: 5.64
--------------------------------------------------
time: 2.93s, epoch: 27
train acc: 25.15, train loss: 4.81
val acc: 7.76, val loss: 5.62

Best Accuracy = 7.76 % at Epoch-27
Saving model after best epoch-27
--------------------------------------------------
time: 2.98s, epoch: 28
train acc: 25.40, train loss: 4.77
val acc: 7.71, val loss: 5.60
--------------------------------------------------
time: 2.89s, epoch: 29
train acc: 25.66, train loss: 4.74
val acc: 8.15, val loss: 5.58

Best Accuracy = 8.15 % at Epoch-29
Saving model after best epoch-29
--------------------------------------------------
time: 2.89s, epoch: 30
train acc: 25.87, train loss: 4.70
val acc: 7.76, val loss: 5.55
--------------------------------------------------
time: 2.88s, epoch: 31
train acc: 26.11, train loss: 4.66
val acc: 8.15, val loss: 5.53
--------------------------------------------------
time: 2.98s, epoch: 32
train acc: 26.48, train loss: 4.63
val acc: 8.04, val loss: 5.52
--------------------------------------------------
time: 2.92s, epoch: 33
train acc: 26.75, train loss: 4.59
val acc: 8.10, val loss: 5.51
--------------------------------------------------
time: 2.87s, epoch: 34
train acc: 27.15, train loss: 4.56
val acc: 8.21, val loss: 5.49

Best Accuracy = 8.21 % at Epoch-34
Saving model after best epoch-34
--------------------------------------------------
time: 2.89s, epoch: 35
train acc: 27.62, train loss: 4.52
val acc: 8.65, val loss: 5.47

Best Accuracy = 8.65 % at Epoch-35
Saving model after best epoch-35
--------------------------------------------------
time: 2.89s, epoch: 36
train acc: 28.01, train loss: 4.49
val acc: 8.87, val loss: 5.46

Best Accuracy = 8.87 % at Epoch-36
Saving model after best epoch-36
--------------------------------------------------
time: 2.91s, epoch: 37
train acc: 28.63, train loss: 4.46
val acc: 8.99, val loss: 5.45

Best Accuracy = 8.99 % at Epoch-37
Saving model after best epoch-37
--------------------------------------------------
time: 2.92s, epoch: 38
train acc: 29.37, train loss: 4.42
val acc: 9.15, val loss: 5.44

Best Accuracy = 9.15 % at Epoch-38
Saving model after best epoch-38
--------------------------------------------------
time: 2.88s, epoch: 39
train acc: 29.94, train loss: 4.39
val acc: 8.76, val loss: 5.43
--------------------------------------------------
time: 2.89s, epoch: 40
train acc: 31.14, train loss: 4.35
val acc: 8.87, val loss: 5.43
--------------------------------------------------
time: 2.88s, epoch: 41
train acc: 31.69, train loss: 4.32
val acc: 8.65, val loss: 5.43
--------------------------------------------------
time: 2.88s, epoch: 42
train acc: 32.13, train loss: 4.28
val acc: 8.99, val loss: 5.41
--------------------------------------------------
time: 2.89s, epoch: 43
train acc: 32.80, train loss: 4.25
val acc: 9.98, val loss: 5.41

Best Accuracy = 9.98 % at Epoch-43
Saving model after best epoch-43
--------------------------------------------------
time: 2.91s, epoch: 44
train acc: 33.39, train loss: 4.21
val acc: 9.98, val loss: 5.41
--------------------------------------------------
time: 2.91s, epoch: 45
train acc: 33.88, train loss: 4.18
val acc: 10.65, val loss: 5.39

Best Accuracy = 10.65 % at Epoch-45
Saving model after best epoch-45
--------------------------------------------------
time: 2.93s, epoch: 46
train acc: 34.53, train loss: 4.14
val acc: 11.48, val loss: 5.39

Best Accuracy = 11.48 % at Epoch-46
Saving model after best epoch-46
--------------------------------------------------
time: 2.88s, epoch: 47
train acc: 34.84, train loss: 4.11
val acc: 11.98, val loss: 5.40

Best Accuracy = 11.98 % at Epoch-47
Saving model after best epoch-47
--------------------------------------------------
time: 2.87s, epoch: 48
train acc: 35.12, train loss: 4.07
val acc: 12.81, val loss: 5.41

Best Accuracy = 12.81 % at Epoch-48
Saving model after best epoch-48
--------------------------------------------------
time: 2.87s, epoch: 49
train acc: 35.55, train loss: 4.04
val acc: 13.70, val loss: 5.41

Best Accuracy = 13.70 % at Epoch-49
Saving model after best epoch-49
--------------------------------------------------
time: 2.93s, epoch: 50
train acc: 35.86, train loss: 4.01
val acc: 13.87, val loss: 5.41

Best Accuracy = 13.87 % at Epoch-50
Saving model after best epoch-50
--------------------------------------------------
time: 2.87s, epoch: 51
train acc: 36.20, train loss: 3.98
val acc: 13.70, val loss: 5.44
--------------------------------------------------
time: 2.88s, epoch: 52
train acc: 36.47, train loss: 3.96
val acc: 13.87, val loss: 5.43
--------------------------------------------------
time: 2.90s, epoch: 53
train acc: 36.89, train loss: 3.93
val acc: 14.31, val loss: 5.41

Best Accuracy = 14.31 % at Epoch-53
Saving model after best epoch-53
--------------------------------------------------
time: 2.87s, epoch: 54
train acc: 37.03, train loss: 3.90
val acc: 14.59, val loss: 5.45

Best Accuracy = 14.59 % at Epoch-54
Saving model after best epoch-54
--------------------------------------------------
time: 2.88s, epoch: 55
train acc: 37.49, train loss: 3.88
val acc: 14.64, val loss: 5.47

Best Accuracy = 14.64 % at Epoch-55
Saving model after best epoch-55
--------------------------------------------------
time: 2.88s, epoch: 56
train acc: 37.82, train loss: 3.86
val acc: 15.14, val loss: 5.45

Best Accuracy = 15.14 % at Epoch-56
Saving model after best epoch-56
--------------------------------------------------
time: 2.91s, epoch: 57
train acc: 38.16, train loss: 3.83
val acc: 14.81, val loss: 5.49
--------------------------------------------------
time: 2.94s, epoch: 58
train acc: 38.52, train loss: 3.81
val acc: 15.20, val loss: 5.49

Best Accuracy = 15.20 % at Epoch-58
Saving model after best epoch-58
--------------------------------------------------
time: 2.91s, epoch: 59
train acc: 38.70, train loss: 3.80
val acc: 15.31, val loss: 5.53

Best Accuracy = 15.31 % at Epoch-59
Saving model after best epoch-59
--------------------------------------------------
time: 2.89s, epoch: 60
train acc: 38.80, train loss: 3.78
val acc: 15.86, val loss: 5.51

Best Accuracy = 15.86 % at Epoch-60
Saving model after best epoch-60
--------------------------------------------------
time: 2.91s, epoch: 61
train acc: 39.13, train loss: 3.75
val acc: 16.03, val loss: 5.56

Best Accuracy = 16.03 % at Epoch-61
Saving model after best epoch-61
--------------------------------------------------
time: 2.88s, epoch: 62
train acc: 39.56, train loss: 3.73
val acc: 16.25, val loss: 5.56

Best Accuracy = 16.25 % at Epoch-62
Saving model after best epoch-62
--------------------------------------------------
time: 2.88s, epoch: 63
train acc: 39.81, train loss: 3.72
val acc: 16.58, val loss: 5.58

Best Accuracy = 16.58 % at Epoch-63
Saving model after best epoch-63
--------------------------------------------------
time: 2.90s, epoch: 64
train acc: 39.93, train loss: 3.70
val acc: 16.31, val loss: 5.60
--------------------------------------------------
time: 2.95s, epoch: 65
train acc: 40.27, train loss: 3.68
val acc: 16.58, val loss: 5.61
--------------------------------------------------
time: 2.91s, epoch: 66
train acc: 40.29, train loss: 3.67
val acc: 16.58, val loss: 5.63
--------------------------------------------------
time: 2.89s, epoch: 67
train acc: 40.60, train loss: 3.65
val acc: 17.08, val loss: 5.62

Best Accuracy = 17.08 % at Epoch-67
Saving model after best epoch-67
--------------------------------------------------
time: 2.93s, epoch: 68
train acc: 41.00, train loss: 3.64
val acc: 17.25, val loss: 5.60

Best Accuracy = 17.25 % at Epoch-68
Saving model after best epoch-68
--------------------------------------------------
time: 2.88s, epoch: 69
train acc: 40.95, train loss: 3.63
val acc: 17.14, val loss: 5.67
--------------------------------------------------
time: 2.97s, epoch: 70
train acc: 41.39, train loss: 3.62
val acc: 17.36, val loss: 5.67

Best Accuracy = 17.36 % at Epoch-70
Saving model after best epoch-70
--------------------------------------------------
time: 2.88s, epoch: 71
train acc: 41.47, train loss: 3.60
val acc: 17.75, val loss: 5.68

Best Accuracy = 17.75 % at Epoch-71
Saving model after best epoch-71
--------------------------------------------------
time: 2.87s, epoch: 72
train acc: 41.76, train loss: 3.59
val acc: 17.75, val loss: 5.68
--------------------------------------------------
time: 2.88s, epoch: 73
train acc: 41.76, train loss: 3.57
val acc: 17.91, val loss: 5.68

Best Accuracy = 17.91 % at Epoch-73
Saving model after best epoch-73
--------------------------------------------------
time: 2.88s, epoch: 74
train acc: 41.97, train loss: 3.57
val acc: 18.03, val loss: 5.72

Best Accuracy = 18.03 % at Epoch-74
Saving model after best epoch-74
--------------------------------------------------
time: 2.90s, epoch: 75
train acc: 42.27, train loss: 3.55
val acc: 18.41, val loss: 5.69

Best Accuracy = 18.41 % at Epoch-75
Saving model after best epoch-75
--------------------------------------------------
time: 2.91s, epoch: 76
train acc: 42.19, train loss: 3.54
val acc: 18.36, val loss: 5.70
--------------------------------------------------
time: 2.88s, epoch: 77
train acc: 42.47, train loss: 3.53
val acc: 18.52, val loss: 5.74

Best Accuracy = 18.52 % at Epoch-77
Saving model after best epoch-77
--------------------------------------------------
time: 2.88s, epoch: 78
train acc: 42.60, train loss: 3.52
val acc: 18.25, val loss: 5.72
--------------------------------------------------
time: 2.88s, epoch: 79
train acc: 42.90, train loss: 3.51
val acc: 18.69, val loss: 5.78

Best Accuracy = 18.69 % at Epoch-79
Saving model after best epoch-79
--------------------------------------------------
time: 2.88s, epoch: 80
train acc: 42.91, train loss: 3.50
val acc: 18.14, val loss: 5.74
--------------------------------------------------
time: 2.89s, epoch: 81
train acc: 43.11, train loss: 3.49
val acc: 18.08, val loss: 5.75
--------------------------------------------------
time: 2.89s, epoch: 82
train acc: 43.02, train loss: 3.48
val acc: 18.30, val loss: 5.76
--------------------------------------------------
time: 2.90s, epoch: 83
train acc: 43.28, train loss: 3.47
val acc: 18.75, val loss: 5.74

Best Accuracy = 18.75 % at Epoch-83
Saving model after best epoch-83
--------------------------------------------------
time: 2.91s, epoch: 84
train acc: 43.26, train loss: 3.46
val acc: 17.97, val loss: 5.80
--------------------------------------------------
time: 2.90s, epoch: 85
train acc: 43.35, train loss: 3.46
val acc: 18.75, val loss: 5.81
--------------------------------------------------
time: 2.88s, epoch: 86
train acc: 43.55, train loss: 3.44
val acc: 18.69, val loss: 5.81
--------------------------------------------------
time: 2.89s, epoch: 87
train acc: 43.58, train loss: 3.44
val acc: 18.64, val loss: 5.79
--------------------------------------------------
time: 2.88s, epoch: 88
train acc: 44.02, train loss: 3.43
val acc: 18.91, val loss: 5.80

Best Accuracy = 18.91 % at Epoch-88
Saving model after best epoch-88
--------------------------------------------------
time: 2.95s, epoch: 89
train acc: 44.05, train loss: 3.42
val acc: 18.91, val loss: 5.76
--------------------------------------------------
time: 2.93s, epoch: 90
train acc: 44.03, train loss: 3.41
val acc: 18.86, val loss: 5.79
--------------------------------------------------
time: 2.87s, epoch: 91
train acc: 44.15, train loss: 3.41
val acc: 18.86, val loss: 5.79
--------------------------------------------------
time: 2.88s, epoch: 92
train acc: 44.30, train loss: 3.40
val acc: 18.86, val loss: 5.80
--------------------------------------------------
time: 2.88s, epoch: 93
train acc: 44.18, train loss: 3.40
val acc: 19.19, val loss: 5.81

Best Accuracy = 19.19 % at Epoch-93
Saving model after best epoch-93
--------------------------------------------------
time: 2.97s, epoch: 94
train acc: 44.33, train loss: 3.39
val acc: 18.97, val loss: 5.81
--------------------------------------------------
time: 2.93s, epoch: 95
train acc: 44.39, train loss: 3.38
val acc: 18.69, val loss: 5.81
--------------------------------------------------
time: 2.89s, epoch: 96
train acc: 44.70, train loss: 3.38
val acc: 19.36, val loss: 5.83

Best Accuracy = 19.36 % at Epoch-96
Saving model after best epoch-96
--------------------------------------------------
time: 2.88s, epoch: 97
train acc: 44.62, train loss: 3.37
val acc: 19.30, val loss: 5.83
--------------------------------------------------
time: 2.88s, epoch: 98
train acc: 44.79, train loss: 3.36
val acc: 18.30, val loss: 5.84
--------------------------------------------------
time: 2.87s, epoch: 99
train acc: 45.00, train loss: 3.36
val acc: 18.86, val loss: 5.82
--------------------------------------------------
time: 2.92s, epoch: 100
train acc: 45.22, train loss: 3.34
val acc: 18.91, val loss: 5.82

Finished Training Model


Started Evaluating Test

Loaded best model from /scratch/models/code2token/xalnum/top50_lstm_best.pth
test_set = #4265

Accuracy for classes:
Accuracy for class accept is: 6.67 %
Accuracy for class actionPerformed is: 0.00 %
Accuracy for class add is: 6.49 %
Accuracy for class apply is: 0.00 %
Accuracy for class build is: 0.00 %
Accuracy for class clear is: 26.67 %
Accuracy for class clone is: 0.00 %
Accuracy for class close is: 28.79 %
Accuracy for class compare is: 32.56 %
Accuracy for class compareTo is: 10.11 %
Accuracy for class configure is: 0.00 %
Accuracy for class create is: 2.56 %
Accuracy for class deploy is: 0.00 %
Accuracy for class destroy is: 0.00 %
Accuracy for class dispose is: 0.00 %
Accuracy for class doFix is: 0.00 %
Accuracy for class doTest is: 0.00 %
Accuracy for class equals is: 90.97 %
Accuracy for class execute is: 7.41 %
Accuracy for class foo is: 0.00 %
Accuracy for class get is: 7.89 %
Accuracy for class getModelAttributes is: 0.00 %
Accuracy for class getName is: 2.22 %
Accuracy for class hashCode is: 16.72 %
Accuracy for class init is: 3.73 %
Accuracy for class initData is: 0.00 %
Accuracy for class invoke is: 27.27 %
Accuracy for class isAvailable is: 0.00 %
Accuracy for class main is: 52.14 %
Accuracy for class parse is: 0.00 %
Accuracy for class process is: 0.00 %
Accuracy for class read is: 5.68 %
Accuracy for class readExternal is: 0.00 %
Accuracy for class readFrom is: 0.00 %
Accuracy for class remove is: 0.00 %
Accuracy for class removeAll is: 0.00 %
Accuracy for class reset is: 10.47 %
Accuracy for class run is: 19.03 %
Accuracy for class setUp is: 47.74 %
Accuracy for class setup is: 11.74 %
Accuracy for class start is: 0.00 %
Accuracy for class stop is: 1.79 %
Accuracy for class tearDown is: 25.67 %
Accuracy for class test is: 0.00 %
Accuracy for class toString is: 50.30 %
Accuracy for class update is: 11.11 %
Accuracy for class validate is: 0.00 %
Accuracy for class write is: 0.92 %
Accuracy for class writeExternal is: 0.00 %
Accuracy for class writeTo is: 16.67 %

Overall Accuracy = 27.17 %


Finished Evaluating Test

