
DataLoader:

train_set = #27119
val_set = #1803

Configuration:

DB_NAME = java-top50, IMG_TYPE = reformat, TRANS_SIZE = 512
MAX_EPOCH = 100, BATCH_SIZE = 64

device = cuda:0


Started Training Model

--------------------------------------------------
time: 576.48s, epoch: 1
train acc: 7.07, train loss: 3.77
val acc: 2.41, val loss: 3.89

Best Accuracy = 2.41 % at Epoch-1
Saving model after best epoch-1
--------------------------------------------------
time: 550.72s, epoch: 2
train acc: 7.22, train loss: 3.70
val acc: 2.41, val loss: 3.89
--------------------------------------------------
time: 516.23s, epoch: 3
train acc: 7.22, train loss: 3.69
val acc: 2.41, val loss: 3.86
--------------------------------------------------
time: 517.75s, epoch: 4
train acc: 7.22, train loss: 3.69
val acc: 2.41, val loss: 3.91
--------------------------------------------------
time: 537.01s, epoch: 5
train acc: 7.22, train loss: 3.68
val acc: 2.41, val loss: 3.84
--------------------------------------------------
time: 535.18s, epoch: 6
train acc: 9.99, train loss: 3.45
val acc: 2.86, val loss: 3.75

Best Accuracy = 2.86 % at Epoch-6
Saving model after best epoch-6
--------------------------------------------------
time: 572.03s, epoch: 7
train acc: 14.63, train loss: 3.07
val acc: 2.97, val loss: 3.60

Best Accuracy = 2.97 % at Epoch-7
Saving model after best epoch-7
--------------------------------------------------
time: 584.27s, epoch: 8
train acc: 19.21, train loss: 2.75
val acc: 4.72, val loss: 3.63

Best Accuracy = 4.72 % at Epoch-8
Saving model after best epoch-8
--------------------------------------------------
time: 582.68s, epoch: 9
train acc: 23.42, train loss: 2.46
val acc: 7.24, val loss: 3.73

Best Accuracy = 7.24 % at Epoch-9
Saving model after best epoch-9
--------------------------------------------------
time: 587.92s, epoch: 10
train acc: 27.50, train loss: 2.18
val acc: 13.83, val loss: 3.46

Best Accuracy = 13.83 % at Epoch-10
Saving model after best epoch-10
--------------------------------------------------
time: 588.97s, epoch: 11
train acc: 30.41, train loss: 1.99
val acc: 10.10, val loss: 3.36
--------------------------------------------------
time: 587.93s, epoch: 12
train acc: 32.44, train loss: 1.86
val acc: 14.86, val loss: 3.28

Best Accuracy = 14.86 % at Epoch-12
Saving model after best epoch-12
--------------------------------------------------
time: 587.35s, epoch: 13
train acc: 33.99, train loss: 1.74
val acc: 15.14, val loss: 3.17

Best Accuracy = 15.14 % at Epoch-13
Saving model after best epoch-13
--------------------------------------------------
time: 583.27s, epoch: 14
train acc: 35.47, train loss: 1.63
val acc: 12.97, val loss: 3.17
--------------------------------------------------
time: 585.84s, epoch: 15
train acc: 36.85, train loss: 1.54
val acc: 13.66, val loss: 3.36
--------------------------------------------------
time: 578.84s, epoch: 16
train acc: 37.92, train loss: 1.46
val acc: 11.66, val loss: 3.36
--------------------------------------------------
time: 580.79s, epoch: 17
train acc: 39.03, train loss: 1.39
val acc: 13.93, val loss: 3.24
--------------------------------------------------
time: 577.26s, epoch: 18
train acc: 40.25, train loss: 1.32
val acc: 12.55, val loss: 3.13
--------------------------------------------------
time: 588.11s, epoch: 19
train acc: 40.94, train loss: 1.28
val acc: 11.86, val loss: 3.57
--------------------------------------------------
time: 585.83s, epoch: 20
train acc: 41.89, train loss: 1.23
val acc: 17.83, val loss: 3.07

Best Accuracy = 17.83 % at Epoch-20
Saving model after best epoch-20
--------------------------------------------------
time: 582.94s, epoch: 21
train acc: 42.70, train loss: 1.18
val acc: 15.17, val loss: 3.28
--------------------------------------------------
time: 574.86s, epoch: 22
train acc: 43.37, train loss: 1.13
val acc: 14.59, val loss: 3.05
--------------------------------------------------
time: 571.42s, epoch: 23
train acc: 44.09, train loss: 1.09
val acc: 13.93, val loss: 3.33
--------------------------------------------------
time: 576.64s, epoch: 24
train acc: 44.64, train loss: 1.06
val acc: 15.55, val loss: 3.33
--------------------------------------------------
time: 572.74s, epoch: 25
train acc: 45.18, train loss: 1.02
val acc: 14.90, val loss: 3.33
--------------------------------------------------
time: 580.05s, epoch: 26
train acc: 45.73, train loss: 0.98
val acc: 17.66, val loss: 3.23
--------------------------------------------------
time: 583.16s, epoch: 27
train acc: 46.42, train loss: 0.94
val acc: 15.66, val loss: 3.65
--------------------------------------------------
time: 582.97s, epoch: 28
train acc: 46.93, train loss: 0.91
val acc: 14.72, val loss: 3.11
--------------------------------------------------
time: 579.42s, epoch: 29
train acc: 47.44, train loss: 0.87
val acc: 14.93, val loss: 3.11
--------------------------------------------------
time: 583.65s, epoch: 30
train acc: 48.31, train loss: 0.83
val acc: 15.66, val loss: 3.33
--------------------------------------------------
time: 593.59s, epoch: 31
train acc: 48.79, train loss: 0.80
val acc: 15.14, val loss: 3.55
--------------------------------------------------
time: 594.19s, epoch: 32
train acc: 49.25, train loss: 0.77
val acc: 13.28, val loss: 3.88
--------------------------------------------------
time: 591.69s, epoch: 33
train acc: 49.78, train loss: 0.73
val acc: 14.45, val loss: 3.67
--------------------------------------------------
time: 590.80s, epoch: 34
train acc: 50.22, train loss: 0.71
val acc: 14.86, val loss: 3.99
--------------------------------------------------
time: 580.14s, epoch: 35
train acc: 50.74, train loss: 0.67
val acc: 16.31, val loss: 3.86
--------------------------------------------------
time: 579.33s, epoch: 36
train acc: 51.29, train loss: 0.64
val acc: 12.86, val loss: 3.71
--------------------------------------------------
time: 561.55s, epoch: 37
train acc: 51.86, train loss: 0.60
val acc: 16.69, val loss: 3.39
--------------------------------------------------
time: 572.01s, epoch: 38
train acc: 52.15, train loss: 0.59
val acc: 16.79, val loss: 4.23
--------------------------------------------------
time: 570.83s, epoch: 39
train acc: 53.07, train loss: 0.55
val acc: 14.83, val loss: 4.06
--------------------------------------------------
time: 540.83s, epoch: 40
train acc: 53.45, train loss: 0.53
val acc: 16.17, val loss: 4.22

Early stopping as no improvements for last 20 epochs.
Final Best Accuracy = 17.83 % at Epoch-20


Finished Training Model


Started Evaluating Test

Loaded best model from /scratch/models/code2img/reformat/top50_alexNet_best.pth
test_set = #4265

Accuracy for classes:
Accuracy for class accept is: 6.67 %
Accuracy for class actionPerformed is: 0.00 %
Accuracy for class add is: 31.17 %
Accuracy for class apply is: 0.00 %
Accuracy for class build is: 0.00 %
Accuracy for class clear is: 20.00 %
Accuracy for class clone is: 20.00 %
Accuracy for class close is: 51.75 %
Accuracy for class compare is: 54.65 %
Accuracy for class compareTo is: 66.29 %
Accuracy for class configure is: 4.35 %
Accuracy for class create is: 44.87 %
Accuracy for class deploy is: 0.00 %
Accuracy for class destroy is: 0.00 %
Accuracy for class dispose is: 0.00 %
Accuracy for class doFix is: 0.00 %
Accuracy for class doTest is: 66.67 %
Accuracy for class equals is: 98.26 %
Accuracy for class execute is: 11.11 %
Accuracy for class foo is: 0.00 %
Accuracy for class get is: 10.53 %
Accuracy for class getModelAttributes is: 0.00 %
Accuracy for class getName is: 1.48 %
Accuracy for class hashCode is: 97.91 %
Accuracy for class init is: 2.99 %
Accuracy for class initData is: 0.00 %
Accuracy for class invoke is: 45.45 %
Accuracy for class isAvailable is: 0.00 %
Accuracy for class main is: 99.22 %
Accuracy for class parse is: 9.68 %
Accuracy for class process is: 0.00 %
Accuracy for class read is: 18.18 %
Accuracy for class readExternal is: 0.00 %
Accuracy for class readFrom is: 0.00 %
Accuracy for class remove is: 6.00 %
Accuracy for class removeAll is: 0.00 %
Accuracy for class reset is: 0.00 %
Accuracy for class run is: 33.20 %
Accuracy for class setUp is: 80.97 %
Accuracy for class setup is: 2.82 %
Accuracy for class start is: 0.00 %
Accuracy for class stop is: 1.79 %
Accuracy for class tearDown is: 69.73 %
Accuracy for class test is: 0.00 %
Accuracy for class toString is: 75.25 %
Accuracy for class update is: 0.00 %
Accuracy for class validate is: 30.00 %
Accuracy for class write is: 53.46 %
Accuracy for class writeExternal is: 0.00 %
Accuracy for class writeTo is: 33.33 %

Overall Accuracy = 51.72 %

Finished Evaluating Test
