
DataLoader:

train_set = #10000
val_set = #4847

Configuration:

DB_NAME = java-top10, IMG_TYPE = reformat, TRANS_SIZE = 512
MAX_EPOCH = 100, BATCH_SIZE = 64

device = cuda:0


Started Training Model

--------------------------------------------------
time: 274.45s, epoch: 1
train acc: 6.36, train loss: 2.30
val acc: 5.87, val loss: 2.30

Best Accuracy = 5.87 % at Epoch-1
Saving model after best epoch-1
--------------------------------------------------
time: 264.21s, epoch: 2
train acc: 6.32, train loss: 2.30
val acc: 3.28, val loss: 2.30
--------------------------------------------------
time: 263.72s, epoch: 3
train acc: 6.56, train loss: 2.30
val acc: 5.58, val loss: 2.30
--------------------------------------------------
time: 263.99s, epoch: 4
train acc: 6.82, train loss: 2.30
val acc: 6.26, val loss: 2.30

Best Accuracy = 6.26 % at Epoch-4
Saving model after best epoch-4
--------------------------------------------------
time: 263.79s, epoch: 5
train acc: 7.20, train loss: 2.30
val acc: 4.37, val loss: 2.30
--------------------------------------------------
time: 263.63s, epoch: 6
train acc: 6.78, train loss: 2.30
val acc: 4.21, val loss: 2.30
--------------------------------------------------
time: 264.23s, epoch: 7
train acc: 6.92, train loss: 2.30
val acc: 3.28, val loss: 2.30
--------------------------------------------------
time: 264.57s, epoch: 8
train acc: 7.46, train loss: 2.30
val acc: 3.59, val loss: 2.30
--------------------------------------------------
time: 264.15s, epoch: 9
train acc: 7.36, train loss: 2.30
val acc: 8.08, val loss: 2.30

Best Accuracy = 8.08 % at Epoch-9
Saving model after best epoch-9
--------------------------------------------------
time: 263.51s, epoch: 10
train acc: 8.10, train loss: 2.30
val acc: 6.97, val loss: 2.30
--------------------------------------------------
time: 263.86s, epoch: 11
train acc: 9.23, train loss: 2.29
val acc: 8.51, val loss: 2.29

Best Accuracy = 8.51 % at Epoch-11
Saving model after best epoch-11
--------------------------------------------------
time: 264.03s, epoch: 12
train acc: 10.73, train loss: 2.27
val acc: 9.05, val loss: 2.24

Best Accuracy = 9.05 % at Epoch-12
Saving model after best epoch-12
--------------------------------------------------
time: 264.26s, epoch: 13
train acc: 13.33, train loss: 2.19
val acc: 13.59, val loss: 2.11

Best Accuracy = 13.59 % at Epoch-13
Saving model after best epoch-13
--------------------------------------------------
time: 264.20s, epoch: 14
train acc: 16.53, train loss: 2.07
val acc: 21.63, val loss: 1.95

Best Accuracy = 21.63 % at Epoch-14
Saving model after best epoch-14
--------------------------------------------------
time: 263.70s, epoch: 15
train acc: 19.69, train loss: 1.93
val acc: 25.61, val loss: 1.74

Best Accuracy = 25.61 % at Epoch-15
Saving model after best epoch-15
--------------------------------------------------
time: 263.97s, epoch: 16
train acc: 24.79, train loss: 1.75
val acc: 30.76, val loss: 1.57

Best Accuracy = 30.76 % at Epoch-16
Saving model after best epoch-16
--------------------------------------------------
time: 264.47s, epoch: 17
train acc: 30.17, train loss: 1.55
val acc: 37.82, val loss: 1.25

Best Accuracy = 37.82 % at Epoch-17
Saving model after best epoch-17
--------------------------------------------------
time: 264.37s, epoch: 18
train acc: 36.75, train loss: 1.26
val acc: 44.07, val loss: 0.96

Best Accuracy = 44.07 % at Epoch-18
Saving model after best epoch-18
--------------------------------------------------
time: 263.79s, epoch: 19
train acc: 42.06, train loss: 1.00
val acc: 45.41, val loss: 0.88

Best Accuracy = 45.41 % at Epoch-19
Saving model after best epoch-19
--------------------------------------------------
time: 264.00s, epoch: 20
train acc: 44.42, train loss: 0.87
val acc: 48.68, val loss: 0.71

Best Accuracy = 48.68 % at Epoch-20
Saving model after best epoch-20
--------------------------------------------------
time: 263.93s, epoch: 21
train acc: 45.56, train loss: 0.80
val acc: 49.80, val loss: 0.65

Best Accuracy = 49.80 % at Epoch-21
Saving model after best epoch-21
--------------------------------------------------
time: 263.80s, epoch: 22
train acc: 47.63, train loss: 0.72
val acc: 48.50, val loss: 0.70
--------------------------------------------------
time: 263.78s, epoch: 23
train acc: 48.74, train loss: 0.69
val acc: 51.49, val loss: 0.57

Best Accuracy = 51.49 % at Epoch-23
Saving model after best epoch-23
--------------------------------------------------
time: 264.08s, epoch: 24
train acc: 49.61, train loss: 0.63
val acc: 50.46, val loss: 0.62
--------------------------------------------------
time: 264.20s, epoch: 25
train acc: 49.80, train loss: 0.63
val acc: 52.28, val loss: 0.53

Best Accuracy = 52.28 % at Epoch-25
Saving model after best epoch-25
--------------------------------------------------
time: 263.58s, epoch: 26
train acc: 50.61, train loss: 0.58
val acc: 51.96, val loss: 0.54
--------------------------------------------------
time: 263.55s, epoch: 27
train acc: 51.55, train loss: 0.55
val acc: 52.82, val loss: 0.52

Best Accuracy = 52.82 % at Epoch-27
Saving model after best epoch-27
--------------------------------------------------
time: 263.75s, epoch: 28
train acc: 52.11, train loss: 0.52
val acc: 53.38, val loss: 0.51

Best Accuracy = 53.38 % at Epoch-28
Saving model after best epoch-28
--------------------------------------------------
time: 264.13s, epoch: 29
train acc: 52.45, train loss: 0.50
val acc: 53.32, val loss: 0.49
--------------------------------------------------
time: 264.38s, epoch: 30
train acc: 52.50, train loss: 0.49
val acc: 53.70, val loss: 0.49

Best Accuracy = 53.70 % at Epoch-30
Saving model after best epoch-30
--------------------------------------------------
time: 264.34s, epoch: 31
train acc: 53.24, train loss: 0.47
val acc: 53.84, val loss: 0.51

Best Accuracy = 53.84 % at Epoch-31
Saving model after best epoch-31
--------------------------------------------------
time: 263.81s, epoch: 32
train acc: 53.64, train loss: 0.45
val acc: 53.55, val loss: 0.50
--------------------------------------------------
time: 263.76s, epoch: 33
train acc: 53.78, train loss: 0.44
val acc: 54.34, val loss: 0.45

Best Accuracy = 54.34 % at Epoch-33
Saving model after best epoch-33
--------------------------------------------------
time: 264.06s, epoch: 34
train acc: 54.61, train loss: 0.41
val acc: 54.20, val loss: 0.47
--------------------------------------------------
time: 263.53s, epoch: 35
train acc: 55.36, train loss: 0.38
val acc: 54.07, val loss: 0.48
--------------------------------------------------
time: 263.20s, epoch: 36
train acc: 55.99, train loss: 0.35
val acc: 54.11, val loss: 0.51
--------------------------------------------------
time: 263.93s, epoch: 37
train acc: 56.20, train loss: 0.34
val acc: 54.34, val loss: 0.49
--------------------------------------------------
time: 263.71s, epoch: 38
train acc: 56.79, train loss: 0.32
val acc: 54.17, val loss: 0.52
--------------------------------------------------
time: 264.26s, epoch: 39
train acc: 57.17, train loss: 0.30
val acc: 53.92, val loss: 0.53
--------------------------------------------------
time: 264.17s, epoch: 40
train acc: 58.03, train loss: 0.26
val acc: 53.57, val loss: 0.61
--------------------------------------------------
time: 264.08s, epoch: 41
train acc: 57.74, train loss: 0.27
val acc: 52.68, val loss: 0.70
--------------------------------------------------
time: 263.90s, epoch: 42
train acc: 58.56, train loss: 0.23
val acc: 54.21, val loss: 0.56
--------------------------------------------------
time: 264.26s, epoch: 43
train acc: 59.31, train loss: 0.20
val acc: 54.61, val loss: 0.56

Best Accuracy = 54.61 % at Epoch-43
Saving model after best epoch-43
--------------------------------------------------
time: 263.74s, epoch: 44
train acc: 59.34, train loss: 0.20
val acc: 53.38, val loss: 0.67
--------------------------------------------------
time: 263.65s, epoch: 45
train acc: 59.38, train loss: 0.19
val acc: 54.03, val loss: 0.74
--------------------------------------------------
time: 263.83s, epoch: 46
train acc: 59.54, train loss: 0.19
val acc: 53.92, val loss: 0.68
--------------------------------------------------
time: 263.73s, epoch: 47
train acc: 60.44, train loss: 0.15
val acc: 53.84, val loss: 0.72
--------------------------------------------------
time: 263.69s, epoch: 48
train acc: 60.47, train loss: 0.15
val acc: 54.32, val loss: 0.73
--------------------------------------------------
time: 263.58s, epoch: 49
train acc: 61.35, train loss: 0.11
val acc: 53.53, val loss: 0.82
--------------------------------------------------
time: 263.72s, epoch: 50
train acc: 60.63, train loss: 0.14
val acc: 54.24, val loss: 0.72
--------------------------------------------------
time: 263.93s, epoch: 51
train acc: 61.52, train loss: 0.10
val acc: 54.33, val loss: 0.77
--------------------------------------------------
time: 263.99s, epoch: 52
train acc: 62.22, train loss: 0.07
val acc: 54.17, val loss: 0.96
--------------------------------------------------
time: 263.64s, epoch: 53
train acc: 60.29, train loss: 0.15
val acc: 54.16, val loss: 0.72
--------------------------------------------------
time: 263.86s, epoch: 54
train acc: 61.75, train loss: 0.09
val acc: 53.61, val loss: 0.93
--------------------------------------------------
time: 264.04s, epoch: 55
train acc: 62.38, train loss: 0.06
val acc: 54.33, val loss: 0.87
--------------------------------------------------
time: 264.04s, epoch: 56
train acc: 62.77, train loss: 0.05
val acc: 54.54, val loss: 0.84
--------------------------------------------------
time: 263.61s, epoch: 57
train acc: 61.73, train loss: 0.09
val acc: 53.84, val loss: 0.93
--------------------------------------------------
time: 263.80s, epoch: 58
train acc: 62.78, train loss: 0.04
val acc: 54.33, val loss: 0.97
--------------------------------------------------
time: 263.61s, epoch: 59
train acc: 62.71, train loss: 0.05
val acc: 53.97, val loss: 0.97
--------------------------------------------------
time: 263.45s, epoch: 60
train acc: 63.06, train loss: 0.03
val acc: 54.42, val loss: 0.98
--------------------------------------------------
time: 264.54s, epoch: 61
train acc: 63.16, train loss: 0.03
val acc: 54.83, val loss: 1.05

Best Accuracy = 54.83 % at Epoch-61
Saving model after best epoch-61
--------------------------------------------------
time: 264.12s, epoch: 62
train acc: 62.83, train loss: 0.04
val acc: 53.68, val loss: 1.06
--------------------------------------------------
time: 264.37s, epoch: 63
train acc: 63.00, train loss: 0.04
val acc: 54.33, val loss: 1.02
--------------------------------------------------
time: 263.55s, epoch: 64
train acc: 62.89, train loss: 0.04
val acc: 54.29, val loss: 0.99
--------------------------------------------------
time: 263.95s, epoch: 65
train acc: 63.00, train loss: 0.03
val acc: 54.00, val loss: 1.15
--------------------------------------------------
time: 263.81s, epoch: 66
train acc: 62.94, train loss: 0.03
val acc: 54.32, val loss: 1.11
--------------------------------------------------
time: 263.86s, epoch: 67
train acc: 63.22, train loss: 0.02
val acc: 53.89, val loss: 1.11
--------------------------------------------------
time: 263.75s, epoch: 68
train acc: 63.36, train loss: 0.02
val acc: 54.45, val loss: 1.17
--------------------------------------------------
time: 263.83s, epoch: 69
train acc: 63.36, train loss: 0.02
val acc: 54.25, val loss: 1.17
--------------------------------------------------
time: 264.21s, epoch: 70
train acc: 63.41, train loss: 0.01
val acc: 53.95, val loss: 1.23
--------------------------------------------------
time: 263.97s, epoch: 71
train acc: 62.47, train loss: 0.05
val acc: 54.07, val loss: 1.17
--------------------------------------------------
time: 264.14s, epoch: 72
train acc: 63.15, train loss: 0.03
val acc: 54.54, val loss: 1.10
--------------------------------------------------
time: 263.87s, epoch: 73
train acc: 63.29, train loss: 0.02
val acc: 54.49, val loss: 1.12
--------------------------------------------------
time: 263.84s, epoch: 74
train acc: 63.48, train loss: 0.01
val acc: 54.49, val loss: 1.16
--------------------------------------------------
time: 263.76s, epoch: 75
train acc: 63.57, train loss: 0.01
val acc: 54.26, val loss: 1.21
--------------------------------------------------
time: 264.23s, epoch: 76
train acc: 63.54, train loss: 0.01
val acc: 54.25, val loss: 1.23
--------------------------------------------------
time: 264.08s, epoch: 77
train acc: 63.36, train loss: 0.02
val acc: 54.41, val loss: 1.18
--------------------------------------------------
time: 263.66s, epoch: 78
train acc: 63.42, train loss: 0.01
val acc: 53.89, val loss: 1.23
--------------------------------------------------
time: 264.04s, epoch: 79
train acc: 63.59, train loss: 0.01
val acc: 53.93, val loss: 1.26
--------------------------------------------------
time: 264.53s, epoch: 80
train acc: 63.57, train loss: 0.01
val acc: 54.67, val loss: 1.22
--------------------------------------------------
time: 264.13s, epoch: 81
train acc: 63.67, train loss: 0.00
val acc: 54.22, val loss: 1.23

Early stopping as no improvements for last 20 epochs.
Final Best Accuracy = 54.83 % at Epoch-61


Finished Training Model


Started Evaluating Test

Loaded best model from /scratch/models/code2img/reformat/top10_alexNet_best.pth
test_set = #7100

Accuracy for classes:
Accuracy for class equals is: 97.53 %
Accuracy for class execute is: 56.41 %
Accuracy for class get is: 73.13 %
Accuracy for class hashCode is: 96.62 %
Accuracy for class init is: 53.51 %
Accuracy for class main is: 98.82 %
Accuracy for class onCreate is: 96.90 %
Accuracy for class run is: 58.54 %
Accuracy for class setUp is: 89.47 %
Accuracy for class toString is: 93.27 %

Overall Accuracy = 81.18 %

Finished Evaluating Test
