
DataLoader:

train_set = #10000
val_set = #4847

Configuration:

DB_NAME = java-top10, IMG_TYPE = redacted, TRANS_SIZE = 512
MAX_EPOCH = 100, BATCH_SIZE = 64

device = cuda:0


Started Training Model

--------------------------------------------------
time: 265.87s, epoch: 1
train acc: 6.52, train loss: 2.30
val acc: 12.34, val loss: 2.30

Best Accuracy = 12.34 % at Epoch-1
Saving model after best epoch-1
--------------------------------------------------
time: 258.97s, epoch: 2
train acc: 6.62, train loss: 2.30
val acc: 10.70, val loss: 2.30
--------------------------------------------------
time: 258.27s, epoch: 3
train acc: 6.27, train loss: 2.30
val acc: 7.80, val loss: 2.30
--------------------------------------------------
time: 258.57s, epoch: 4
train acc: 7.16, train loss: 2.30
val acc: 7.37, val loss: 2.30
--------------------------------------------------
time: 258.79s, epoch: 5
train acc: 7.22, train loss: 2.30
val acc: 7.79, val loss: 2.30
--------------------------------------------------
time: 258.30s, epoch: 6
train acc: 7.20, train loss: 2.30
val acc: 5.96, val loss: 2.30
--------------------------------------------------
time: 258.89s, epoch: 7
train acc: 7.42, train loss: 2.30
val acc: 7.17, val loss: 2.30
--------------------------------------------------
time: 258.43s, epoch: 8
train acc: 8.71, train loss: 2.30
val acc: 6.78, val loss: 2.29
--------------------------------------------------
time: 258.35s, epoch: 9
train acc: 8.58, train loss: 2.29
val acc: 6.83, val loss: 2.28
--------------------------------------------------
time: 258.87s, epoch: 10
train acc: 11.39, train loss: 2.25
val acc: 12.63, val loss: 2.21

Best Accuracy = 12.63 % at Epoch-10
Saving model after best epoch-10
--------------------------------------------------
time: 258.65s, epoch: 11
train acc: 15.25, train loss: 2.13
val acc: 17.89, val loss: 2.02

Best Accuracy = 17.89 % at Epoch-11
Saving model after best epoch-11
--------------------------------------------------
time: 258.17s, epoch: 12
train acc: 19.01, train loss: 1.98
val acc: 24.58, val loss: 1.82

Best Accuracy = 24.58 % at Epoch-12
Saving model after best epoch-12
--------------------------------------------------
time: 258.52s, epoch: 13
train acc: 24.17, train loss: 1.78
val acc: 31.63, val loss: 1.55

Best Accuracy = 31.63 % at Epoch-13
Saving model after best epoch-13
--------------------------------------------------
time: 258.24s, epoch: 14
train acc: 30.61, train loss: 1.54
val acc: 38.71, val loss: 1.25

Best Accuracy = 38.71 % at Epoch-14
Saving model after best epoch-14
--------------------------------------------------
time: 257.88s, epoch: 15
train acc: 36.37, train loss: 1.28
val acc: 42.29, val loss: 1.05

Best Accuracy = 42.29 % at Epoch-15
Saving model after best epoch-15
--------------------------------------------------
time: 258.37s, epoch: 16
train acc: 40.76, train loss: 1.07
val acc: 44.28, val loss: 0.95

Best Accuracy = 44.28 % at Epoch-16
Saving model after best epoch-16
--------------------------------------------------
time: 258.04s, epoch: 17
train acc: 42.94, train loss: 0.96
val acc: 46.46, val loss: 0.85

Best Accuracy = 46.46 % at Epoch-17
Saving model after best epoch-17
--------------------------------------------------
time: 258.77s, epoch: 18
train acc: 44.08, train loss: 0.88
val acc: 46.99, val loss: 0.81

Best Accuracy = 46.99 % at Epoch-18
Saving model after best epoch-18
--------------------------------------------------
time: 258.87s, epoch: 19
train acc: 44.68, train loss: 0.85
val acc: 46.64, val loss: 0.81
--------------------------------------------------
time: 258.60s, epoch: 20
train acc: 46.11, train loss: 0.80
val acc: 47.92, val loss: 0.71

Best Accuracy = 47.92 % at Epoch-20
Saving model after best epoch-20
--------------------------------------------------
time: 258.30s, epoch: 21
train acc: 46.84, train loss: 0.77
val acc: 48.25, val loss: 0.72

Best Accuracy = 48.25 % at Epoch-21
Saving model after best epoch-21
--------------------------------------------------
time: 258.12s, epoch: 22
train acc: 47.64, train loss: 0.74
val acc: 48.30, val loss: 0.72

Best Accuracy = 48.30 % at Epoch-22
Saving model after best epoch-22
--------------------------------------------------
time: 258.25s, epoch: 23
train acc: 48.15, train loss: 0.71
val acc: 49.24, val loss: 0.68

Best Accuracy = 49.24 % at Epoch-23
Saving model after best epoch-23
--------------------------------------------------
time: 258.77s, epoch: 24
train acc: 48.45, train loss: 0.68
val acc: 49.37, val loss: 0.69

Best Accuracy = 49.37 % at Epoch-24
Saving model after best epoch-24
--------------------------------------------------
time: 258.09s, epoch: 25
train acc: 49.30, train loss: 0.66
val acc: 50.36, val loss: 0.63

Best Accuracy = 50.36 % at Epoch-25
Saving model after best epoch-25
--------------------------------------------------
time: 258.20s, epoch: 26
train acc: 49.34, train loss: 0.65
val acc: 49.80, val loss: 0.65
--------------------------------------------------
time: 258.85s, epoch: 27
train acc: 49.79, train loss: 0.63
val acc: 50.49, val loss: 0.64

Best Accuracy = 50.49 % at Epoch-27
Saving model after best epoch-27
--------------------------------------------------
time: 258.30s, epoch: 28
train acc: 50.29, train loss: 0.61
val acc: 48.62, val loss: 0.70
--------------------------------------------------
time: 257.91s, epoch: 29
train acc: 50.52, train loss: 0.60
val acc: 49.76, val loss: 0.67
--------------------------------------------------
time: 258.09s, epoch: 30
train acc: 50.61, train loss: 0.59
val acc: 51.04, val loss: 0.58

Best Accuracy = 51.04 % at Epoch-30
Saving model after best epoch-30
--------------------------------------------------
time: 258.74s, epoch: 31
train acc: 51.52, train loss: 0.56
val acc: 50.84, val loss: 0.61
--------------------------------------------------
time: 258.23s, epoch: 32
train acc: 51.70, train loss: 0.55
val acc: 51.66, val loss: 0.57

Best Accuracy = 51.66 % at Epoch-32
Saving model after best epoch-32
--------------------------------------------------
time: 258.16s, epoch: 33
train acc: 52.08, train loss: 0.53
val acc: 52.08, val loss: 0.55

Best Accuracy = 52.08 % at Epoch-33
Saving model after best epoch-33
--------------------------------------------------
time: 258.26s, epoch: 34
train acc: 52.43, train loss: 0.51
val acc: 52.41, val loss: 0.56

Best Accuracy = 52.41 % at Epoch-34
Saving model after best epoch-34
--------------------------------------------------
time: 258.03s, epoch: 35
train acc: 52.81, train loss: 0.50
val acc: 52.76, val loss: 0.54

Best Accuracy = 52.76 % at Epoch-35
Saving model after best epoch-35
--------------------------------------------------
time: 257.97s, epoch: 36
train acc: 53.18, train loss: 0.48
val acc: 52.49, val loss: 0.53
--------------------------------------------------
time: 258.50s, epoch: 37
train acc: 53.54, train loss: 0.47
val acc: 52.21, val loss: 0.54
--------------------------------------------------
time: 258.61s, epoch: 38
train acc: 53.72, train loss: 0.45
val acc: 52.88, val loss: 0.52

Best Accuracy = 52.88 % at Epoch-38
Saving model after best epoch-38
--------------------------------------------------
time: 258.14s, epoch: 39
train acc: 54.15, train loss: 0.43
val acc: 52.76, val loss: 0.53
--------------------------------------------------
time: 258.50s, epoch: 40
train acc: 54.10, train loss: 0.43
val acc: 52.24, val loss: 0.60
--------------------------------------------------
time: 258.23s, epoch: 41
train acc: 54.45, train loss: 0.41
val acc: 53.29, val loss: 0.53

Best Accuracy = 53.29 % at Epoch-41
Saving model after best epoch-41
--------------------------------------------------
time: 258.58s, epoch: 42
train acc: 54.18, train loss: 0.43
val acc: 53.00, val loss: 0.52
--------------------------------------------------
time: 258.36s, epoch: 43
train acc: 54.92, train loss: 0.39
val acc: 52.99, val loss: 0.56
--------------------------------------------------
time: 258.97s, epoch: 44
train acc: 55.29, train loss: 0.38
val acc: 53.30, val loss: 0.56

Best Accuracy = 53.30 % at Epoch-44
Saving model after best epoch-44
--------------------------------------------------
time: 257.97s, epoch: 45
train acc: 55.48, train loss: 0.37
val acc: 53.21, val loss: 0.54
--------------------------------------------------
time: 258.71s, epoch: 46
train acc: 55.95, train loss: 0.35
val acc: 52.62, val loss: 0.56
--------------------------------------------------
time: 258.52s, epoch: 47
train acc: 56.18, train loss: 0.34
val acc: 52.12, val loss: 0.61
--------------------------------------------------
time: 258.28s, epoch: 48
train acc: 56.18, train loss: 0.32
val acc: 52.57, val loss: 0.59
--------------------------------------------------
time: 258.79s, epoch: 49
train acc: 56.86, train loss: 0.31
val acc: 52.22, val loss: 0.64
--------------------------------------------------
time: 258.32s, epoch: 50
train acc: 56.36, train loss: 0.32
val acc: 52.43, val loss: 0.68
--------------------------------------------------
time: 258.13s, epoch: 51
train acc: 56.85, train loss: 0.30
val acc: 52.89, val loss: 0.61
--------------------------------------------------
time: 258.23s, epoch: 52
train acc: 57.50, train loss: 0.28
val acc: 52.88, val loss: 0.65
--------------------------------------------------
time: 258.06s, epoch: 53
train acc: 57.53, train loss: 0.27
val acc: 52.79, val loss: 0.63
--------------------------------------------------
time: 258.05s, epoch: 54
train acc: 58.22, train loss: 0.25
val acc: 52.87, val loss: 0.65
--------------------------------------------------
time: 258.46s, epoch: 55
train acc: 58.48, train loss: 0.23
val acc: 51.83, val loss: 0.80
--------------------------------------------------
time: 258.30s, epoch: 56
train acc: 58.54, train loss: 0.23
val acc: 53.29, val loss: 0.67
--------------------------------------------------
time: 258.44s, epoch: 57
train acc: 58.52, train loss: 0.23
val acc: 53.07, val loss: 0.67
--------------------------------------------------
time: 258.41s, epoch: 58
train acc: 58.97, train loss: 0.21
val acc: 52.78, val loss: 0.78
--------------------------------------------------
time: 258.03s, epoch: 59
train acc: 58.76, train loss: 0.21
val acc: 52.00, val loss: 0.78
--------------------------------------------------
time: 258.55s, epoch: 60
train acc: 59.55, train loss: 0.19
val acc: 52.49, val loss: 0.76
--------------------------------------------------
time: 258.22s, epoch: 61
train acc: 60.00, train loss: 0.17
val acc: 51.97, val loss: 0.85
--------------------------------------------------
time: 258.05s, epoch: 62
train acc: 59.39, train loss: 0.20
val acc: 51.57, val loss: 0.80
--------------------------------------------------
time: 258.61s, epoch: 63
train acc: 60.04, train loss: 0.15
val acc: 52.34, val loss: 0.82
--------------------------------------------------
time: 258.42s, epoch: 64
train acc: 60.55, train loss: 0.15
val acc: 53.00, val loss: 0.83

Early stopping as no improvements for last 20 epochs.
Final Best Accuracy = 53.30 % at Epoch-44


Finished Training Model


Started Evaluating Test

Loaded best model from /scratch/models/code2img/redacted/top10_alexNet_best.pth
test_set = #7100

Accuracy for classes:
Accuracy for class equals is: 94.94 %
Accuracy for class execute is: 66.38 %
Accuracy for class get is: 75.52 %
Accuracy for class hashCode is: 96.36 %
Accuracy for class init is: 53.99 %
Accuracy for class main is: 99.11 %
Accuracy for class onCreate is: 90.43 %
Accuracy for class run is: 50.19 %
Accuracy for class setUp is: 77.11 %
Accuracy for class toString is: 91.39 %

Overall Accuracy = 78.58 %

Finished Evaluating Test
