
DataLoader:

train_set = #27119
val_set = #1803

Configuration:

DB_NAME = java-top50, IMG_TYPE = redacted, TRANS_SIZE = 512
MAX_EPOCH = 100, BATCH_SIZE = 64

device = cuda:0


Started Training Model

--------------------------------------------------
time: 457.44s, epoch: 1
train acc: 6.82, train loss: 3.78
val acc: 2.41, val loss: 3.85

Best Accuracy = 2.41 % at Epoch-1
Saving model after best epoch-1
--------------------------------------------------
time: 456.01s, epoch: 2
train acc: 7.22, train loss: 3.70
val acc: 2.41, val loss: 3.89
--------------------------------------------------
time: 469.57s, epoch: 3
train acc: 7.22, train loss: 3.69
val acc: 2.41, val loss: 3.89
--------------------------------------------------
time: 477.33s, epoch: 4
train acc: 7.22, train loss: 3.69
val acc: 2.41, val loss: 3.88
--------------------------------------------------
time: 476.87s, epoch: 5
train acc: 7.64, train loss: 3.64
val acc: 1.97, val loss: 3.83
--------------------------------------------------
time: 477.68s, epoch: 6
train acc: 11.89, train loss: 3.28
val acc: 2.97, val loss: 3.65

Best Accuracy = 2.97 % at Epoch-6
Saving model after best epoch-6
--------------------------------------------------
time: 478.48s, epoch: 7
train acc: 16.46, train loss: 2.94
val acc: 6.97, val loss: 3.61

Best Accuracy = 6.97 % at Epoch-7
Saving model after best epoch-7
--------------------------------------------------
time: 476.49s, epoch: 8
train acc: 20.23, train loss: 2.66
val acc: 5.48, val loss: 3.71
--------------------------------------------------
time: 477.22s, epoch: 9
train acc: 23.22, train loss: 2.46
val acc: 10.55, val loss: 3.95

Best Accuracy = 10.55 % at Epoch-9
Saving model after best epoch-9
--------------------------------------------------
time: 477.23s, epoch: 10
train acc: 26.56, train loss: 2.21
val acc: 7.00, val loss: 4.07
--------------------------------------------------
time: 476.65s, epoch: 11
train acc: 29.09, train loss: 2.05
val acc: 8.07, val loss: 4.39
--------------------------------------------------
time: 475.58s, epoch: 12
train acc: 31.12, train loss: 1.92
val acc: 13.79, val loss: 3.76

Best Accuracy = 13.79 % at Epoch-12
Saving model after best epoch-12
--------------------------------------------------
time: 472.54s, epoch: 13
train acc: 32.78, train loss: 1.82
val acc: 10.90, val loss: 3.94
--------------------------------------------------
time: 473.77s, epoch: 14
train acc: 34.34, train loss: 1.73
val acc: 16.55, val loss: 3.87

Best Accuracy = 16.55 % at Epoch-14
Saving model after best epoch-14
--------------------------------------------------
time: 475.58s, epoch: 15
train acc: 35.82, train loss: 1.62
val acc: 10.90, val loss: 4.04
--------------------------------------------------
time: 475.40s, epoch: 16
train acc: 37.00, train loss: 1.54
val acc: 16.21, val loss: 3.88
--------------------------------------------------
time: 474.47s, epoch: 17
train acc: 37.97, train loss: 1.47
val acc: 15.83, val loss: 3.93
--------------------------------------------------
time: 475.34s, epoch: 18
train acc: 38.73, train loss: 1.43
val acc: 17.79, val loss: 3.78

Best Accuracy = 17.79 % at Epoch-18
Saving model after best epoch-18
--------------------------------------------------
time: 475.83s, epoch: 19
train acc: 39.54, train loss: 1.37
val acc: 11.41, val loss: 3.85
--------------------------------------------------
time: 475.19s, epoch: 20
train acc: 40.13, train loss: 1.34
val acc: 17.69, val loss: 3.68
--------------------------------------------------
time: 474.40s, epoch: 21
train acc: 40.73, train loss: 1.29
val acc: 17.24, val loss: 4.03
--------------------------------------------------
time: 474.64s, epoch: 22
train acc: 41.39, train loss: 1.25
val acc: 16.41, val loss: 3.76
--------------------------------------------------
time: 474.22s, epoch: 23
train acc: 42.03, train loss: 1.22
val acc: 16.14, val loss: 3.95
--------------------------------------------------
time: 476.53s, epoch: 24
train acc: 42.30, train loss: 1.20
val acc: 14.69, val loss: 4.03
--------------------------------------------------
time: 476.20s, epoch: 25
train acc: 42.93, train loss: 1.17
val acc: 16.45, val loss: 4.07
--------------------------------------------------
time: 476.62s, epoch: 26
train acc: 43.10, train loss: 1.14
val acc: 15.38, val loss: 3.77
--------------------------------------------------
time: 474.83s, epoch: 27
train acc: 43.61, train loss: 1.10
val acc: 16.00, val loss: 3.71
--------------------------------------------------
time: 475.59s, epoch: 28
train acc: 44.19, train loss: 1.08
val acc: 17.21, val loss: 3.72
--------------------------------------------------
time: 473.66s, epoch: 29
train acc: 44.52, train loss: 1.06
val acc: 16.24, val loss: 3.76
--------------------------------------------------
time: 475.54s, epoch: 30
train acc: 44.92, train loss: 1.03
val acc: 18.00, val loss: 3.60

Best Accuracy = 18.00 % at Epoch-30
Saving model after best epoch-30
--------------------------------------------------
time: 472.59s, epoch: 31
train acc: 45.30, train loss: 1.00
val acc: 18.59, val loss: 4.24

Best Accuracy = 18.59 % at Epoch-31
Saving model after best epoch-31
--------------------------------------------------
time: 476.18s, epoch: 32
train acc: 45.72, train loss: 0.98
val acc: 18.00, val loss: 4.00
--------------------------------------------------
time: 473.74s, epoch: 33
train acc: 46.19, train loss: 0.95
val acc: 17.45, val loss: 3.50
--------------------------------------------------
time: 476.54s, epoch: 34
train acc: 46.38, train loss: 0.93
val acc: 13.83, val loss: 3.95
--------------------------------------------------
time: 473.83s, epoch: 35
train acc: 46.87, train loss: 0.90
val acc: 15.31, val loss: 3.78
--------------------------------------------------
time: 474.24s, epoch: 36
train acc: 46.93, train loss: 0.90
val acc: 17.76, val loss: 4.03
--------------------------------------------------
time: 474.09s, epoch: 37
train acc: 47.53, train loss: 0.87
val acc: 15.07, val loss: 4.01
--------------------------------------------------
time: 475.06s, epoch: 38
train acc: 47.84, train loss: 0.85
val acc: 16.90, val loss: 3.80
--------------------------------------------------
time: 474.57s, epoch: 39
train acc: 48.27, train loss: 0.82
val acc: 18.34, val loss: 3.99
--------------------------------------------------
time: 476.64s, epoch: 40
train acc: 48.65, train loss: 0.79
val acc: 16.28, val loss: 4.01
--------------------------------------------------
time: 473.63s, epoch: 41
train acc: 48.90, train loss: 0.77
val acc: 17.72, val loss: 4.17
--------------------------------------------------
time: 476.27s, epoch: 42
train acc: 49.50, train loss: 0.74
val acc: 16.90, val loss: 4.20
--------------------------------------------------
time: 474.37s, epoch: 43
train acc: 49.57, train loss: 0.74
val acc: 17.34, val loss: 3.93
--------------------------------------------------
time: 476.03s, epoch: 44
train acc: 50.15, train loss: 0.71
val acc: 17.97, val loss: 4.19
--------------------------------------------------
time: 476.05s, epoch: 45
train acc: 50.59, train loss: 0.68
val acc: 17.69, val loss: 4.56
--------------------------------------------------
time: 473.77s, epoch: 46
train acc: 50.92, train loss: 0.67
val acc: 17.00, val loss: 4.81
--------------------------------------------------
time: 473.20s, epoch: 47
train acc: 51.39, train loss: 0.64
val acc: 16.45, val loss: 4.31
--------------------------------------------------
time: 472.97s, epoch: 48
train acc: 51.58, train loss: 0.63
val acc: 15.93, val loss: 4.27
--------------------------------------------------
time: 471.88s, epoch: 49
train acc: 51.73, train loss: 0.61
val acc: 18.17, val loss: 4.68
--------------------------------------------------
time: 473.32s, epoch: 50
train acc: 52.24, train loss: 0.58
val acc: 17.41, val loss: 4.68
--------------------------------------------------
time: 473.74s, epoch: 51
train acc: 52.71, train loss: 0.56
val acc: 17.07, val loss: 4.65

Early stopping as no improvements for last 20 epochs.
Final Best Accuracy = 18.59 % at Epoch-31


Finished Training Model


Started Evaluating Test

Loaded best model from /scratch/models/code2img/redacted/top50_alexNet_best.pth
test_set = #4265

Accuracy for classes:
Accuracy for class accept is: 0.00 %
Accuracy for class actionPerformed is: 0.00 %
Accuracy for class add is: 44.16 %
Accuracy for class apply is: 0.00 %
Accuracy for class build is: 8.33 %
Accuracy for class clear is: 20.00 %
Accuracy for class clone is: 20.00 %
Accuracy for class close is: 47.47 %
Accuracy for class compare is: 38.37 %
Accuracy for class compareTo is: 67.42 %
Accuracy for class configure is: 5.80 %
Accuracy for class create is: 24.36 %
Accuracy for class deploy is: 0.00 %
Accuracy for class destroy is: 0.00 %
Accuracy for class dispose is: 0.00 %
Accuracy for class doFix is: 0.00 %
Accuracy for class doTest is: 33.33 %
Accuracy for class equals is: 89.93 %
Accuracy for class execute is: 11.11 %
Accuracy for class foo is: 0.00 %
Accuracy for class get is: 11.40 %
Accuracy for class getModelAttributes is: 0.00 %
Accuracy for class getName is: 1.48 %
Accuracy for class hashCode is: 98.61 %
Accuracy for class init is: 3.73 %
Accuracy for class initData is: 0.00 %
Accuracy for class invoke is: 54.55 %
Accuracy for class isAvailable is: 16.67 %
Accuracy for class main is: 99.22 %
Accuracy for class parse is: 0.00 %
Accuracy for class process is: 0.00 %
Accuracy for class read is: 18.18 %
Accuracy for class readExternal is: 0.00 %
Accuracy for class readFrom is: 0.00 %
Accuracy for class remove is: 6.00 %
Accuracy for class removeAll is: 0.00 %
Accuracy for class reset is: 3.49 %
Accuracy for class run is: 34.82 %
Accuracy for class setUp is: 82.90 %
Accuracy for class setup is: 5.16 %
Accuracy for class start is: 1.35 %
Accuracy for class stop is: 0.00 %
Accuracy for class tearDown is: 69.35 %
Accuracy for class test is: 23.08 %
Accuracy for class toString is: 93.47 %
Accuracy for class update is: 11.11 %
Accuracy for class validate is: 30.00 %
Accuracy for class write is: 12.90 %
Accuracy for class writeExternal is: 0.00 %
Accuracy for class writeTo is: 0.00 %

Overall Accuracy = 51.09 %

Finished Evaluating Test
