
DataLoader:

train_set = #27119
val_set = #1803

Configuration:

DB_NAME = java-top50, IMG_TYPE = redacted, TRANS_SIZE = 512
MAX_EPOCH = 100, BATCH_SIZE = 64

device = cuda:1


Started Training Model

--------------------------------------------------
time: 478.44s, epoch: 1
train acc: 18.72, train loss: 2.88
val acc: 8.69, val loss: 3.54

Best Accuracy = 8.69 % at Epoch-1
Saving model after best epoch-1
--------------------------------------------------
time: 478.38s, epoch: 2
train acc: 33.48, train loss: 1.89
val acc: 14.83, val loss: 3.16

Best Accuracy = 14.83 % at Epoch-2
Saving model after best epoch-2
--------------------------------------------------
time: 479.82s, epoch: 3
train acc: 38.63, train loss: 1.50
val acc: 16.07, val loss: 4.03

Best Accuracy = 16.07 % at Epoch-3
Saving model after best epoch-3
--------------------------------------------------
time: 479.74s, epoch: 4
train acc: 41.67, train loss: 1.31
val acc: 14.17, val loss: 3.25
--------------------------------------------------
time: 480.32s, epoch: 5
train acc: 43.81, train loss: 1.18
val acc: 12.10, val loss: 5.45
--------------------------------------------------
time: 477.12s, epoch: 6
train acc: 45.39, train loss: 1.07
val acc: 18.34, val loss: 3.40

Best Accuracy = 18.34 % at Epoch-6
Saving model after best epoch-6
--------------------------------------------------
time: 478.53s, epoch: 7
train acc: 47.06, train loss: 0.97
val acc: 16.10, val loss: 3.74
--------------------------------------------------
time: 477.87s, epoch: 8
train acc: 48.45, train loss: 0.89
val acc: 19.31, val loss: 3.58

Best Accuracy = 19.31 % at Epoch-8
Saving model after best epoch-8
--------------------------------------------------
time: 477.94s, epoch: 9
train acc: 49.79, train loss: 0.79
val acc: 15.45, val loss: 5.04
--------------------------------------------------
time: 475.76s, epoch: 10
train acc: 51.29, train loss: 0.72
val acc: 9.76, val loss: 4.34
--------------------------------------------------
time: 476.57s, epoch: 11
train acc: 52.76, train loss: 0.63
val acc: 16.69, val loss: 4.46
--------------------------------------------------
time: 474.70s, epoch: 12
train acc: 54.26, train loss: 0.54
val acc: 6.34, val loss: 6.33
--------------------------------------------------
time: 476.15s, epoch: 13
train acc: 56.13, train loss: 0.45
val acc: 15.59, val loss: 4.99
--------------------------------------------------
time: 477.89s, epoch: 14
train acc: 57.66, train loss: 0.37
val acc: 14.21, val loss: 5.34
--------------------------------------------------
time: 477.92s, epoch: 15
train acc: 59.21, train loss: 0.29
val acc: 15.21, val loss: 5.48
--------------------------------------------------
time: 477.84s, epoch: 16
train acc: 60.68, train loss: 0.21
val acc: 15.34, val loss: 4.82
--------------------------------------------------
time: 477.40s, epoch: 17
train acc: 62.00, train loss: 0.14
val acc: 18.72, val loss: 5.13
--------------------------------------------------
time: 475.25s, epoch: 18
train acc: 63.24, train loss: 0.08
val acc: 18.10, val loss: 5.08
--------------------------------------------------
time: 474.60s, epoch: 19
train acc: 63.67, train loss: 0.04
val acc: 17.55, val loss: 5.58
--------------------------------------------------
time: 477.10s, epoch: 20
train acc: 63.83, train loss: 0.02
val acc: 18.66, val loss: 4.90
--------------------------------------------------
time: 477.69s, epoch: 21
train acc: 63.89, train loss: 0.02
val acc: 18.17, val loss: 5.53
--------------------------------------------------
time: 473.89s, epoch: 22
train acc: 63.88, train loss: 0.01
val acc: 18.86, val loss: 5.41
--------------------------------------------------
time: 475.39s, epoch: 23
train acc: 63.92, train loss: 0.01
val acc: 19.45, val loss: 5.26

Best Accuracy = 19.45 % at Epoch-23
Saving model after best epoch-23
--------------------------------------------------
time: 475.95s, epoch: 24
train acc: 63.91, train loss: 0.01
val acc: 18.59, val loss: 5.31
--------------------------------------------------
time: 476.56s, epoch: 25
train acc: 63.92, train loss: 0.01
val acc: 19.00, val loss: 5.37
--------------------------------------------------
time: 477.98s, epoch: 26
train acc: 63.92, train loss: 0.01
val acc: 18.72, val loss: 5.45
--------------------------------------------------
time: 475.26s, epoch: 27
train acc: 63.92, train loss: 0.01
val acc: 18.38, val loss: 5.41
--------------------------------------------------
time: 475.54s, epoch: 28
train acc: 63.93, train loss: 0.01
val acc: 19.28, val loss: 5.34
--------------------------------------------------
time: 474.58s, epoch: 29
train acc: 63.93, train loss: 0.00
val acc: 18.62, val loss: 5.38
--------------------------------------------------
time: 475.81s, epoch: 30
train acc: 63.93, train loss: 0.00
val acc: 19.00, val loss: 5.42
--------------------------------------------------
time: 472.54s, epoch: 31
train acc: 63.93, train loss: 0.00
val acc: 19.38, val loss: 5.41
--------------------------------------------------
time: 474.26s, epoch: 32
train acc: 63.93, train loss: 0.00
val acc: 18.00, val loss: 5.52
--------------------------------------------------
time: 476.49s, epoch: 33
train acc: 63.93, train loss: 0.00
val acc: 19.21, val loss: 5.49
--------------------------------------------------
time: 477.86s, epoch: 34
train acc: 63.93, train loss: 0.00
val acc: 18.31, val loss: 5.62
--------------------------------------------------
time: 481.95s, epoch: 35
train acc: 63.93, train loss: 0.00
val acc: 18.66, val loss: 5.48
--------------------------------------------------
time: 463.23s, epoch: 36
train acc: 63.92, train loss: 0.00
val acc: 19.34, val loss: 5.64
--------------------------------------------------
time: 454.73s, epoch: 37
train acc: 63.93, train loss: 0.00
val acc: 19.17, val loss: 5.43
--------------------------------------------------
time: 455.58s, epoch: 38
train acc: 63.93, train loss: 0.00
val acc: 19.28, val loss: 5.53
--------------------------------------------------
time: 456.05s, epoch: 39
train acc: 63.93, train loss: 0.00
val acc: 19.28, val loss: 5.46
--------------------------------------------------
time: 457.50s, epoch: 40
train acc: 63.93, train loss: 0.00
val acc: 18.62, val loss: 5.57
--------------------------------------------------
time: 455.14s, epoch: 41
train acc: 63.94, train loss: 0.00
val acc: 19.24, val loss: 5.83
--------------------------------------------------
time: 455.02s, epoch: 42
train acc: 63.93, train loss: 0.00
val acc: 18.45, val loss: 5.71
--------------------------------------------------
time: 455.89s, epoch: 43
train acc: 63.93, train loss: 0.00
val acc: 19.14, val loss: 5.65

Early stopping as no improvements for last 20 epochs.
Final Best Accuracy = 19.45 % at Epoch-23


Finished Training Model


Started Evaluating Test

Loaded best model from /scratch/models/code2img/redacted/top50_resNet_best.pth
test_set = #4265

Accuracy for classes:
Accuracy for class accept is: 16.67 %
Accuracy for class actionPerformed is: 0.00 %
Accuracy for class add is: 36.36 %
Accuracy for class apply is: 33.33 %
Accuracy for class build is: 29.17 %
Accuracy for class clear is: 51.11 %
Accuracy for class clone is: 30.00 %
Accuracy for class close is: 59.92 %
Accuracy for class compare is: 58.14 %
Accuracy for class compareTo is: 78.65 %
Accuracy for class configure is: 4.35 %
Accuracy for class create is: 21.79 %
Accuracy for class deploy is: 0.00 %
Accuracy for class destroy is: 0.00 %
Accuracy for class dispose is: 0.00 %
Accuracy for class doFix is: 0.00 %
Accuracy for class doTest is: 33.33 %
Accuracy for class equals is: 97.92 %
Accuracy for class execute is: 25.93 %
Accuracy for class foo is: 0.00 %
Accuracy for class get is: 19.30 %
Accuracy for class getModelAttributes is: 0.00 %
Accuracy for class getName is: 2.22 %
Accuracy for class hashCode is: 98.95 %
Accuracy for class init is: 17.16 %
Accuracy for class initData is: 0.00 %
Accuracy for class invoke is: 54.55 %
Accuracy for class isAvailable is: 16.67 %
Accuracy for class main is: 99.61 %
Accuracy for class parse is: 22.58 %
Accuracy for class process is: 0.00 %
Accuracy for class read is: 53.41 %
Accuracy for class readExternal is: 0.00 %
Accuracy for class readFrom is: 0.00 %
Accuracy for class remove is: 4.00 %
Accuracy for class removeAll is: 40.00 %
Accuracy for class reset is: 10.47 %
Accuracy for class run is: 40.08 %
Accuracy for class setUp is: 80.65 %
Accuracy for class setup is: 19.25 %
Accuracy for class start is: 2.70 %
Accuracy for class stop is: 8.93 %
Accuracy for class tearDown is: 84.29 %
Accuracy for class test is: 46.15 %
Accuracy for class toString is: 95.05 %
Accuracy for class update is: 5.56 %
Accuracy for class validate is: 30.00 %
Accuracy for class write is: 55.30 %
Accuracy for class writeExternal is: 0.00 %
Accuracy for class writeTo is: 0.00 %

Overall Accuracy = 59.60 %

Finished Evaluating Test
