
DataLoader:

trainset = #27119
valset = #1803

Configuration:

DB_NAME = js-top50, IMG_TYPE = window, TRANS_SIZE = 512
MAX_EPOCH = 20, BATCH_SIZE = 64

device = cuda:0

total_params = 12701482
total_trainable = 12701482


+--------------+------------+
|   Modules    | Parameters |
+--------------+------------+
| conv1.weight |     36     |
|  conv1.bias  |     4      |
| conv2.weight |    576     |
|  conv2.bias  |     16     |
|  fc.weight   |  12700800  |
|   fc.bias    |     50     |
+--------------+------------+
Total Trainable Params: 12701482



Started Training Model

--------------------------------------------------
time: 521.40s, epoch: 1
train acc: 20.52, train loss: 2.80
val acc: 13.86, val loss: 3.73

Best Accuracy = 13.86 % at Epoch-1
Saving model after best epoch-1
--------------------------------------------------
time: 521.14s, epoch: 2
train acc: 37.06, train loss: 1.70
val acc: 13.93, val loss: 3.45

Best Accuracy = 13.93 % at Epoch-2
Saving model after best epoch-2
--------------------------------------------------
time: 521.24s, epoch: 3
train acc: 42.69, train loss: 1.28
val acc: 16.10, val loss: 3.52

Best Accuracy = 16.10 % at Epoch-3
Saving model after best epoch-3
--------------------------------------------------
time: 521.42s, epoch: 4
train acc: 47.04, train loss: 0.99
val acc: 14.38, val loss: 3.30
--------------------------------------------------
time: 520.56s, epoch: 5
train acc: 50.86, train loss: 0.76
val acc: 18.41, val loss: 3.56

Best Accuracy = 18.41 % at Epoch-5
Saving model after best epoch-5
--------------------------------------------------
time: 521.67s, epoch: 6
train acc: 53.59, train loss: 0.59
val acc: 16.21, val loss: 3.56
--------------------------------------------------
time: 521.66s, epoch: 7
train acc: 56.26, train loss: 0.44
val acc: 15.90, val loss: 3.29
--------------------------------------------------
time: 522.35s, epoch: 8
train acc: 57.73, train loss: 0.35
val acc: 16.76, val loss: 3.60
--------------------------------------------------
time: 521.88s, epoch: 9
train acc: 59.35, train loss: 0.27
val acc: 16.72, val loss: 3.66
--------------------------------------------------
time: 521.42s, epoch: 10
train acc: 60.23, train loss: 0.21
val acc: 17.31, val loss: 3.68
--------------------------------------------------
time: 521.35s, epoch: 11
train acc: 61.13, train loss: 0.16
val acc: 16.21, val loss: 4.23
--------------------------------------------------
time: 522.02s, epoch: 12
train acc: 61.80, train loss: 0.13
val acc: 16.28, val loss: 4.69
--------------------------------------------------
time: 521.04s, epoch: 13
train acc: 62.30, train loss: 0.10
val acc: 16.76, val loss: 4.68
--------------------------------------------------
time: 524.34s, epoch: 14
train acc: 62.56, train loss: 0.08
val acc: 16.45, val loss: 4.36
--------------------------------------------------
time: 527.02s, epoch: 15
train acc: 62.77, train loss: 0.07
val acc: 18.48, val loss: 4.67

Best Accuracy = 18.48 % at Epoch-15
Saving model after best epoch-15
--------------------------------------------------
time: 527.30s, epoch: 16
train acc: 63.03, train loss: 0.06
val acc: 16.97, val loss: 4.64
--------------------------------------------------
time: 526.47s, epoch: 17
train acc: 63.13, train loss: 0.05
val acc: 17.62, val loss: 4.48
--------------------------------------------------
time: 522.45s, epoch: 18
train acc: 63.34, train loss: 0.04
val acc: 16.59, val loss: 4.80
--------------------------------------------------
time: 522.01s, epoch: 19
train acc: 63.42, train loss: 0.04
val acc: 17.48, val loss: 5.32
--------------------------------------------------
time: 527.67s, epoch: 20
train acc: 63.40, train loss: 0.04
val acc: 16.90, val loss: 4.88

Finished Training Model


Started Evaluating Testset

Loaded best model from ./models/code2img/window/js-top50_simpleNet_best_512.pth
testset = #4265

Accuracy for classes:
Accuracy for class accept is: 3.33 %
Accuracy for class actionPerformed is: 0.00 %
Accuracy for class add is: 1.30 %
Accuracy for class apply is: 22.22 %
Accuracy for class build is: 8.33 %
Accuracy for class clear is: 17.78 %
Accuracy for class clone is: 30.00 %
Accuracy for class close is: 53.70 %
Accuracy for class compare is: 54.65 %
Accuracy for class compareTo is: 64.04 %
Accuracy for class configure is: 0.00 %
Accuracy for class create is: 30.77 %
Accuracy for class deploy is: 0.00 %
Accuracy for class destroy is: 0.00 %
Accuracy for class dispose is: 0.00 %
Accuracy for class doFix is: 0.00 %
Accuracy for class doTest is: 33.33 %
Accuracy for class equals is: 96.18 %
Accuracy for class execute is: 0.00 %
Accuracy for class foo is: 0.00 %
Accuracy for class get is: 7.02 %
Accuracy for class getModelAttributes is: 0.00 %
Accuracy for class getName is: 2.22 %
Accuracy for class hashCode is: 97.91 %
Accuracy for class init is: 4.48 %
Accuracy for class initData is: 0.00 %
Accuracy for class invoke is: 45.45 %
Accuracy for class isAvailable is: 0.00 %
Accuracy for class main is: 97.67 %
Accuracy for class parse is: 3.23 %
Accuracy for class process is: 0.00 %
Accuracy for class read is: 13.64 %
Accuracy for class readExternal is: 0.00 %
Accuracy for class readFrom is: 0.00 %
Accuracy for class remove is: 4.00 %
Accuracy for class removeAll is: 20.00 %
Accuracy for class reset is: 8.14 %
Accuracy for class run is: 40.49 %
Accuracy for class setUp is: 82.58 %
Accuracy for class setup is: 5.63 %
Accuracy for class start is: 1.35 %
Accuracy for class stop is: 10.71 %
Accuracy for class tearDown is: 83.14 %
Accuracy for class test is: 7.69 %
Accuracy for class toString is: 94.06 %
Accuracy for class update is: 5.56 %
Accuracy for class validate is: 0.00 %
Accuracy for class write is: 75.12 %
Accuracy for class writeExternal is: 0.00 %
Accuracy for class writeTo is: 16.67 %

Overall Accuracy = 55.59 %

Finished Evaluating Test Set

