
DataLoader:

trainset = #10000
valset = #4847

Configuration:

DB_NAME = top10, IMG_TYPE = window, TRANS_SIZE = 256
MAX_EPOCH = 20, BATCH_SIZE = 64

device = cuda:0

total_params = 615682
total_trainable = 615682


+--------------+------------+
|   Modules    | Parameters |
+--------------+------------+
| conv1.weight |     36     |
|  conv1.bias  |     4      |
| conv2.weight |    576     |
|  conv2.bias  |     16     |
|  fc.weight   |   615040   |
|   fc.bias    |     10     |
+--------------+------------+
Total Trainable Params: 615682



Started Training Model

--------------------------------------------------
time: 298.21s, epoch: 1
train acc: 10.37, train loss: 2.28
val acc: 26.74, val loss: 2.21

Best Accuracy = 26.74 % at Epoch-1
Saving model after best epoch-1
--------------------------------------------------
time: 297.03s, epoch: 2
train acc: 27.54, train loss: 2.04
val acc: 36.21, val loss: 1.67

Best Accuracy = 36.21 % at Epoch-2
Saving model after best epoch-2
--------------------------------------------------
time: 284.19s, epoch: 3
train acc: 33.82, train loss: 1.50
val acc: 40.68, val loss: 1.23

Best Accuracy = 40.68 % at Epoch-3
Saving model after best epoch-3
--------------------------------------------------
time: 271.69s, epoch: 4
train acc: 39.22, train loss: 1.22
val acc: 42.87, val loss: 1.07

Best Accuracy = 42.87 % at Epoch-4
Saving model after best epoch-4
--------------------------------------------------
time: 291.15s, epoch: 5
train acc: 42.55, train loss: 1.04
val acc: 45.45, val loss: 0.98

Best Accuracy = 45.45 % at Epoch-5
Saving model after best epoch-5
--------------------------------------------------
time: 293.93s, epoch: 6
train acc: 45.27, train loss: 0.93
val acc: 46.38, val loss: 0.89

Best Accuracy = 46.38 % at Epoch-6
Saving model after best epoch-6
--------------------------------------------------
time: 293.27s, epoch: 7
train acc: 47.33, train loss: 0.83
val acc: 48.07, val loss: 0.83

Best Accuracy = 48.07 % at Epoch-7
Saving model after best epoch-7
--------------------------------------------------
time: 297.51s, epoch: 8
train acc: 48.16, train loss: 0.77
val acc: 49.53, val loss: 0.76

Best Accuracy = 49.53 % at Epoch-8
Saving model after best epoch-8
--------------------------------------------------
time: 293.33s, epoch: 9
train acc: 49.94, train loss: 0.70
val acc: 48.72, val loss: 0.77
--------------------------------------------------
time: 290.92s, epoch: 10
train acc: 50.78, train loss: 0.64
val acc: 49.89, val loss: 0.72

Best Accuracy = 49.89 % at Epoch-10
Saving model after best epoch-10
--------------------------------------------------
time: 290.00s, epoch: 11
train acc: 51.48, train loss: 0.60
val acc: 49.46, val loss: 0.74
--------------------------------------------------
time: 287.21s, epoch: 12
train acc: 52.28, train loss: 0.57
val acc: 50.21, val loss: 0.69

Best Accuracy = 50.21 % at Epoch-12
Saving model after best epoch-12
--------------------------------------------------
time: 287.99s, epoch: 13
train acc: 52.59, train loss: 0.54
val acc: 50.32, val loss: 0.69

Best Accuracy = 50.32 % at Epoch-13
Saving model after best epoch-13
--------------------------------------------------
time: 290.02s, epoch: 14
train acc: 53.01, train loss: 0.52
val acc: 51.00, val loss: 0.65

Best Accuracy = 51.00 % at Epoch-14
Saving model after best epoch-14
--------------------------------------------------
time: 286.73s, epoch: 15
train acc: 53.75, train loss: 0.48
val acc: 50.43, val loss: 0.67
--------------------------------------------------
time: 270.77s, epoch: 16
train acc: 54.01, train loss: 0.46
val acc: 50.97, val loss: 0.65
--------------------------------------------------
time: 266.09s, epoch: 17
train acc: 54.66, train loss: 0.44
val acc: 49.24, val loss: 0.72
--------------------------------------------------
time: 259.82s, epoch: 18
train acc: 54.66, train loss: 0.43
val acc: 51.05, val loss: 0.65

Best Accuracy = 51.05 % at Epoch-18
Saving model after best epoch-18
--------------------------------------------------
time: 259.60s, epoch: 19
train acc: 55.50, train loss: 0.40
val acc: 51.28, val loss: 0.64

Best Accuracy = 51.28 % at Epoch-19
Saving model after best epoch-19
--------------------------------------------------
time: 259.51s, epoch: 20
train acc: 55.89, train loss: 0.37
val acc: 50.95, val loss: 0.67

Finished Training Model


Started Evaluating Testset

Loaded best model from ./models/code2img/window/top10_simpleNet_best_256.pth
testset = #7100

Accuracy for classes:
Accuracy for class equals is: 94.49 %
Accuracy for class execute is: 35.33 %
Accuracy for class get is: 67.46 %
Accuracy for class hashCode is: 94.29 %
Accuracy for class init is: 52.56 %
Accuracy for class main is: 97.24 %
Accuracy for class onCreate is: 90.16 %
Accuracy for class run is: 43.39 %
Accuracy for class setUp is: 84.55 %
Accuracy for class toString is: 85.76 %

Overall Accuracy = 75.44 %

Finished Evaluating Test Set

