
DataLoader:

trainset = #27119
valset = #1803

Configuration:

DB_NAME = js-top50, IMG_TYPE = window, TRANS_SIZE = 64
MAX_EPOCH = 20, BATCH_SIZE = 64

device = cuda:0

total_params = 157482
total_trainable = 157482


+--------------+------------+
|   Modules    | Parameters |
+--------------+------------+
| conv1.weight |     36     |
|  conv1.bias  |     4      |
| conv2.weight |    576     |
|  conv2.bias  |     16     |
|  fc.weight   |   156800   |
|   fc.bias    |     50     |
+--------------+------------+
Total Trainable Params: 157482



Started Training Model

--------------------------------------------------
time: 429.54s, epoch: 1
train acc: 7.16, train loss: 3.70
val acc: 2.41, val loss: 3.91

Best Accuracy = 2.41 % at Epoch-1
Saving model after best epoch-1
--------------------------------------------------
time: 429.24s, epoch: 2
train acc: 7.22, train loss: 3.68
val acc: 2.41, val loss: 3.93
--------------------------------------------------
time: 429.52s, epoch: 3
train acc: 7.22, train loss: 3.67
val acc: 2.41, val loss: 3.90
--------------------------------------------------
time: 429.74s, epoch: 4
train acc: 7.26, train loss: 3.63
val acc: 2.41, val loss: 3.87
--------------------------------------------------
time: 429.22s, epoch: 5
train acc: 9.04, train loss: 3.53
val acc: 2.66, val loss: 3.81

Best Accuracy = 2.66 % at Epoch-5
Saving model after best epoch-5
--------------------------------------------------
time: 429.09s, epoch: 6
train acc: 12.32, train loss: 3.31
val acc: 2.62, val loss: 3.80
--------------------------------------------------
time: 428.95s, epoch: 7
train acc: 16.08, train loss: 3.04
val acc: 3.14, val loss: 3.68

Best Accuracy = 3.14 % at Epoch-7
Saving model after best epoch-7
--------------------------------------------------
time: 429.29s, epoch: 8
train acc: 19.98, train loss: 2.79
val acc: 3.14, val loss: 3.72
--------------------------------------------------
time: 429.97s, epoch: 9
train acc: 22.63, train loss: 2.59
val acc: 4.69, val loss: 3.89

Best Accuracy = 4.69 % at Epoch-9
Saving model after best epoch-9
--------------------------------------------------
time: 428.99s, epoch: 10
train acc: 24.56, train loss: 2.46
val acc: 4.90, val loss: 3.90

Best Accuracy = 4.90 % at Epoch-10
Saving model after best epoch-10
--------------------------------------------------
time: 429.51s, epoch: 11
train acc: 25.95, train loss: 2.36
val acc: 7.76, val loss: 3.93

Best Accuracy = 7.76 % at Epoch-11
Saving model after best epoch-11
--------------------------------------------------
time: 428.95s, epoch: 12
train acc: 27.12, train loss: 2.29
val acc: 9.45, val loss: 3.87

Best Accuracy = 9.45 % at Epoch-12
Saving model after best epoch-12
--------------------------------------------------
time: 429.27s, epoch: 13
train acc: 27.96, train loss: 2.23
val acc: 8.86, val loss: 3.97
--------------------------------------------------
time: 429.14s, epoch: 14
train acc: 28.67, train loss: 2.18
val acc: 7.00, val loss: 3.79
--------------------------------------------------
time: 429.06s, epoch: 15
train acc: 29.32, train loss: 2.13
val acc: 8.69, val loss: 3.82
--------------------------------------------------
time: 428.94s, epoch: 16
train acc: 30.03, train loss: 2.08
val acc: 9.17, val loss: 3.89
--------------------------------------------------
time: 429.16s, epoch: 17
train acc: 30.52, train loss: 2.04
val acc: 9.45, val loss: 3.86
--------------------------------------------------
time: 429.00s, epoch: 18
train acc: 31.06, train loss: 2.00
val acc: 11.00, val loss: 3.70

Best Accuracy = 11.00 % at Epoch-18
Saving model after best epoch-18
--------------------------------------------------
time: 428.96s, epoch: 19
train acc: 31.65, train loss: 1.97
val acc: 10.76, val loss: 3.89
--------------------------------------------------
time: 428.86s, epoch: 20
train acc: 32.24, train loss: 1.93
val acc: 10.17, val loss: 3.78

Finished Training Model


Started Evaluating Testset

Loaded best model from ./models/code2img/window/js-top50_simpleNet_best_64.pth
testset = #4265

Accuracy for classes:
Accuracy for class accept is: 0.00 %
Accuracy for class actionPerformed is: 0.00 %
Accuracy for class add is: 28.57 %
Accuracy for class apply is: 11.11 %
Accuracy for class build is: 0.00 %
Accuracy for class clear is: 2.22 %
Accuracy for class clone is: 0.00 %
Accuracy for class close is: 2.72 %
Accuracy for class compare is: 12.79 %
Accuracy for class compareTo is: 0.00 %
Accuracy for class configure is: 0.00 %
Accuracy for class create is: 12.82 %
Accuracy for class deploy is: 0.00 %
Accuracy for class destroy is: 0.00 %
Accuracy for class dispose is: 0.00 %
Accuracy for class doFix is: 0.00 %
Accuracy for class doTest is: 0.00 %
Accuracy for class equals is: 86.11 %
Accuracy for class execute is: 0.00 %
Accuracy for class foo is: 0.00 %
Accuracy for class get is: 4.39 %
Accuracy for class getModelAttributes is: 0.00 %
Accuracy for class getName is: 0.00 %
Accuracy for class hashCode is: 94.43 %
Accuracy for class init is: 0.00 %
Accuracy for class initData is: 0.00 %
Accuracy for class invoke is: 9.09 %
Accuracy for class isAvailable is: 0.00 %
Accuracy for class main is: 41.63 %
Accuracy for class parse is: 0.00 %
Accuracy for class process is: 0.00 %
Accuracy for class read is: 1.14 %
Accuracy for class readExternal is: 0.00 %
Accuracy for class readFrom is: 0.00 %
Accuracy for class remove is: 0.00 %
Accuracy for class removeAll is: 0.00 %
Accuracy for class reset is: 4.65 %
Accuracy for class run is: 31.17 %
Accuracy for class setUp is: 51.29 %
Accuracy for class setup is: 2.82 %
Accuracy for class start is: 0.00 %
Accuracy for class stop is: 0.00 %
Accuracy for class tearDown is: 54.02 %
Accuracy for class test is: 0.00 %
Accuracy for class toString is: 29.90 %
Accuracy for class update is: 0.00 %
Accuracy for class validate is: 0.00 %
Accuracy for class write is: 0.00 %
Accuracy for class writeExternal is: 0.00 %
Accuracy for class writeTo is: 0.00 %

Overall Accuracy = 28.68 %

Finished Evaluating Test Set

