
DataLoader:

trainset = #27119
valset = #1803

Configuration:

DB_NAME = js-top50, IMG_TYPE = original, TRANS_SIZE = 32
MAX_EPOCH = 20, BATCH_SIZE = 64

device = cuda:0

total_params = 29482
total_trainable = 29482


+--------------+------------+
|   Modules    | Parameters |
+--------------+------------+
| conv1.weight |     36     |
|  conv1.bias  |     4      |
| conv2.weight |    576     |
|  conv2.bias  |     16     |
|  fc.weight   |   28800    |
|   fc.bias    |     50     |
+--------------+------------+
Total Trainable Params: 29482



Started Training Model

--------------------------------------------------
time: 160.16s, epoch: 1
train acc: 6.99, train loss: 3.74
val acc: 2.41, val loss: 3.89

Best Accuracy = 2.41 % at Epoch-1
Saving model after best epoch-1
--------------------------------------------------
time: 161.41s, epoch: 2
train acc: 7.22, train loss: 3.68
val acc: 2.41, val loss: 3.88
--------------------------------------------------
time: 160.59s, epoch: 3
train acc: 7.22, train loss: 3.67
val acc: 2.41, val loss: 3.84
--------------------------------------------------
time: 161.06s, epoch: 4
train acc: 7.80, train loss: 3.63
val acc: 2.52, val loss: 3.80

Best Accuracy = 2.52 % at Epoch-4
Saving model after best epoch-4
--------------------------------------------------
time: 162.15s, epoch: 5
train acc: 9.71, train loss: 3.54
val acc: 2.55, val loss: 3.76

Best Accuracy = 2.55 % at Epoch-5
Saving model after best epoch-5
--------------------------------------------------
time: 159.75s, epoch: 6
train acc: 12.08, train loss: 3.38
val acc: 2.79, val loss: 3.81

Best Accuracy = 2.79 % at Epoch-6
Saving model after best epoch-6
--------------------------------------------------
time: 159.94s, epoch: 7
train acc: 14.62, train loss: 3.24
val acc: 4.03, val loss: 3.74

Best Accuracy = 4.03 % at Epoch-7
Saving model after best epoch-7
--------------------------------------------------
time: 161.52s, epoch: 8
train acc: 16.33, train loss: 3.13
val acc: 4.97, val loss: 3.92

Best Accuracy = 4.97 % at Epoch-8
Saving model after best epoch-8
--------------------------------------------------
time: 161.30s, epoch: 9
train acc: 17.33, train loss: 3.05
val acc: 6.00, val loss: 3.83

Best Accuracy = 6.00 % at Epoch-9
Saving model after best epoch-9
--------------------------------------------------
time: 160.42s, epoch: 10
train acc: 18.21, train loss: 2.99
val acc: 6.31, val loss: 3.85

Best Accuracy = 6.31 % at Epoch-10
Saving model after best epoch-10
--------------------------------------------------
time: 161.99s, epoch: 11
train acc: 18.68, train loss: 2.94
val acc: 5.28, val loss: 3.96
--------------------------------------------------
time: 160.16s, epoch: 12
train acc: 19.17, train loss: 2.90
val acc: 5.79, val loss: 3.85
--------------------------------------------------
time: 161.59s, epoch: 13
train acc: 19.52, train loss: 2.86
val acc: 5.41, val loss: 3.90
--------------------------------------------------
time: 159.66s, epoch: 14
train acc: 19.89, train loss: 2.82
val acc: 6.62, val loss: 3.86

Best Accuracy = 6.62 % at Epoch-14
Saving model after best epoch-14
--------------------------------------------------
time: 160.55s, epoch: 15
train acc: 20.35, train loss: 2.79
val acc: 6.48, val loss: 4.00
--------------------------------------------------
time: 161.10s, epoch: 16
train acc: 20.71, train loss: 2.77
val acc: 5.03, val loss: 4.14
--------------------------------------------------
time: 160.49s, epoch: 17
train acc: 21.01, train loss: 2.74
val acc: 6.07, val loss: 3.98
--------------------------------------------------
time: 161.05s, epoch: 18
train acc: 21.35, train loss: 2.71
val acc: 3.41, val loss: 4.18
--------------------------------------------------
time: 161.16s, epoch: 19
train acc: 21.73, train loss: 2.69
val acc: 5.76, val loss: 3.92
--------------------------------------------------
time: 161.00s, epoch: 20
train acc: 21.99, train loss: 2.67
val acc: 6.45, val loss: 3.91

Finished Training Model


Started Evaluating Testset

Loaded best model from ./models/code2img/original/js-top50_simpleNet_best_32.pth
testset = #4265

Accuracy for classes:
Accuracy for class accept is: 0.00 %
Accuracy for class actionPerformed is: 0.00 %
Accuracy for class add is: 0.00 %
Accuracy for class apply is: 0.00 %
Accuracy for class build is: 0.00 %
Accuracy for class clear is: 0.00 %
Accuracy for class clone is: 0.00 %
Accuracy for class close is: 5.45 %
Accuracy for class compare is: 0.00 %
Accuracy for class compareTo is: 7.87 %
Accuracy for class configure is: 0.00 %
Accuracy for class create is: 3.85 %
Accuracy for class deploy is: 0.00 %
Accuracy for class destroy is: 4.76 %
Accuracy for class dispose is: 0.00 %
Accuracy for class doFix is: 0.00 %
Accuracy for class doTest is: 0.00 %
Accuracy for class equals is: 71.87 %
Accuracy for class execute is: 7.41 %
Accuracy for class foo is: 0.00 %
Accuracy for class get is: 0.00 %
Accuracy for class getModelAttributes is: 0.00 %
Accuracy for class getName is: 0.00 %
Accuracy for class hashCode is: 10.10 %
Accuracy for class init is: 0.00 %
Accuracy for class initData is: 0.00 %
Accuracy for class invoke is: 9.09 %
Accuracy for class isAvailable is: 0.00 %
Accuracy for class main is: 0.00 %
Accuracy for class parse is: 0.00 %
Accuracy for class process is: 0.00 %
Accuracy for class read is: 0.00 %
Accuracy for class readExternal is: 0.00 %
Accuracy for class readFrom is: 0.00 %
Accuracy for class remove is: 0.00 %
Accuracy for class removeAll is: 0.00 %
Accuracy for class reset is: 6.98 %
Accuracy for class run is: 11.74 %
Accuracy for class setUp is: 30.32 %
Accuracy for class setup is: 2.82 %
Accuracy for class start is: 0.00 %
Accuracy for class stop is: 0.00 %
Accuracy for class tearDown is: 6.51 %
Accuracy for class test is: 0.00 %
Accuracy for class toString is: 2.38 %
Accuracy for class update is: 16.67 %
Accuracy for class validate is: 0.00 %
Accuracy for class write is: 2.30 %
Accuracy for class writeExternal is: 0.00 %
Accuracy for class writeTo is: 0.00 %

Overall Accuracy = 10.22 %

Finished Evaluating Test Set

