
DataLoader:

trainset = #27119
valset = #1803

Configuration:

DB_NAME = js-top50, IMG_TYPE = window, TRANS_SIZE = 256
MAX_EPOCH = 20, BATCH_SIZE = 64

device = cuda:0

total_params = 3075882
total_trainable = 3075882


+--------------+------------+
|   Modules    | Parameters |
+--------------+------------+
| conv1.weight |     36     |
|  conv1.bias  |     4      |
| conv2.weight |    576     |
|  conv2.bias  |     16     |
|  fc.weight   |  3075200   |
|   fc.bias    |     50     |
+--------------+------------+
Total Trainable Params: 3075882



Started Training Model

--------------------------------------------------
time: 503.65s, epoch: 1
train acc: 7.17, train loss: 3.68
val acc: 2.41, val loss: 3.85

Best Accuracy = 2.41 % at Epoch-1
Saving model after best epoch-1
--------------------------------------------------
time: 503.68s, epoch: 2
train acc: 14.47, train loss: 3.16
val acc: 6.90, val loss: 3.58

Best Accuracy = 6.90 % at Epoch-2
Saving model after best epoch-2
--------------------------------------------------
time: 503.97s, epoch: 3
train acc: 27.15, train loss: 2.33
val acc: 9.69, val loss: 3.69

Best Accuracy = 9.69 % at Epoch-3
Saving model after best epoch-3
--------------------------------------------------
time: 503.79s, epoch: 4
train acc: 32.59, train loss: 1.97
val acc: 13.69, val loss: 3.56

Best Accuracy = 13.69 % at Epoch-4
Saving model after best epoch-4
--------------------------------------------------
time: 503.36s, epoch: 5
train acc: 36.54, train loss: 1.71
val acc: 13.97, val loss: 3.38

Best Accuracy = 13.97 % at Epoch-5
Saving model after best epoch-5
--------------------------------------------------
time: 503.27s, epoch: 6
train acc: 39.16, train loss: 1.53
val acc: 12.21, val loss: 3.38
--------------------------------------------------
time: 503.75s, epoch: 7
train acc: 41.28, train loss: 1.38
val acc: 14.41, val loss: 3.40

Best Accuracy = 14.41 % at Epoch-7
Saving model after best epoch-7
--------------------------------------------------
time: 503.73s, epoch: 8
train acc: 42.62, train loss: 1.27
val acc: 14.03, val loss: 3.33
--------------------------------------------------
time: 504.28s, epoch: 9
train acc: 43.93, train loss: 1.18
val acc: 16.76, val loss: 3.29

Best Accuracy = 16.76 % at Epoch-9
Saving model after best epoch-9
--------------------------------------------------
time: 504.05s, epoch: 10
train acc: 44.96, train loss: 1.12
val acc: 17.59, val loss: 3.24

Best Accuracy = 17.59 % at Epoch-10
Saving model after best epoch-10
--------------------------------------------------
time: 503.76s, epoch: 11
train acc: 46.28, train loss: 1.04
val acc: 17.38, val loss: 3.39
--------------------------------------------------
time: 504.33s, epoch: 12
train acc: 47.05, train loss: 0.99
val acc: 13.90, val loss: 3.52
--------------------------------------------------
time: 514.19s, epoch: 13
train acc: 47.65, train loss: 0.94
val acc: 13.93, val loss: 3.36
--------------------------------------------------
time: 514.02s, epoch: 14
train acc: 48.46, train loss: 0.89
val acc: 15.69, val loss: 3.30
--------------------------------------------------
time: 513.89s, epoch: 15
train acc: 49.39, train loss: 0.85
val acc: 15.72, val loss: 3.21
--------------------------------------------------
time: 513.26s, epoch: 16
train acc: 50.07, train loss: 0.80
val acc: 15.34, val loss: 3.25
--------------------------------------------------
time: 513.44s, epoch: 17
train acc: 50.54, train loss: 0.77
val acc: 15.79, val loss: 3.35
--------------------------------------------------
time: 512.68s, epoch: 18
train acc: 51.13, train loss: 0.73
val acc: 16.48, val loss: 3.29
--------------------------------------------------
time: 513.41s, epoch: 19
train acc: 51.58, train loss: 0.70
val acc: 14.34, val loss: 3.91
--------------------------------------------------
time: 513.78s, epoch: 20
train acc: 52.19, train loss: 0.66
val acc: 15.66, val loss: 3.29

Finished Training Model


Started Evaluating Testset

Loaded best model from ./models/code2img/window/js-top50_simpleNet_best_256.pth
testset = #4265

Accuracy for classes:
Accuracy for class accept is: 0.00 %
Accuracy for class actionPerformed is: 0.00 %
Accuracy for class add is: 3.90 %
Accuracy for class apply is: 33.33 %
Accuracy for class build is: 0.00 %
Accuracy for class clear is: 4.44 %
Accuracy for class clone is: 20.00 %
Accuracy for class close is: 46.69 %
Accuracy for class compare is: 40.70 %
Accuracy for class compareTo is: 55.06 %
Accuracy for class configure is: 2.90 %
Accuracy for class create is: 23.08 %
Accuracy for class deploy is: 0.00 %
Accuracy for class destroy is: 0.00 %
Accuracy for class dispose is: 0.00 %
Accuracy for class doFix is: 0.00 %
Accuracy for class doTest is: 66.67 %
Accuracy for class equals is: 97.92 %
Accuracy for class execute is: 11.11 %
Accuracy for class foo is: 0.00 %
Accuracy for class get is: 16.67 %
Accuracy for class getModelAttributes is: 0.00 %
Accuracy for class getName is: 0.00 %
Accuracy for class hashCode is: 97.91 %
Accuracy for class init is: 5.22 %
Accuracy for class initData is: 0.00 %
Accuracy for class invoke is: 45.45 %
Accuracy for class isAvailable is: 0.00 %
Accuracy for class main is: 97.28 %
Accuracy for class parse is: 3.23 %
Accuracy for class process is: 0.00 %
Accuracy for class read is: 13.64 %
Accuracy for class readExternal is: 0.00 %
Accuracy for class readFrom is: 0.00 %
Accuracy for class remove is: 2.00 %
Accuracy for class removeAll is: 0.00 %
Accuracy for class reset is: 5.81 %
Accuracy for class run is: 39.27 %
Accuracy for class setUp is: 77.42 %
Accuracy for class setup is: 14.08 %
Accuracy for class start is: 0.00 %
Accuracy for class stop is: 1.79 %
Accuracy for class tearDown is: 70.50 %
Accuracy for class test is: 15.38 %
Accuracy for class toString is: 94.06 %
Accuracy for class update is: 5.56 %
Accuracy for class validate is: 10.00 %
Accuracy for class write is: 5.99 %
Accuracy for class writeExternal is: 0.00 %
Accuracy for class writeTo is: 0.00 %

Overall Accuracy = 50.32 %

Finished Evaluating Test Set

