
DataLoader:

trainset = #10000
valset = #4847

Configuration:

DB_NAME = top10, IMG_TYPE = original, TRANS_SIZE = 64
MAX_EPOCH = 20, BATCH_SIZE = 64

device = cuda:0

total_params = 32002
total_trainable = 32002


+--------------+------------+
|   Modules    | Parameters |
+--------------+------------+
| conv1.weight |     36     |
|  conv1.bias  |     4      |
| conv2.weight |    576     |
|  conv2.bias  |     16     |
|  fc.weight   |   31360    |
|   fc.bias    |     10     |
+--------------+------------+
Total Trainable Params: 32002



Started Training Model

--------------------------------------------------
time: 137.46s, epoch: 1
train acc: 6.69, train loss: 2.30
val acc: 8.03, val loss: 2.31

Best Accuracy = 8.03 % at Epoch-1
Saving model after best epoch-1
--------------------------------------------------
time: 136.61s, epoch: 2
train acc: 8.52, train loss: 2.30
val acc: 12.21, val loss: 2.29

Best Accuracy = 12.21 % at Epoch-2
Saving model after best epoch-2
--------------------------------------------------
time: 137.65s, epoch: 3
train acc: 10.99, train loss: 2.29
val acc: 13.55, val loss: 2.29

Best Accuracy = 13.55 % at Epoch-3
Saving model after best epoch-3
--------------------------------------------------
time: 139.40s, epoch: 4
train acc: 12.82, train loss: 2.27
val acc: 15.92, val loss: 2.26

Best Accuracy = 15.92 % at Epoch-4
Saving model after best epoch-4
--------------------------------------------------
time: 139.04s, epoch: 5
train acc: 14.33, train loss: 2.24
val acc: 12.84, val loss: 2.21
--------------------------------------------------
time: 139.06s, epoch: 6
train acc: 14.82, train loss: 2.19
val acc: 14.89, val loss: 2.16
--------------------------------------------------
time: 139.00s, epoch: 7
train acc: 15.81, train loss: 2.12
val acc: 16.92, val loss: 2.07

Best Accuracy = 16.92 % at Epoch-7
Saving model after best epoch-7
--------------------------------------------------
time: 139.02s, epoch: 8
train acc: 16.54, train loss: 2.07
val acc: 17.75, val loss: 2.04

Best Accuracy = 17.75 % at Epoch-8
Saving model after best epoch-8
--------------------------------------------------
time: 139.77s, epoch: 9
train acc: 17.29, train loss: 2.03
val acc: 19.08, val loss: 1.99

Best Accuracy = 19.08 % at Epoch-9
Saving model after best epoch-9
--------------------------------------------------
time: 137.90s, epoch: 10
train acc: 18.48, train loss: 2.00
val acc: 18.20, val loss: 2.00
--------------------------------------------------
time: 138.05s, epoch: 11
train acc: 19.10, train loss: 1.98
val acc: 21.18, val loss: 1.92

Best Accuracy = 21.18 % at Epoch-11
Saving model after best epoch-11
--------------------------------------------------
time: 139.48s, epoch: 12
train acc: 20.55, train loss: 1.95
val acc: 21.36, val loss: 1.90

Best Accuracy = 21.36 % at Epoch-12
Saving model after best epoch-12
--------------------------------------------------
time: 138.23s, epoch: 13
train acc: 20.69, train loss: 1.93
val acc: 21.89, val loss: 1.89

Best Accuracy = 21.89 % at Epoch-13
Saving model after best epoch-13
--------------------------------------------------
time: 138.61s, epoch: 14
train acc: 21.79, train loss: 1.90
val acc: 22.70, val loss: 1.86

Best Accuracy = 22.70 % at Epoch-14
Saving model after best epoch-14
--------------------------------------------------
time: 137.91s, epoch: 15
train acc: 22.19, train loss: 1.88
val acc: 23.14, val loss: 1.88

Best Accuracy = 23.14 % at Epoch-15
Saving model after best epoch-15
--------------------------------------------------
time: 138.15s, epoch: 16
train acc: 22.80, train loss: 1.86
val acc: 23.93, val loss: 1.85

Best Accuracy = 23.93 % at Epoch-16
Saving model after best epoch-16
--------------------------------------------------
time: 138.46s, epoch: 17
train acc: 23.18, train loss: 1.84
val acc: 23.84, val loss: 1.81
--------------------------------------------------
time: 139.56s, epoch: 18
train acc: 23.88, train loss: 1.82
val acc: 24.57, val loss: 1.80

Best Accuracy = 24.57 % at Epoch-18
Saving model after best epoch-18
--------------------------------------------------
time: 139.23s, epoch: 19
train acc: 24.17, train loss: 1.81
val acc: 24.46, val loss: 1.79
--------------------------------------------------
time: 138.21s, epoch: 20
train acc: 24.44, train loss: 1.79
val acc: 23.78, val loss: 1.79

Finished Training Model


Started Evaluating Testset

Loaded best model from ./models/code2img/original/top10_simpleNet_best_64.pth
testset = #7100

Accuracy for classes:
Accuracy for class equals is: 52.87 %
Accuracy for class execute is: 20.80 %
Accuracy for class get is: 34.63 %
Accuracy for class hashCode is: 61.30 %
Accuracy for class init is: 8.47 %
Accuracy for class main is: 31.50 %
Accuracy for class onCreate is: 42.32 %
Accuracy for class run is: 49.55 %
Accuracy for class setUp is: 43.68 %
Accuracy for class toString is: 14.24 %

Overall Accuracy = 34.13 %

Finished Evaluating Test Set

