
DataLoader:

train_set = #27119
val_set = #1803

Configuration:

DB_NAME = java-top50, IMG_TYPE = reformat, TRANS_SIZE = 512
MAX_EPOCH = 100, BATCH_SIZE = 64

device = cuda:1


Started Training Model

--------------------------------------------------
time: 486.47s, epoch: 1
train acc: 17.58, train loss: 2.93
val acc: 6.72, val loss: 3.37

Best Accuracy = 6.72 % at Epoch-1
Saving model after best epoch-1
--------------------------------------------------
time: 487.18s, epoch: 2
train acc: 33.47, train loss: 1.90
val acc: 13.21, val loss: 3.48

Best Accuracy = 13.21 % at Epoch-2
Saving model after best epoch-2
--------------------------------------------------
time: 486.92s, epoch: 3
train acc: 39.61, train loss: 1.45
val acc: 19.38, val loss: 3.13

Best Accuracy = 19.38 % at Epoch-3
Saving model after best epoch-3
--------------------------------------------------
time: 485.33s, epoch: 4
train acc: 43.07, train loss: 1.23
val acc: 8.03, val loss: 3.34
--------------------------------------------------
time: 484.48s, epoch: 5
train acc: 45.89, train loss: 1.06
val acc: 16.76, val loss: 3.16
--------------------------------------------------
time: 484.36s, epoch: 6
train acc: 47.80, train loss: 0.93
val acc: 12.59, val loss: 4.26
--------------------------------------------------
time: 485.01s, epoch: 7
train acc: 49.42, train loss: 0.83
val acc: 15.03, val loss: 4.06
--------------------------------------------------
time: 484.81s, epoch: 8
train acc: 51.25, train loss: 0.72
val acc: 14.00, val loss: 3.77
--------------------------------------------------
time: 483.98s, epoch: 9
train acc: 52.65, train loss: 0.64
val acc: 6.83, val loss: 6.67
--------------------------------------------------
time: 486.78s, epoch: 10
train acc: 54.18, train loss: 0.55
val acc: 7.17, val loss: 7.63
--------------------------------------------------
time: 486.10s, epoch: 11
train acc: 56.17, train loss: 0.44
val acc: 14.24, val loss: 4.99
--------------------------------------------------
time: 483.50s, epoch: 12
train acc: 57.67, train loss: 0.36
val acc: 9.41, val loss: 7.80
--------------------------------------------------
time: 486.34s, epoch: 13
train acc: 59.37, train loss: 0.28
val acc: 6.00, val loss: 12.55
--------------------------------------------------
time: 486.95s, epoch: 14
train acc: 60.87, train loss: 0.20
val acc: 7.52, val loss: 6.73
--------------------------------------------------
time: 486.19s, epoch: 15
train acc: 62.19, train loss: 0.13
val acc: 13.55, val loss: 5.87
--------------------------------------------------
time: 486.06s, epoch: 16
train acc: 63.29, train loss: 0.07
val acc: 19.00, val loss: 4.04
--------------------------------------------------
time: 486.92s, epoch: 17
train acc: 63.73, train loss: 0.04
val acc: 19.00, val loss: 4.96
--------------------------------------------------
time: 484.50s, epoch: 18
train acc: 63.83, train loss: 0.02
val acc: 20.07, val loss: 5.11

Best Accuracy = 20.07 % at Epoch-18
Saving model after best epoch-18
--------------------------------------------------
time: 487.64s, epoch: 19
train acc: 63.88, train loss: 0.02
val acc: 20.59, val loss: 3.94

Best Accuracy = 20.59 % at Epoch-19
Saving model after best epoch-19
--------------------------------------------------
time: 486.53s, epoch: 20
train acc: 63.91, train loss: 0.01
val acc: 19.90, val loss: 4.25
--------------------------------------------------
time: 486.44s, epoch: 21
train acc: 63.93, train loss: 0.01
val acc: 19.86, val loss: 4.14
--------------------------------------------------
time: 484.64s, epoch: 22
train acc: 63.94, train loss: 0.01
val acc: 20.38, val loss: 4.31
--------------------------------------------------
time: 485.70s, epoch: 23
train acc: 63.94, train loss: 0.01
val acc: 19.93, val loss: 4.20
--------------------------------------------------
time: 486.87s, epoch: 24
train acc: 63.94, train loss: 0.01
val acc: 19.90, val loss: 4.56
--------------------------------------------------
time: 486.79s, epoch: 25
train acc: 63.94, train loss: 0.01
val acc: 20.10, val loss: 4.34
--------------------------------------------------
time: 487.46s, epoch: 26
train acc: 63.94, train loss: 0.00
val acc: 20.69, val loss: 4.18

Best Accuracy = 20.69 % at Epoch-26
Saving model after best epoch-26
--------------------------------------------------
time: 486.37s, epoch: 27
train acc: 63.94, train loss: 0.00
val acc: 20.45, val loss: 4.19
--------------------------------------------------
time: 486.94s, epoch: 28
train acc: 63.95, train loss: 0.00
val acc: 20.59, val loss: 4.06
--------------------------------------------------
time: 486.14s, epoch: 29
train acc: 63.95, train loss: 0.00
val acc: 20.66, val loss: 4.15
--------------------------------------------------
time: 486.29s, epoch: 30
train acc: 63.94, train loss: 0.00
val acc: 20.17, val loss: 4.38
--------------------------------------------------
time: 486.53s, epoch: 31
train acc: 63.94, train loss: 0.00
val acc: 20.31, val loss: 4.47
--------------------------------------------------
time: 486.54s, epoch: 32
train acc: 63.94, train loss: 0.00
val acc: 20.55, val loss: 4.28
--------------------------------------------------
time: 486.90s, epoch: 33
train acc: 63.95, train loss: 0.00
val acc: 20.76, val loss: 4.23

Best Accuracy = 20.76 % at Epoch-33
Saving model after best epoch-33
--------------------------------------------------
time: 486.44s, epoch: 34
train acc: 63.95, train loss: 0.00
val acc: 20.21, val loss: 4.43
--------------------------------------------------
time: 485.40s, epoch: 35
train acc: 63.95, train loss: 0.00
val acc: 19.52, val loss: 4.81
--------------------------------------------------
time: 486.50s, epoch: 36
train acc: 63.95, train loss: 0.00
val acc: 20.34, val loss: 4.46
--------------------------------------------------
time: 485.70s, epoch: 37
train acc: 63.95, train loss: 0.00
val acc: 20.28, val loss: 4.54
--------------------------------------------------
time: 488.36s, epoch: 38
train acc: 63.95, train loss: 0.00
val acc: 20.24, val loss: 4.38
--------------------------------------------------
time: 486.20s, epoch: 39
train acc: 63.95, train loss: 0.00
val acc: 20.14, val loss: 3.96
--------------------------------------------------
time: 487.04s, epoch: 40
train acc: 63.95, train loss: 0.00
val acc: 20.24, val loss: 4.34
--------------------------------------------------
time: 487.29s, epoch: 41
train acc: 63.95, train loss: 0.00
val acc: 20.31, val loss: 4.22
--------------------------------------------------
time: 487.15s, epoch: 42
train acc: 63.95, train loss: 0.00
val acc: 20.45, val loss: 4.37
--------------------------------------------------
time: 489.11s, epoch: 43
train acc: 63.95, train loss: 0.00
val acc: 20.52, val loss: 4.45
--------------------------------------------------
time: 486.80s, epoch: 44
train acc: 63.95, train loss: 0.00
val acc: 20.59, val loss: 4.35
--------------------------------------------------
time: 488.59s, epoch: 45
train acc: 63.95, train loss: 0.00
val acc: 20.17, val loss: 4.36
--------------------------------------------------
time: 486.46s, epoch: 46
train acc: 63.95, train loss: 0.00
val acc: 20.55, val loss: 4.40
--------------------------------------------------
time: 485.87s, epoch: 47
train acc: 63.95, train loss: 0.00
val acc: 20.28, val loss: 4.42
--------------------------------------------------
time: 480.06s, epoch: 48
train acc: 63.95, train loss: 0.00
val acc: 19.41, val loss: 4.56
--------------------------------------------------
time: 462.73s, epoch: 49
train acc: 63.95, train loss: 0.00
val acc: 20.24, val loss: 4.35
--------------------------------------------------
time: 463.79s, epoch: 50
train acc: 63.95, train loss: 0.00
val acc: 20.34, val loss: 4.51
--------------------------------------------------
time: 484.72s, epoch: 51
train acc: 63.95, train loss: 0.00
val acc: 20.28, val loss: 4.45
--------------------------------------------------
time: 489.46s, epoch: 52
train acc: 63.94, train loss: 0.00
val acc: 20.34, val loss: 4.45
--------------------------------------------------
time: 493.13s, epoch: 53
train acc: 63.95, train loss: 0.00
val acc: 20.34, val loss: 4.42

Early stopping as no improvements for last 20 epochs.
Final Best Accuracy = 20.76 % at Epoch-33


Finished Training Model


Started Evaluating Test

Loaded best model from /scratch/models/code2img/reformat/top50_resNet_best.pth
test_set = #4265

Accuracy for classes:
Accuracy for class accept is: 13.33 %
Accuracy for class actionPerformed is: 0.00 %
Accuracy for class add is: 36.36 %
Accuracy for class apply is: 44.44 %
Accuracy for class build is: 8.33 %
Accuracy for class clear is: 48.89 %
Accuracy for class clone is: 40.00 %
Accuracy for class close is: 71.98 %
Accuracy for class compare is: 72.09 %
Accuracy for class compareTo is: 62.92 %
Accuracy for class configure is: 2.90 %
Accuracy for class create is: 23.08 %
Accuracy for class deploy is: 0.00 %
Accuracy for class destroy is: 9.52 %
Accuracy for class dispose is: 0.00 %
Accuracy for class doFix is: 0.00 %
Accuracy for class doTest is: 33.33 %
Accuracy for class equals is: 97.92 %
Accuracy for class execute is: 7.41 %
Accuracy for class foo is: 0.00 %
Accuracy for class get is: 27.19 %
Accuracy for class getModelAttributes is: 0.00 %
Accuracy for class getName is: 0.00 %
Accuracy for class hashCode is: 98.26 %
Accuracy for class init is: 14.93 %
Accuracy for class initData is: 0.00 %
Accuracy for class invoke is: 72.73 %
Accuracy for class isAvailable is: 0.00 %
Accuracy for class main is: 99.22 %
Accuracy for class parse is: 35.48 %
Accuracy for class process is: 0.00 %
Accuracy for class read is: 57.95 %
Accuracy for class readExternal is: 0.00 %
Accuracy for class readFrom is: 0.00 %
Accuracy for class remove is: 10.00 %
Accuracy for class removeAll is: 40.00 %
Accuracy for class reset is: 22.09 %
Accuracy for class run is: 40.08 %
Accuracy for class setUp is: 76.77 %
Accuracy for class setup is: 23.94 %
Accuracy for class start is: 14.86 %
Accuracy for class stop is: 16.07 %
Accuracy for class tearDown is: 90.42 %
Accuracy for class test is: 38.46 %
Accuracy for class toString is: 97.03 %
Accuracy for class update is: 0.00 %
Accuracy for class validate is: 10.00 %
Accuracy for class write is: 84.33 %
Accuracy for class writeExternal is: 0.00 %
Accuracy for class writeTo is: 16.67 %

Overall Accuracy = 62.88 %

Finished Evaluating Test
