device = cuda:0
vocab = #99775
train_set = #10000
val_set = #4847

Started Training Model

--------------------------------------------------
time: 1.49s, epoch: 1
train acc: 10.70, train loss: 3.62
val acc: 16.42, val loss: 3.60

Best Accuracy = 16.42 % at Epoch-1
Saving model after best epoch-1
--------------------------------------------------
time: 1.41s, epoch: 2
train acc: 11.68, train loss: 3.61
val acc: 9.24, val loss: 3.60
--------------------------------------------------
time: 1.42s, epoch: 3
train acc: 13.17, train loss: 3.61
val acc: 23.27, val loss: 3.60

Best Accuracy = 23.27 % at Epoch-3
Saving model after best epoch-3
--------------------------------------------------
time: 1.43s, epoch: 4
train acc: 17.40, train loss: 3.60
val acc: 24.88, val loss: 3.59

Best Accuracy = 24.88 % at Epoch-4
Saving model after best epoch-4
--------------------------------------------------
time: 1.43s, epoch: 5
train acc: 17.37, train loss: 3.60
val acc: 34.91, val loss: 3.58

Best Accuracy = 34.91 % at Epoch-5
Saving model after best epoch-5
--------------------------------------------------
time: 1.43s, epoch: 6
train acc: 21.51, train loss: 3.59
val acc: 32.14, val loss: 3.59
--------------------------------------------------
time: 1.42s, epoch: 7
train acc: 25.33, train loss: 3.59
val acc: 37.05, val loss: 3.58

Best Accuracy = 37.05 % at Epoch-7
Saving model after best epoch-7
--------------------------------------------------
time: 1.42s, epoch: 8
train acc: 26.76, train loss: 3.58
val acc: 38.72, val loss: 3.58

Best Accuracy = 38.72 % at Epoch-8
Saving model after best epoch-8
--------------------------------------------------
time: 1.42s, epoch: 9
train acc: 27.73, train loss: 3.58
val acc: 40.23, val loss: 3.57

Best Accuracy = 40.23 % at Epoch-9
Saving model after best epoch-9
--------------------------------------------------
time: 1.42s, epoch: 10
train acc: 32.91, train loss: 3.57
val acc: 43.57, val loss: 3.56

Best Accuracy = 43.57 % at Epoch-10
Saving model after best epoch-10
--------------------------------------------------
time: 1.42s, epoch: 11
train acc: 35.70, train loss: 3.56
val acc: 36.54, val loss: 3.56
--------------------------------------------------
time: 1.42s, epoch: 12
train acc: 36.45, train loss: 3.55
val acc: 44.19, val loss: 3.54

Best Accuracy = 44.19 % at Epoch-12
Saving model after best epoch-12
--------------------------------------------------
time: 1.42s, epoch: 13
train acc: 36.80, train loss: 3.54
val acc: 48.34, val loss: 3.53

Best Accuracy = 48.34 % at Epoch-13
Saving model after best epoch-13
--------------------------------------------------
time: 1.43s, epoch: 14
train acc: 41.52, train loss: 3.53
val acc: 48.28, val loss: 3.53
--------------------------------------------------
time: 1.42s, epoch: 15
train acc: 40.92, train loss: 3.52
val acc: 51.35, val loss: 3.50

Best Accuracy = 51.35 % at Epoch-15
Saving model after best epoch-15
--------------------------------------------------
time: 1.42s, epoch: 16
train acc: 43.28, train loss: 3.50
val acc: 53.29, val loss: 3.49

Best Accuracy = 53.29 % at Epoch-16
Saving model after best epoch-16
--------------------------------------------------
time: 1.42s, epoch: 17
train acc: 41.54, train loss: 3.48
val acc: 35.24, val loss: 3.48
--------------------------------------------------
time: 1.41s, epoch: 18
train acc: 42.27, train loss: 3.46
val acc: 55.91, val loss: 3.45

Best Accuracy = 55.91 % at Epoch-18
Saving model after best epoch-18
--------------------------------------------------
time: 1.42s, epoch: 19
train acc: 44.35, train loss: 3.43
val acc: 50.46, val loss: 3.41
--------------------------------------------------
time: 1.41s, epoch: 20
train acc: 46.40, train loss: 3.40
val acc: 45.12, val loss: 3.38
--------------------------------------------------
time: 1.41s, epoch: 21
train acc: 43.80, train loss: 3.36
val acc: 53.19, val loss: 3.36
--------------------------------------------------
time: 1.41s, epoch: 22
train acc: 46.45, train loss: 3.32
val acc: 50.11, val loss: 3.30
--------------------------------------------------
time: 1.41s, epoch: 23
train acc: 45.68, train loss: 3.27
val acc: 53.64, val loss: 3.26
--------------------------------------------------
time: 1.41s, epoch: 24
train acc: 46.92, train loss: 3.20
val acc: 52.75, val loss: 3.19
--------------------------------------------------
time: 1.41s, epoch: 25
train acc: 47.10, train loss: 3.14
val acc: 50.69, val loss: 3.12
--------------------------------------------------
time: 1.41s, epoch: 26
train acc: 46.38, train loss: 3.07
val acc: 51.56, val loss: 3.06
--------------------------------------------------
time: 1.41s, epoch: 27
train acc: 45.97, train loss: 3.00
val acc: 53.06, val loss: 2.99
--------------------------------------------------
time: 1.41s, epoch: 28
train acc: 47.62, train loss: 2.93
val acc: 54.86, val loss: 2.92
--------------------------------------------------
time: 1.41s, epoch: 29
train acc: 48.87, train loss: 2.86
val acc: 53.74, val loss: 2.85
--------------------------------------------------
time: 1.41s, epoch: 30
train acc: 49.55, train loss: 2.78
val acc: 55.06, val loss: 2.76
--------------------------------------------------
time: 1.42s, epoch: 31
train acc: 50.04, train loss: 2.71
val acc: 54.51, val loss: 2.69
--------------------------------------------------
time: 1.42s, epoch: 32
train acc: 51.65, train loss: 2.63
val acc: 55.50, val loss: 2.60
--------------------------------------------------
time: 1.41s, epoch: 33
train acc: 52.47, train loss: 2.55
val acc: 56.30, val loss: 2.52

Best Accuracy = 56.30 % at Epoch-33
Saving model after best epoch-33
--------------------------------------------------
time: 1.42s, epoch: 34
train acc: 53.29, train loss: 2.47
val acc: 56.06, val loss: 2.45
--------------------------------------------------
time: 1.42s, epoch: 35
train acc: 54.15, train loss: 2.40
val acc: 57.48, val loss: 2.37

Best Accuracy = 57.48 % at Epoch-35
Saving model after best epoch-35
--------------------------------------------------
time: 1.42s, epoch: 36
train acc: 54.73, train loss: 2.32
val acc: 58.70, val loss: 2.30

Best Accuracy = 58.70 % at Epoch-36
Saving model after best epoch-36
--------------------------------------------------
time: 1.42s, epoch: 37
train acc: 56.37, train loss: 2.25
val acc: 58.94, val loss: 2.23

Best Accuracy = 58.94 % at Epoch-37
Saving model after best epoch-37
--------------------------------------------------
time: 1.42s, epoch: 38
train acc: 56.89, train loss: 2.19
val acc: 59.17, val loss: 2.18

Best Accuracy = 59.17 % at Epoch-38
Saving model after best epoch-38
--------------------------------------------------
time: 1.42s, epoch: 39
train acc: 57.47, train loss: 2.14
val acc: 60.20, val loss: 2.13

Best Accuracy = 60.20 % at Epoch-39
Saving model after best epoch-39
--------------------------------------------------
time: 1.42s, epoch: 40
train acc: 58.56, train loss: 2.08
val acc: 60.64, val loss: 2.06

Best Accuracy = 60.64 % at Epoch-40
Saving model after best epoch-40
--------------------------------------------------
time: 1.42s, epoch: 41
train acc: 58.11, train loss: 2.03
val acc: 60.78, val loss: 2.02

Best Accuracy = 60.78 % at Epoch-41
Saving model after best epoch-41
--------------------------------------------------
time: 1.42s, epoch: 42
train acc: 59.21, train loss: 1.99
val acc: 61.09, val loss: 2.00

Best Accuracy = 61.09 % at Epoch-42
Saving model after best epoch-42
--------------------------------------------------
time: 1.42s, epoch: 43
train acc: 59.09, train loss: 1.95
val acc: 61.89, val loss: 1.95

Best Accuracy = 61.89 % at Epoch-43
Saving model after best epoch-43
--------------------------------------------------
time: 1.42s, epoch: 44
train acc: 60.30, train loss: 1.91
val acc: 62.45, val loss: 1.90

Best Accuracy = 62.45 % at Epoch-44
Saving model after best epoch-44
--------------------------------------------------
time: 1.42s, epoch: 45
train acc: 60.85, train loss: 1.88
val acc: 63.19, val loss: 1.87

Best Accuracy = 63.19 % at Epoch-45
Saving model after best epoch-45
--------------------------------------------------
time: 1.43s, epoch: 46
train acc: 60.96, train loss: 1.84
val acc: 63.46, val loss: 1.85

Best Accuracy = 63.46 % at Epoch-46
Saving model after best epoch-46
--------------------------------------------------
time: 1.42s, epoch: 47
train acc: 61.57, train loss: 1.82
val acc: 63.92, val loss: 1.81

Best Accuracy = 63.92 % at Epoch-47
Saving model after best epoch-47
--------------------------------------------------
time: 1.42s, epoch: 48
train acc: 61.70, train loss: 1.79
val acc: 64.04, val loss: 1.79

Best Accuracy = 64.04 % at Epoch-48
Saving model after best epoch-48
--------------------------------------------------
time: 1.42s, epoch: 49
train acc: 62.21, train loss: 1.76
val acc: 64.45, val loss: 1.76

Best Accuracy = 64.45 % at Epoch-49
Saving model after best epoch-49
--------------------------------------------------
time: 1.42s, epoch: 50
train acc: 62.74, train loss: 1.74
val acc: 64.82, val loss: 1.74

Best Accuracy = 64.82 % at Epoch-50
Saving model after best epoch-50
--------------------------------------------------
time: 1.42s, epoch: 51
train acc: 63.35, train loss: 1.72
val acc: 65.65, val loss: 1.71

Best Accuracy = 65.65 % at Epoch-51
Saving model after best epoch-51
--------------------------------------------------
time: 1.42s, epoch: 52
train acc: 63.56, train loss: 1.70
val acc: 64.97, val loss: 1.70
--------------------------------------------------
time: 1.42s, epoch: 53
train acc: 63.89, train loss: 1.67
val acc: 65.75, val loss: 1.66

Best Accuracy = 65.75 % at Epoch-53
Saving model after best epoch-53
--------------------------------------------------
time: 1.42s, epoch: 54
train acc: 64.39, train loss: 1.65
val acc: 66.60, val loss: 1.63

Best Accuracy = 66.60 % at Epoch-54
Saving model after best epoch-54
--------------------------------------------------
time: 1.42s, epoch: 55
train acc: 64.51, train loss: 1.63
val acc: 66.45, val loss: 1.62
--------------------------------------------------
time: 1.42s, epoch: 56
train acc: 65.03, train loss: 1.61
val acc: 66.89, val loss: 1.60

Best Accuracy = 66.89 % at Epoch-56
Saving model after best epoch-56
--------------------------------------------------
time: 1.42s, epoch: 57
train acc: 65.31, train loss: 1.60
val acc: 67.42, val loss: 1.58

Best Accuracy = 67.42 % at Epoch-57
Saving model after best epoch-57
--------------------------------------------------
time: 1.42s, epoch: 58
train acc: 65.75, train loss: 1.58
val acc: 67.92, val loss: 1.56

Best Accuracy = 67.92 % at Epoch-58
Saving model after best epoch-58
--------------------------------------------------
time: 1.43s, epoch: 59
train acc: 66.00, train loss: 1.56
val acc: 68.10, val loss: 1.54

Best Accuracy = 68.10 % at Epoch-59
Saving model after best epoch-59
--------------------------------------------------
time: 1.42s, epoch: 60
train acc: 66.44, train loss: 1.55
val acc: 68.35, val loss: 1.53

Best Accuracy = 68.35 % at Epoch-60
Saving model after best epoch-60
--------------------------------------------------
time: 1.42s, epoch: 61
train acc: 66.50, train loss: 1.54
val acc: 69.36, val loss: 1.50

Best Accuracy = 69.36 % at Epoch-61
Saving model after best epoch-61
--------------------------------------------------
time: 1.42s, epoch: 62
train acc: 66.92, train loss: 1.52
val acc: 69.26, val loss: 1.49
--------------------------------------------------
time: 1.42s, epoch: 63
train acc: 67.41, train loss: 1.50
val acc: 69.75, val loss: 1.47

Best Accuracy = 69.75 % at Epoch-63
Saving model after best epoch-63
--------------------------------------------------
time: 1.42s, epoch: 64
train acc: 67.55, train loss: 1.48
val acc: 70.56, val loss: 1.45

Best Accuracy = 70.56 % at Epoch-64
Saving model after best epoch-64
--------------------------------------------------
time: 1.42s, epoch: 65
train acc: 67.91, train loss: 1.47
val acc: 70.02, val loss: 1.45
--------------------------------------------------
time: 1.42s, epoch: 66
train acc: 68.11, train loss: 1.46
val acc: 71.07, val loss: 1.42

Best Accuracy = 71.07 % at Epoch-66
Saving model after best epoch-66
--------------------------------------------------
time: 1.42s, epoch: 67
train acc: 68.25, train loss: 1.44
val acc: 71.01, val loss: 1.41
--------------------------------------------------
time: 1.41s, epoch: 68
train acc: 68.41, train loss: 1.43
val acc: 70.83, val loss: 1.40
--------------------------------------------------
time: 1.41s, epoch: 69
train acc: 68.88, train loss: 1.42
val acc: 71.40, val loss: 1.39

Best Accuracy = 71.40 % at Epoch-69
Saving model after best epoch-69
--------------------------------------------------
time: 1.42s, epoch: 70
train acc: 69.02, train loss: 1.41
val acc: 71.20, val loss: 1.37
--------------------------------------------------
time: 1.41s, epoch: 71
train acc: 69.02, train loss: 1.40
val acc: 71.80, val loss: 1.35

Best Accuracy = 71.80 % at Epoch-71
Saving model after best epoch-71
--------------------------------------------------
time: 1.42s, epoch: 72
train acc: 69.34, train loss: 1.38
val acc: 71.86, val loss: 1.35

Best Accuracy = 71.86 % at Epoch-72
Saving model after best epoch-72
--------------------------------------------------
time: 1.42s, epoch: 73
train acc: 69.20, train loss: 1.38
val acc: 72.48, val loss: 1.33

Best Accuracy = 72.48 % at Epoch-73
Saving model after best epoch-73
--------------------------------------------------
time: 1.42s, epoch: 74
train acc: 69.28, train loss: 1.37
val acc: 72.00, val loss: 1.33
--------------------------------------------------
time: 1.42s, epoch: 75
train acc: 70.07, train loss: 1.35
val acc: 71.45, val loss: 1.32
--------------------------------------------------
time: 1.42s, epoch: 76
train acc: 69.82, train loss: 1.35
val acc: 72.77, val loss: 1.31

Best Accuracy = 72.77 % at Epoch-76
Saving model after best epoch-76
--------------------------------------------------
time: 1.42s, epoch: 77
train acc: 69.95, train loss: 1.34
val acc: 72.50, val loss: 1.30
--------------------------------------------------
time: 1.42s, epoch: 78
train acc: 69.91, train loss: 1.33
val acc: 72.58, val loss: 1.29
--------------------------------------------------
time: 1.42s, epoch: 79
train acc: 70.51, train loss: 1.32
val acc: 72.48, val loss: 1.29
--------------------------------------------------
time: 1.42s, epoch: 80
train acc: 70.75, train loss: 1.31
val acc: 73.03, val loss: 1.27

Best Accuracy = 73.03 % at Epoch-80
Saving model after best epoch-80
--------------------------------------------------
time: 1.42s, epoch: 81
train acc: 70.55, train loss: 1.31
val acc: 72.89, val loss: 1.27
--------------------------------------------------
time: 1.42s, epoch: 82
train acc: 70.45, train loss: 1.31
val acc: 73.06, val loss: 1.26

Best Accuracy = 73.06 % at Epoch-82
Saving model after best epoch-82
--------------------------------------------------
time: 1.42s, epoch: 83
train acc: 70.91, train loss: 1.29
val acc: 73.41, val loss: 1.25

Best Accuracy = 73.41 % at Epoch-83
Saving model after best epoch-83
--------------------------------------------------
time: 1.43s, epoch: 84
train acc: 71.14, train loss: 1.29
val acc: 74.05, val loss: 1.23

Best Accuracy = 74.05 % at Epoch-84
Saving model after best epoch-84
--------------------------------------------------
time: 1.42s, epoch: 85
train acc: 71.03, train loss: 1.28
val acc: 73.78, val loss: 1.24
--------------------------------------------------
time: 1.42s, epoch: 86
train acc: 70.93, train loss: 1.27
val acc: 73.90, val loss: 1.23
--------------------------------------------------
time: 1.42s, epoch: 87
train acc: 71.51, train loss: 1.27
val acc: 74.42, val loss: 1.22

Best Accuracy = 74.42 % at Epoch-87
Saving model after best epoch-87
--------------------------------------------------
time: 1.43s, epoch: 88
train acc: 71.57, train loss: 1.26
val acc: 74.17, val loss: 1.22
--------------------------------------------------
time: 1.42s, epoch: 89
train acc: 71.16, train loss: 1.26
val acc: 73.96, val loss: 1.21
--------------------------------------------------
time: 1.42s, epoch: 90
train acc: 71.33, train loss: 1.26
val acc: 74.38, val loss: 1.20
--------------------------------------------------
time: 1.42s, epoch: 91
train acc: 71.63, train loss: 1.24
val acc: 74.54, val loss: 1.21

Best Accuracy = 74.54 % at Epoch-91
Saving model after best epoch-91
--------------------------------------------------
time: 1.42s, epoch: 92
train acc: 72.39, train loss: 1.24
val acc: 74.44, val loss: 1.20
--------------------------------------------------
time: 1.42s, epoch: 93
train acc: 71.89, train loss: 1.23
val acc: 74.81, val loss: 1.18

Best Accuracy = 74.81 % at Epoch-93
Saving model after best epoch-93
--------------------------------------------------
time: 1.43s, epoch: 94
train acc: 71.80, train loss: 1.23
val acc: 74.75, val loss: 1.18
--------------------------------------------------
time: 1.42s, epoch: 95
train acc: 72.35, train loss: 1.23
val acc: 74.69, val loss: 1.17
--------------------------------------------------
time: 1.42s, epoch: 96
train acc: 72.35, train loss: 1.22
val acc: 74.79, val loss: 1.17
--------------------------------------------------
time: 1.42s, epoch: 97
train acc: 72.42, train loss: 1.21
val acc: 74.75, val loss: 1.16
--------------------------------------------------
time: 1.42s, epoch: 98
train acc: 72.55, train loss: 1.21
val acc: 75.14, val loss: 1.16

Best Accuracy = 75.14 % at Epoch-98
Saving model after best epoch-98
--------------------------------------------------
time: 1.42s, epoch: 99
train acc: 72.47, train loss: 1.21
val acc: 75.10, val loss: 1.16
--------------------------------------------------
time: 1.42s, epoch: 100
train acc: 72.54, train loss: 1.20
val acc: 75.32, val loss: 1.16

Best Accuracy = 75.32 % at Epoch-100
Saving model after best epoch-100

Finished Training Model


Started Evaluating Test

Loaded best model from /scratch/models/code2token/value/top10_lstm_best.pth
test_set = #7100

Accuracy for classes:
Accuracy for class equals is: 97.08 %
Accuracy for class main is: 75.10 %
Accuracy for class setUp is: 70.79 %
Accuracy for class onCreate is: 90.57 %
Accuracy for class toString is: 91.24 %
Accuracy for class run is: 41.85 %
Accuracy for class hashCode is: 89.61 %
Accuracy for class init is: 34.50 %
Accuracy for class execute is: 26.50 %
Accuracy for class get is: 71.04 %

Overall Accuracy = 67.87 %


Finished Evaluating Test

