device = cuda:0
vocab = #96
train_set = #10000
val_set = #4847

Started Training Model

--------------------------------------------------
time: 1.42s, epoch: 1
train acc: 10.43, train loss: 3.61
val acc: 8.31, val loss: 3.60

Best Accuracy = 8.31 % at Epoch-1
Saving model after best epoch-1
--------------------------------------------------
time: 1.35s, epoch: 2
train acc: 11.68, train loss: 3.61
val acc: 16.48, val loss: 3.61

Best Accuracy = 16.48 % at Epoch-2
Saving model after best epoch-2
--------------------------------------------------
time: 1.34s, epoch: 3
train acc: 13.51, train loss: 3.61
val acc: 16.86, val loss: 3.60

Best Accuracy = 16.86 % at Epoch-3
Saving model after best epoch-3
--------------------------------------------------
time: 1.34s, epoch: 4
train acc: 14.55, train loss: 3.60
val acc: 21.11, val loss: 3.60

Best Accuracy = 21.11 % at Epoch-4
Saving model after best epoch-4
--------------------------------------------------
time: 1.34s, epoch: 5
train acc: 16.84, train loss: 3.60
val acc: 11.80, val loss: 3.59
--------------------------------------------------
time: 1.34s, epoch: 6
train acc: 18.41, train loss: 3.60
val acc: 25.21, val loss: 3.59

Best Accuracy = 25.21 % at Epoch-6
Saving model after best epoch-6
--------------------------------------------------
time: 1.34s, epoch: 7
train acc: 21.60, train loss: 3.59
val acc: 38.04, val loss: 3.58

Best Accuracy = 38.04 % at Epoch-7
Saving model after best epoch-7
--------------------------------------------------
time: 1.34s, epoch: 8
train acc: 21.84, train loss: 3.59
val acc: 41.88, val loss: 3.58

Best Accuracy = 41.88 % at Epoch-8
Saving model after best epoch-8
--------------------------------------------------
time: 1.34s, epoch: 9
train acc: 24.48, train loss: 3.58
val acc: 33.67, val loss: 3.57
--------------------------------------------------
time: 1.34s, epoch: 10
train acc: 25.55, train loss: 3.58
val acc: 39.88, val loss: 3.57
--------------------------------------------------
time: 1.34s, epoch: 11
train acc: 28.24, train loss: 3.57
val acc: 32.56, val loss: 3.57
--------------------------------------------------
time: 1.34s, epoch: 12
train acc: 28.16, train loss: 3.56
val acc: 35.42, val loss: 3.56
--------------------------------------------------
time: 1.34s, epoch: 13
train acc: 29.29, train loss: 3.55
val acc: 36.52, val loss: 3.55
--------------------------------------------------
time: 1.34s, epoch: 14
train acc: 30.05, train loss: 3.54
val acc: 32.80, val loss: 3.55
--------------------------------------------------
time: 1.34s, epoch: 15
train acc: 30.38, train loss: 3.53
val acc: 42.01, val loss: 3.53

Best Accuracy = 42.01 % at Epoch-15
Saving model after best epoch-15
--------------------------------------------------
time: 1.34s, epoch: 16
train acc: 32.56, train loss: 3.52
val acc: 43.12, val loss: 3.51

Best Accuracy = 43.12 % at Epoch-16
Saving model after best epoch-16
--------------------------------------------------
time: 1.34s, epoch: 17
train acc: 34.37, train loss: 3.50
val acc: 46.09, val loss: 3.50

Best Accuracy = 46.09 % at Epoch-17
Saving model after best epoch-17
--------------------------------------------------
time: 1.34s, epoch: 18
train acc: 33.09, train loss: 3.49
val acc: 30.51, val loss: 3.49
--------------------------------------------------
time: 1.35s, epoch: 19
train acc: 34.32, train loss: 3.47
val acc: 31.48, val loss: 3.47
--------------------------------------------------
time: 1.35s, epoch: 20
train acc: 34.54, train loss: 3.44
val acc: 39.12, val loss: 3.45
--------------------------------------------------
time: 1.34s, epoch: 21
train acc: 34.78, train loss: 3.41
val acc: 35.65, val loss: 3.42
--------------------------------------------------
time: 1.34s, epoch: 22
train acc: 35.65, train loss: 3.38
val acc: 34.35, val loss: 3.38
--------------------------------------------------
time: 1.34s, epoch: 23
train acc: 35.98, train loss: 3.34
val acc: 37.98, val loss: 3.35
--------------------------------------------------
time: 1.35s, epoch: 24
train acc: 36.49, train loss: 3.30
val acc: 43.22, val loss: 3.31
--------------------------------------------------
time: 1.34s, epoch: 25
train acc: 36.89, train loss: 3.26
val acc: 36.70, val loss: 3.27
--------------------------------------------------
time: 1.34s, epoch: 26
train acc: 38.16, train loss: 3.21
val acc: 46.85, val loss: 3.22

Best Accuracy = 46.85 % at Epoch-26
Saving model after best epoch-26
--------------------------------------------------
time: 1.35s, epoch: 27
train acc: 38.43, train loss: 3.16
val acc: 46.21, val loss: 3.16
--------------------------------------------------
time: 1.35s, epoch: 28
train acc: 38.41, train loss: 3.11
val acc: 41.45, val loss: 3.12
--------------------------------------------------
time: 1.34s, epoch: 29
train acc: 38.90, train loss: 3.06
val acc: 39.01, val loss: 3.07
--------------------------------------------------
time: 1.35s, epoch: 30
train acc: 40.15, train loss: 3.01
val acc: 46.96, val loss: 3.03

Best Accuracy = 46.96 % at Epoch-30
Saving model after best epoch-30
--------------------------------------------------
time: 1.35s, epoch: 31
train acc: 40.27, train loss: 2.96
val acc: 48.57, val loss: 2.97

Best Accuracy = 48.57 % at Epoch-31
Saving model after best epoch-31
--------------------------------------------------
time: 1.35s, epoch: 32
train acc: 41.94, train loss: 2.91
val acc: 48.48, val loss: 2.93
--------------------------------------------------
time: 1.35s, epoch: 33
train acc: 42.42, train loss: 2.87
val acc: 47.53, val loss: 2.89
--------------------------------------------------
time: 1.35s, epoch: 34
train acc: 43.62, train loss: 2.82
val acc: 49.10, val loss: 2.82

Best Accuracy = 49.10 % at Epoch-34
Saving model after best epoch-34
--------------------------------------------------
time: 1.34s, epoch: 35
train acc: 43.97, train loss: 2.77
val acc: 49.91, val loss: 2.79

Best Accuracy = 49.91 % at Epoch-35
Saving model after best epoch-35
--------------------------------------------------
time: 1.35s, epoch: 36
train acc: 45.21, train loss: 2.73
val acc: 50.46, val loss: 2.73

Best Accuracy = 50.46 % at Epoch-36
Saving model after best epoch-36
--------------------------------------------------
time: 1.35s, epoch: 37
train acc: 45.90, train loss: 2.69
val acc: 51.12, val loss: 2.68

Best Accuracy = 51.12 % at Epoch-37
Saving model after best epoch-37
--------------------------------------------------
time: 1.34s, epoch: 38
train acc: 46.36, train loss: 2.64
val acc: 52.20, val loss: 2.65

Best Accuracy = 52.20 % at Epoch-38
Saving model after best epoch-38
--------------------------------------------------
time: 1.35s, epoch: 39
train acc: 47.48, train loss: 2.60
val acc: 52.03, val loss: 2.60
--------------------------------------------------
time: 1.35s, epoch: 40
train acc: 47.84, train loss: 2.56
val acc: 52.80, val loss: 2.55

Best Accuracy = 52.80 % at Epoch-40
Saving model after best epoch-40
--------------------------------------------------
time: 1.35s, epoch: 41
train acc: 48.55, train loss: 2.52
val acc: 53.72, val loss: 2.52

Best Accuracy = 53.72 % at Epoch-41
Saving model after best epoch-41
--------------------------------------------------
time: 1.35s, epoch: 42
train acc: 49.83, train loss: 2.48
val acc: 53.50, val loss: 2.48
--------------------------------------------------
time: 1.35s, epoch: 43
train acc: 50.38, train loss: 2.44
val acc: 54.73, val loss: 2.43

Best Accuracy = 54.73 % at Epoch-43
Saving model after best epoch-43
--------------------------------------------------
time: 1.35s, epoch: 44
train acc: 51.18, train loss: 2.40
val acc: 55.11, val loss: 2.40

Best Accuracy = 55.11 % at Epoch-44
Saving model after best epoch-44
--------------------------------------------------
time: 1.35s, epoch: 45
train acc: 51.45, train loss: 2.37
val acc: 55.00, val loss: 2.38
--------------------------------------------------
time: 1.34s, epoch: 46
train acc: 51.87, train loss: 2.33
val acc: 55.23, val loss: 2.34

Best Accuracy = 55.23 % at Epoch-46
Saving model after best epoch-46
--------------------------------------------------
time: 1.35s, epoch: 47
train acc: 53.22, train loss: 2.30
val acc: 55.97, val loss: 2.30

Best Accuracy = 55.97 % at Epoch-47
Saving model after best epoch-47
--------------------------------------------------
time: 1.35s, epoch: 48
train acc: 53.63, train loss: 2.27
val acc: 56.57, val loss: 2.27

Best Accuracy = 56.57 % at Epoch-48
Saving model after best epoch-48
--------------------------------------------------
time: 1.35s, epoch: 49
train acc: 54.21, train loss: 2.24
val acc: 56.20, val loss: 2.26
--------------------------------------------------
time: 1.35s, epoch: 50
train acc: 54.05, train loss: 2.21
val acc: 56.96, val loss: 2.21

Best Accuracy = 56.96 % at Epoch-50
Saving model after best epoch-50
--------------------------------------------------
time: 1.35s, epoch: 51
train acc: 54.74, train loss: 2.19
val acc: 57.15, val loss: 2.20

Best Accuracy = 57.15 % at Epoch-51
Saving model after best epoch-51
--------------------------------------------------
time: 1.35s, epoch: 52
train acc: 55.20, train loss: 2.16
val acc: 57.60, val loss: 2.18

Best Accuracy = 57.60 % at Epoch-52
Saving model after best epoch-52
--------------------------------------------------
time: 1.35s, epoch: 53
train acc: 55.00, train loss: 2.14
val acc: 58.06, val loss: 2.15

Best Accuracy = 58.06 % at Epoch-53
Saving model after best epoch-53
--------------------------------------------------
time: 1.35s, epoch: 54
train acc: 55.64, train loss: 2.12
val acc: 57.79, val loss: 2.12
--------------------------------------------------
time: 1.34s, epoch: 55
train acc: 56.06, train loss: 2.09
val acc: 58.32, val loss: 2.10

Best Accuracy = 58.32 % at Epoch-55
Saving model after best epoch-55
--------------------------------------------------
time: 1.35s, epoch: 56
train acc: 56.24, train loss: 2.07
val acc: 58.55, val loss: 2.08

Best Accuracy = 58.55 % at Epoch-56
Saving model after best epoch-56
--------------------------------------------------
time: 1.35s, epoch: 57
train acc: 56.67, train loss: 2.06
val acc: 58.30, val loss: 2.08
--------------------------------------------------
time: 1.34s, epoch: 58
train acc: 57.06, train loss: 2.04
val acc: 59.01, val loss: 2.05

Best Accuracy = 59.01 % at Epoch-58
Saving model after best epoch-58
--------------------------------------------------
time: 1.35s, epoch: 59
train acc: 56.75, train loss: 2.02
val acc: 58.98, val loss: 2.05
--------------------------------------------------
time: 1.34s, epoch: 60
train acc: 57.42, train loss: 2.01
val acc: 59.25, val loss: 2.02

Best Accuracy = 59.25 % at Epoch-60
Saving model after best epoch-60
--------------------------------------------------
time: 1.35s, epoch: 61
train acc: 57.80, train loss: 1.99
val acc: 59.03, val loss: 2.01
--------------------------------------------------
time: 1.35s, epoch: 62
train acc: 57.90, train loss: 1.98
val acc: 59.67, val loss: 2.00

Best Accuracy = 59.67 % at Epoch-62
Saving model after best epoch-62
--------------------------------------------------
time: 1.35s, epoch: 63
train acc: 58.18, train loss: 1.96
val acc: 60.47, val loss: 1.98

Best Accuracy = 60.47 % at Epoch-63
Saving model after best epoch-63
--------------------------------------------------
time: 1.35s, epoch: 64
train acc: 58.48, train loss: 1.94
val acc: 60.14, val loss: 1.97
--------------------------------------------------
time: 1.34s, epoch: 65
train acc: 58.48, train loss: 1.94
val acc: 60.39, val loss: 1.95
--------------------------------------------------
time: 1.34s, epoch: 66
train acc: 58.81, train loss: 1.92
val acc: 60.53, val loss: 1.93

Best Accuracy = 60.53 % at Epoch-66
Saving model after best epoch-66
--------------------------------------------------
time: 1.35s, epoch: 67
train acc: 59.36, train loss: 1.91
val acc: 60.00, val loss: 1.93
--------------------------------------------------
time: 1.34s, epoch: 68
train acc: 59.57, train loss: 1.90
val acc: 60.70, val loss: 1.90

Best Accuracy = 60.70 % at Epoch-68
Saving model after best epoch-68
--------------------------------------------------
time: 1.35s, epoch: 69
train acc: 59.01, train loss: 1.89
val acc: 60.74, val loss: 1.89

Best Accuracy = 60.74 % at Epoch-69
Saving model after best epoch-69
--------------------------------------------------
time: 1.34s, epoch: 70
train acc: 59.48, train loss: 1.88
val acc: 61.11, val loss: 1.88

Best Accuracy = 61.11 % at Epoch-70
Saving model after best epoch-70
--------------------------------------------------
time: 1.35s, epoch: 71
train acc: 60.02, train loss: 1.87
val acc: 61.34, val loss: 1.86

Best Accuracy = 61.34 % at Epoch-71
Saving model after best epoch-71
--------------------------------------------------
time: 1.35s, epoch: 72
train acc: 60.28, train loss: 1.86
val acc: 61.30, val loss: 1.87
--------------------------------------------------
time: 1.35s, epoch: 73
train acc: 60.34, train loss: 1.85
val acc: 61.13, val loss: 1.87
--------------------------------------------------
time: 1.34s, epoch: 74
train acc: 60.67, train loss: 1.83
val acc: 61.50, val loss: 1.86

Best Accuracy = 61.50 % at Epoch-74
Saving model after best epoch-74
--------------------------------------------------
time: 1.35s, epoch: 75
train acc: 61.15, train loss: 1.82
val acc: 62.27, val loss: 1.83

Best Accuracy = 62.27 % at Epoch-75
Saving model after best epoch-75
--------------------------------------------------
time: 1.35s, epoch: 76
train acc: 60.68, train loss: 1.82
val acc: 62.33, val loss: 1.83

Best Accuracy = 62.33 % at Epoch-76
Saving model after best epoch-76
--------------------------------------------------
time: 1.35s, epoch: 77
train acc: 60.63, train loss: 1.81
val acc: 62.49, val loss: 1.81

Best Accuracy = 62.49 % at Epoch-77
Saving model after best epoch-77
--------------------------------------------------
time: 1.34s, epoch: 78
train acc: 61.26, train loss: 1.80
val acc: 62.43, val loss: 1.81
--------------------------------------------------
time: 1.34s, epoch: 79
train acc: 61.21, train loss: 1.79
val acc: 62.12, val loss: 1.79
--------------------------------------------------
time: 1.34s, epoch: 80
train acc: 61.96, train loss: 1.78
val acc: 62.53, val loss: 1.79

Best Accuracy = 62.53 % at Epoch-80
Saving model after best epoch-80
--------------------------------------------------
time: 1.34s, epoch: 81
train acc: 61.50, train loss: 1.78
val acc: 62.68, val loss: 1.78

Best Accuracy = 62.68 % at Epoch-81
Saving model after best epoch-81
--------------------------------------------------
time: 1.35s, epoch: 82
train acc: 61.68, train loss: 1.77
val acc: 62.41, val loss: 1.78
--------------------------------------------------
time: 1.35s, epoch: 83
train acc: 62.06, train loss: 1.76
val acc: 62.60, val loss: 1.78
--------------------------------------------------
time: 1.34s, epoch: 84
train acc: 62.13, train loss: 1.75
val acc: 63.15, val loss: 1.74

Best Accuracy = 63.15 % at Epoch-84
Saving model after best epoch-84
--------------------------------------------------
time: 1.34s, epoch: 85
train acc: 62.18, train loss: 1.75
val acc: 62.66, val loss: 1.77
--------------------------------------------------
time: 1.34s, epoch: 86
train acc: 62.28, train loss: 1.74
val acc: 62.66, val loss: 1.76
--------------------------------------------------
time: 1.35s, epoch: 87
train acc: 62.59, train loss: 1.73
val acc: 63.11, val loss: 1.74
--------------------------------------------------
time: 1.34s, epoch: 88
train acc: 62.61, train loss: 1.73
val acc: 62.97, val loss: 1.74
--------------------------------------------------
time: 1.34s, epoch: 89
train acc: 62.55, train loss: 1.72
val acc: 63.23, val loss: 1.73

Best Accuracy = 63.23 % at Epoch-89
Saving model after best epoch-89
--------------------------------------------------
time: 1.34s, epoch: 90
train acc: 62.92, train loss: 1.71
val acc: 63.48, val loss: 1.73

Best Accuracy = 63.48 % at Epoch-90
Saving model after best epoch-90
--------------------------------------------------
time: 1.34s, epoch: 91
train acc: 62.99, train loss: 1.70
val acc: 62.88, val loss: 1.74
--------------------------------------------------
time: 1.34s, epoch: 92
train acc: 63.07, train loss: 1.71
val acc: 63.13, val loss: 1.73
--------------------------------------------------
time: 1.35s, epoch: 93
train acc: 63.19, train loss: 1.70
val acc: 63.57, val loss: 1.71

Best Accuracy = 63.57 % at Epoch-93
Saving model after best epoch-93
--------------------------------------------------
time: 1.35s, epoch: 94
train acc: 62.92, train loss: 1.69
val acc: 63.59, val loss: 1.71

Best Accuracy = 63.59 % at Epoch-94
Saving model after best epoch-94
--------------------------------------------------
time: 1.35s, epoch: 95
train acc: 63.51, train loss: 1.68
val acc: 64.08, val loss: 1.70

Best Accuracy = 64.08 % at Epoch-95
Saving model after best epoch-95
--------------------------------------------------
time: 1.34s, epoch: 96
train acc: 63.42, train loss: 1.68
val acc: 63.42, val loss: 1.71
--------------------------------------------------
time: 1.35s, epoch: 97
train acc: 64.06, train loss: 1.67
val acc: 63.63, val loss: 1.71
--------------------------------------------------
time: 1.35s, epoch: 98
train acc: 63.97, train loss: 1.67
val acc: 63.67, val loss: 1.70
--------------------------------------------------
time: 1.35s, epoch: 99
train acc: 63.68, train loss: 1.67
val acc: 64.39, val loss: 1.67

Best Accuracy = 64.39 % at Epoch-99
Saving model after best epoch-99
--------------------------------------------------
time: 1.34s, epoch: 100
train acc: 63.97, train loss: 1.66
val acc: 64.51, val loss: 1.66

Best Accuracy = 64.51 % at Epoch-100
Saving model after best epoch-100

Finished Training Model


Started Evaluating Test

Loaded best model from /scratch/models/code2token/kind/top10_lstm_best.pth
test_set = #7100

Accuracy for classes:
Accuracy for class equals is: 95.05 %
Accuracy for class main is: 86.32 %
Accuracy for class setUp is: 75.84 %
Accuracy for class onCreate is: 67.12 %
Accuracy for class toString is: 74.80 %
Accuracy for class run is: 34.02 %
Accuracy for class hashCode is: 84.94 %
Accuracy for class init is: 21.96 %
Accuracy for class execute is: 28.49 %
Accuracy for class get is: 65.07 %

Overall Accuracy = 62.30 %


Finished Evaluating Test

