device = cuda:0
vocab = #72733
train_set = #27119
val_set = #1803

Started Training Model

--------------------------------------------------
time: 3.31s, epoch: 1
train acc: 10.94, train loss: 5.88
val acc: 3.88, val loss: 6.26

Best Accuracy = 3.88 % at Epoch-1
Saving model after best epoch-1
--------------------------------------------------
time: 3.21s, epoch: 2
train acc: 11.29, train loss: 5.77
val acc: 3.88, val loss: 6.24
--------------------------------------------------
time: 3.16s, epoch: 3
train acc: 11.29, train loss: 5.76
val acc: 3.88, val loss: 6.25
--------------------------------------------------
time: 3.16s, epoch: 4
train acc: 11.29, train loss: 5.75
val acc: 3.88, val loss: 6.24
--------------------------------------------------
time: 3.16s, epoch: 5
train acc: 11.29, train loss: 5.74
val acc: 3.88, val loss: 6.23
--------------------------------------------------
time: 3.16s, epoch: 6
train acc: 11.29, train loss: 5.73
val acc: 3.88, val loss: 6.22
--------------------------------------------------
time: 3.10s, epoch: 7
train acc: 11.29, train loss: 5.72
val acc: 3.88, val loss: 6.22
--------------------------------------------------
time: 3.14s, epoch: 8
train acc: 11.29, train loss: 5.70
val acc: 3.88, val loss: 6.20
--------------------------------------------------
time: 3.10s, epoch: 9
train acc: 11.29, train loss: 5.68
val acc: 3.88, val loss: 6.19
--------------------------------------------------
time: 3.19s, epoch: 10
train acc: 11.32, train loss: 5.64
val acc: 3.88, val loss: 6.18
--------------------------------------------------
time: 3.19s, epoch: 11
train acc: 11.93, train loss: 5.58
val acc: 3.88, val loss: 6.15
--------------------------------------------------
time: 3.25s, epoch: 12
train acc: 16.49, train loss: 5.49
val acc: 5.10, val loss: 6.11

Best Accuracy = 5.10 % at Epoch-12
Saving model after best epoch-12
--------------------------------------------------
time: 3.17s, epoch: 13
train acc: 20.66, train loss: 5.37
val acc: 5.71, val loss: 6.06

Best Accuracy = 5.71 % at Epoch-13
Saving model after best epoch-13
--------------------------------------------------
time: 3.17s, epoch: 14
train acc: 22.06, train loss: 5.27
val acc: 6.38, val loss: 6.01

Best Accuracy = 6.38 % at Epoch-14
Saving model after best epoch-14
--------------------------------------------------
time: 3.15s, epoch: 15
train acc: 22.95, train loss: 5.19
val acc: 7.71, val loss: 5.97

Best Accuracy = 7.71 % at Epoch-15
Saving model after best epoch-15
--------------------------------------------------
time: 3.25s, epoch: 16
train acc: 23.39, train loss: 5.13
val acc: 8.15, val loss: 5.94

Best Accuracy = 8.15 % at Epoch-16
Saving model after best epoch-16
--------------------------------------------------
time: 3.20s, epoch: 17
train acc: 23.73, train loss: 5.06
val acc: 8.99, val loss: 5.91

Best Accuracy = 8.99 % at Epoch-17
Saving model after best epoch-17
--------------------------------------------------
time: 3.17s, epoch: 18
train acc: 24.03, train loss: 5.00
val acc: 9.21, val loss: 5.87

Best Accuracy = 9.21 % at Epoch-18
Saving model after best epoch-18
--------------------------------------------------
time: 3.21s, epoch: 19
train acc: 24.35, train loss: 4.92
val acc: 8.99, val loss: 5.84
--------------------------------------------------
time: 3.17s, epoch: 20
train acc: 25.05, train loss: 4.85
val acc: 9.26, val loss: 5.82

Best Accuracy = 9.26 % at Epoch-20
Saving model after best epoch-20
--------------------------------------------------
time: 3.25s, epoch: 21
train acc: 25.56, train loss: 4.78
val acc: 8.93, val loss: 5.80
--------------------------------------------------
time: 3.15s, epoch: 22
train acc: 26.37, train loss: 4.72
val acc: 9.26, val loss: 5.76
--------------------------------------------------
time: 3.18s, epoch: 23
train acc: 27.01, train loss: 4.66
val acc: 9.43, val loss: 5.75

Best Accuracy = 9.43 % at Epoch-23
Saving model after best epoch-23
--------------------------------------------------
time: 3.21s, epoch: 24
train acc: 28.01, train loss: 4.60
val acc: 9.76, val loss: 5.71

Best Accuracy = 9.76 % at Epoch-24
Saving model after best epoch-24
--------------------------------------------------
time: 3.17s, epoch: 25
train acc: 28.45, train loss: 4.55
val acc: 10.37, val loss: 5.68

Best Accuracy = 10.37 % at Epoch-25
Saving model after best epoch-25
--------------------------------------------------
time: 3.16s, epoch: 26
train acc: 28.94, train loss: 4.50
val acc: 12.09, val loss: 5.63

Best Accuracy = 12.09 % at Epoch-26
Saving model after best epoch-26
--------------------------------------------------
time: 3.16s, epoch: 27
train acc: 29.13, train loss: 4.45
val acc: 12.31, val loss: 5.60

Best Accuracy = 12.31 % at Epoch-27
Saving model after best epoch-27
--------------------------------------------------
time: 3.24s, epoch: 28
train acc: 30.00, train loss: 4.40
val acc: 12.59, val loss: 5.58

Best Accuracy = 12.59 % at Epoch-28
Saving model after best epoch-28
--------------------------------------------------
time: 3.12s, epoch: 29
train acc: 30.48, train loss: 4.35
val acc: 13.42, val loss: 5.55

Best Accuracy = 13.42 % at Epoch-29
Saving model after best epoch-29
--------------------------------------------------
time: 3.13s, epoch: 30
train acc: 31.10, train loss: 4.31
val acc: 13.59, val loss: 5.50

Best Accuracy = 13.59 % at Epoch-30
Saving model after best epoch-30
--------------------------------------------------
time: 3.19s, epoch: 31
train acc: 31.38, train loss: 4.27
val acc: 13.42, val loss: 5.48
--------------------------------------------------
time: 3.15s, epoch: 32
train acc: 32.00, train loss: 4.22
val acc: 13.26, val loss: 5.44
--------------------------------------------------
time: 3.15s, epoch: 33
train acc: 32.22, train loss: 4.18
val acc: 13.20, val loss: 5.42
--------------------------------------------------
time: 3.17s, epoch: 34
train acc: 32.84, train loss: 4.14
val acc: 13.31, val loss: 5.40
--------------------------------------------------
time: 3.24s, epoch: 35
train acc: 33.08, train loss: 4.09
val acc: 13.03, val loss: 5.38
--------------------------------------------------
time: 3.18s, epoch: 36
train acc: 33.52, train loss: 4.05
val acc: 13.09, val loss: 5.37
--------------------------------------------------
time: 3.23s, epoch: 37
train acc: 34.34, train loss: 4.01
val acc: 13.09, val loss: 5.32
--------------------------------------------------
time: 3.18s, epoch: 38
train acc: 34.92, train loss: 3.97
val acc: 13.14, val loss: 5.31
--------------------------------------------------
time: 3.16s, epoch: 39
train acc: 35.61, train loss: 3.92
val acc: 13.03, val loss: 5.29
--------------------------------------------------
time: 3.18s, epoch: 40
train acc: 36.22, train loss: 3.88
val acc: 12.76, val loss: 5.28
--------------------------------------------------
time: 3.19s, epoch: 41
train acc: 37.11, train loss: 3.84
val acc: 12.76, val loss: 5.25
--------------------------------------------------
time: 3.16s, epoch: 42
train acc: 37.60, train loss: 3.80
val acc: 12.76, val loss: 5.24
--------------------------------------------------
time: 3.24s, epoch: 43
train acc: 38.22, train loss: 3.76
val acc: 12.81, val loss: 5.24
--------------------------------------------------
time: 3.15s, epoch: 44
train acc: 38.98, train loss: 3.72
val acc: 13.26, val loss: 5.21
--------------------------------------------------
time: 3.18s, epoch: 45
train acc: 39.58, train loss: 3.68
val acc: 13.03, val loss: 5.20
--------------------------------------------------
time: 3.15s, epoch: 46
train acc: 40.07, train loss: 3.64
val acc: 13.31, val loss: 5.19
--------------------------------------------------
time: 3.16s, epoch: 47
train acc: 40.98, train loss: 3.60
val acc: 13.26, val loss: 5.18
--------------------------------------------------
time: 3.18s, epoch: 48
train acc: 41.48, train loss: 3.57
val acc: 13.70, val loss: 5.16

Best Accuracy = 13.70 % at Epoch-48
Saving model after best epoch-48
--------------------------------------------------
time: 3.17s, epoch: 49
train acc: 42.15, train loss: 3.53
val acc: 15.86, val loss: 5.15

Best Accuracy = 15.86 % at Epoch-49
Saving model after best epoch-49
--------------------------------------------------
time: 3.20s, epoch: 50
train acc: 42.71, train loss: 3.50
val acc: 16.08, val loss: 5.13

Best Accuracy = 16.08 % at Epoch-50
Saving model after best epoch-50
--------------------------------------------------
time: 3.15s, epoch: 51
train acc: 43.16, train loss: 3.47
val acc: 16.47, val loss: 5.12

Best Accuracy = 16.47 % at Epoch-51
Saving model after best epoch-51
--------------------------------------------------
time: 3.30s, epoch: 52
train acc: 43.71, train loss: 3.43
val acc: 17.14, val loss: 5.09

Best Accuracy = 17.14 % at Epoch-52
Saving model after best epoch-52
--------------------------------------------------
time: 3.22s, epoch: 53
train acc: 44.29, train loss: 3.40
val acc: 17.97, val loss: 5.08

Best Accuracy = 17.97 % at Epoch-53
Saving model after best epoch-53
--------------------------------------------------
time: 3.15s, epoch: 54
train acc: 44.60, train loss: 3.38
val acc: 19.19, val loss: 5.09

Best Accuracy = 19.19 % at Epoch-54
Saving model after best epoch-54
--------------------------------------------------
time: 3.18s, epoch: 55
train acc: 44.98, train loss: 3.34
val acc: 19.41, val loss: 5.07

Best Accuracy = 19.41 % at Epoch-55
Saving model after best epoch-55
--------------------------------------------------
time: 3.34s, epoch: 56
train acc: 45.90, train loss: 3.32
val acc: 19.25, val loss: 5.07
--------------------------------------------------
time: 3.21s, epoch: 57
train acc: 46.00, train loss: 3.29
val acc: 20.24, val loss: 5.05

Best Accuracy = 20.24 % at Epoch-57
Saving model after best epoch-57
--------------------------------------------------
time: 3.21s, epoch: 58
train acc: 46.30, train loss: 3.27
val acc: 20.97, val loss: 5.02

Best Accuracy = 20.97 % at Epoch-58
Saving model after best epoch-58
--------------------------------------------------
time: 3.17s, epoch: 59
train acc: 46.82, train loss: 3.24
val acc: 21.35, val loss: 5.01

Best Accuracy = 21.35 % at Epoch-59
Saving model after best epoch-59
--------------------------------------------------
time: 3.19s, epoch: 60
train acc: 47.03, train loss: 3.22
val acc: 21.46, val loss: 5.02

Best Accuracy = 21.46 % at Epoch-60
Saving model after best epoch-60
--------------------------------------------------
time: 3.18s, epoch: 61
train acc: 47.27, train loss: 3.20
val acc: 22.74, val loss: 4.99

Best Accuracy = 22.74 % at Epoch-61
Saving model after best epoch-61
--------------------------------------------------
time: 3.31s, epoch: 62
train acc: 47.70, train loss: 3.17
val acc: 22.96, val loss: 4.99

Best Accuracy = 22.96 % at Epoch-62
Saving model after best epoch-62
--------------------------------------------------
time: 3.26s, epoch: 63
train acc: 48.03, train loss: 3.15
val acc: 23.57, val loss: 4.98

Best Accuracy = 23.57 % at Epoch-63
Saving model after best epoch-63
--------------------------------------------------
time: 3.22s, epoch: 64
train acc: 48.36, train loss: 3.13
val acc: 23.57, val loss: 4.97
--------------------------------------------------
time: 3.29s, epoch: 65
train acc: 48.78, train loss: 3.11
val acc: 23.52, val loss: 4.97
--------------------------------------------------
time: 3.16s, epoch: 66
train acc: 49.02, train loss: 3.09
val acc: 23.74, val loss: 4.93

Best Accuracy = 23.74 % at Epoch-66
Saving model after best epoch-66
--------------------------------------------------
time: 3.37s, epoch: 67
train acc: 49.12, train loss: 3.07
val acc: 23.85, val loss: 4.93

Best Accuracy = 23.85 % at Epoch-67
Saving model after best epoch-67
--------------------------------------------------
time: 3.18s, epoch: 68
train acc: 49.42, train loss: 3.05
val acc: 23.90, val loss: 4.92

Best Accuracy = 23.90 % at Epoch-68
Saving model after best epoch-68
--------------------------------------------------
time: 3.13s, epoch: 69
train acc: 49.71, train loss: 3.03
val acc: 24.02, val loss: 4.92

Best Accuracy = 24.02 % at Epoch-69
Saving model after best epoch-69
--------------------------------------------------
time: 3.12s, epoch: 70
train acc: 50.02, train loss: 3.02
val acc: 24.18, val loss: 4.90

Best Accuracy = 24.18 % at Epoch-70
Saving model after best epoch-70
--------------------------------------------------
time: 3.11s, epoch: 71
train acc: 50.10, train loss: 3.00
val acc: 24.51, val loss: 4.91

Best Accuracy = 24.51 % at Epoch-71
Saving model after best epoch-71
--------------------------------------------------
time: 3.11s, epoch: 72
train acc: 50.37, train loss: 2.98
val acc: 24.24, val loss: 4.91
--------------------------------------------------
time: 3.11s, epoch: 73
train acc: 50.80, train loss: 2.96
val acc: 24.51, val loss: 4.88
--------------------------------------------------
time: 3.22s, epoch: 74
train acc: 50.92, train loss: 2.94
val acc: 24.85, val loss: 4.88

Best Accuracy = 24.85 % at Epoch-74
Saving model after best epoch-74
--------------------------------------------------
time: 3.26s, epoch: 75
train acc: 50.97, train loss: 2.93
val acc: 24.79, val loss: 4.86
--------------------------------------------------
time: 3.25s, epoch: 76
train acc: 51.68, train loss: 2.91
val acc: 24.90, val loss: 4.85

Best Accuracy = 24.90 % at Epoch-76
Saving model after best epoch-76
--------------------------------------------------
time: 3.25s, epoch: 77
train acc: 51.73, train loss: 2.90
val acc: 26.01, val loss: 4.87

Best Accuracy = 26.01 % at Epoch-77
Saving model after best epoch-77
--------------------------------------------------
time: 3.20s, epoch: 78
train acc: 52.03, train loss: 2.88
val acc: 26.07, val loss: 4.82

Best Accuracy = 26.07 % at Epoch-78
Saving model after best epoch-78
--------------------------------------------------
time: 3.16s, epoch: 79
train acc: 52.20, train loss: 2.87
val acc: 25.90, val loss: 4.82
--------------------------------------------------
time: 3.17s, epoch: 80
train acc: 52.55, train loss: 2.85
val acc: 26.84, val loss: 4.80

Best Accuracy = 26.84 % at Epoch-80
Saving model after best epoch-80
--------------------------------------------------
time: 3.27s, epoch: 81
train acc: 52.84, train loss: 2.83
val acc: 26.62, val loss: 4.78
--------------------------------------------------
time: 3.27s, epoch: 82
train acc: 52.92, train loss: 2.82
val acc: 26.84, val loss: 4.77
--------------------------------------------------
time: 3.12s, epoch: 83
train acc: 53.11, train loss: 2.81
val acc: 26.79, val loss: 4.79
--------------------------------------------------
time: 3.19s, epoch: 84
train acc: 53.50, train loss: 2.79
val acc: 27.01, val loss: 4.78

Best Accuracy = 27.01 % at Epoch-84
Saving model after best epoch-84
--------------------------------------------------
time: 3.21s, epoch: 85
train acc: 53.75, train loss: 2.77
val acc: 27.07, val loss: 4.77

Best Accuracy = 27.07 % at Epoch-85
Saving model after best epoch-85
--------------------------------------------------
time: 3.29s, epoch: 86
train acc: 53.81, train loss: 2.76
val acc: 27.34, val loss: 4.79

Best Accuracy = 27.34 % at Epoch-86
Saving model after best epoch-86
--------------------------------------------------
time: 3.21s, epoch: 87
train acc: 54.09, train loss: 2.75
val acc: 27.73, val loss: 4.75

Best Accuracy = 27.73 % at Epoch-87
Saving model after best epoch-87
--------------------------------------------------
time: 3.17s, epoch: 88
train acc: 54.25, train loss: 2.73
val acc: 27.84, val loss: 4.79

Best Accuracy = 27.84 % at Epoch-88
Saving model after best epoch-88
--------------------------------------------------
time: 3.29s, epoch: 89
train acc: 54.32, train loss: 2.72
val acc: 28.06, val loss: 4.76

Best Accuracy = 28.06 % at Epoch-89
Saving model after best epoch-89
--------------------------------------------------
time: 3.18s, epoch: 90
train acc: 54.89, train loss: 2.70
val acc: 27.90, val loss: 4.76
--------------------------------------------------
time: 3.17s, epoch: 91
train acc: 55.07, train loss: 2.69
val acc: 27.90, val loss: 4.75
--------------------------------------------------
time: 3.22s, epoch: 92
train acc: 55.19, train loss: 2.68
val acc: 28.23, val loss: 4.73

Best Accuracy = 28.23 % at Epoch-92
Saving model after best epoch-92
--------------------------------------------------
time: 3.16s, epoch: 93
train acc: 55.57, train loss: 2.66
val acc: 28.06, val loss: 4.75
--------------------------------------------------
time: 3.15s, epoch: 94
train acc: 55.47, train loss: 2.65
val acc: 28.18, val loss: 4.73
--------------------------------------------------
time: 3.19s, epoch: 95
train acc: 55.81, train loss: 2.64
val acc: 27.51, val loss: 4.72
--------------------------------------------------
time: 3.22s, epoch: 96
train acc: 56.01, train loss: 2.62
val acc: 27.68, val loss: 4.72
--------------------------------------------------
time: 3.26s, epoch: 97
train acc: 56.15, train loss: 2.61
val acc: 27.84, val loss: 4.69
--------------------------------------------------
time: 3.16s, epoch: 98
train acc: 56.33, train loss: 2.60
val acc: 28.45, val loss: 4.68

Best Accuracy = 28.45 % at Epoch-98
Saving model after best epoch-98
--------------------------------------------------
time: 3.17s, epoch: 99
train acc: 56.41, train loss: 2.59
val acc: 27.90, val loss: 4.70
--------------------------------------------------
time: 3.16s, epoch: 100
train acc: 56.77, train loss: 2.57
val acc: 27.90, val loss: 4.69

Finished Training Model


Started Evaluating Test

Loaded best model from /scratch/models/code2token/literal/top50_lstm_best.pth
test_set = #4265

Accuracy for classes:
Accuracy for class accept is: 0.00 %
Accuracy for class actionPerformed is: 0.00 %
Accuracy for class add is: 2.60 %
Accuracy for class apply is: 0.00 %
Accuracy for class build is: 0.00 %
Accuracy for class clear is: 33.33 %
Accuracy for class clone is: 30.00 %
Accuracy for class close is: 45.91 %
Accuracy for class compare is: 39.53 %
Accuracy for class compareTo is: 55.06 %
Accuracy for class configure is: 0.00 %
Accuracy for class create is: 26.92 %
Accuracy for class deploy is: 0.00 %
Accuracy for class destroy is: 0.00 %
Accuracy for class dispose is: 100.00 %
Accuracy for class doFix is: 0.00 %
Accuracy for class doTest is: 0.00 %
Accuracy for class equals is: 98.26 %
Accuracy for class execute is: 55.56 %
Accuracy for class foo is: 0.00 %
Accuracy for class get is: 34.21 %
Accuracy for class getModelAttributes is: 0.00 %
Accuracy for class getName is: 66.67 %
Accuracy for class hashCode is: 80.84 %
Accuracy for class init is: 2.99 %
Accuracy for class initData is: 0.00 %
Accuracy for class invoke is: 27.27 %
Accuracy for class isAvailable is: 16.67 %
Accuracy for class main is: 22.57 %
Accuracy for class parse is: 0.00 %
Accuracy for class process is: 0.00 %
Accuracy for class read is: 25.00 %
Accuracy for class readExternal is: 0.00 %
Accuracy for class readFrom is: 0.00 %
Accuracy for class remove is: 8.00 %
Accuracy for class removeAll is: 0.00 %
Accuracy for class reset is: 10.47 %
Accuracy for class run is: 18.22 %
Accuracy for class setUp is: 80.00 %
Accuracy for class setup is: 3.76 %
Accuracy for class start is: 0.00 %
Accuracy for class stop is: 10.71 %
Accuracy for class tearDown is: 70.11 %
Accuracy for class test is: 0.00 %
Accuracy for class toString is: 89.11 %
Accuracy for class update is: 5.56 %
Accuracy for class validate is: 10.00 %
Accuracy for class write is: 0.00 %
Accuracy for class writeExternal is: 0.00 %
Accuracy for class writeTo is: 16.67 %

Overall Accuracy = 45.65 %


Finished Evaluating Test

